<?xml version="1.0" encoding="UTF-8"?>
<testsuites name="Maya Home" time="411.741" tests="13" failures="2" errors="0">
   <testsuite name="Maya Home" tests="13" failures="2" errors="0" time="411.741" skipped="0" timestamp="2022-05-17 11:01:54" hostname="vinayeddla - localhost" id="Test Suites/Maya Home">
      <properties>
         <property name="deviceName" value="samsung SM-G960F (Android 10)"/>
         <property name="devicePlatform" value=""/>
         <property name="logFolder" value="/Users/vinayeddla/git/MAYA-Home/Reports/20220517_110143/Maya Home/20220517_110144"/>
         <property name="logFiles" value="/Users/vinayeddla/git/MAYA-Home/Reports/20220517_110143/Maya Home/20220517_110144/execution0.log, /Users/vinayeddla/git/MAYA-Home/Reports/20220517_110143/Maya Home/20220517_110144/appium.log"/>
         <property name="attachments" value=""/>
         <property name="hostName" value="vinayeddla - localhost"/>
         <property name="os" value="Mac OS X 64bit"/>
         <property name="appiumServerStatus" value="{&quot;value&quot;:{&quot;build&quot;:{&quot;version&quot;:&quot;1.22.3&quot;}},&quot;sessionId&quot;:null,&quot;status&quot;:0}"/>
         <property name="katalonVersion" value="8.2.0.208"/>
         <property name="deviceOS" value="Android"/>
         <property name="appiumVersion" value="1.22.3"/>
         <property name="deviceModel" value="SM-G960F"/>
         <property name="hostAddress" value="127.0.0.1"/>
         <property name="deviceManufacturer" value="samsung"/>
         <property name="deviceId" value="225ac1ea21057ece"/>
         <property name="deviceName" value="samsung SM-G960F (Android 10)"/>
         <property name="deviceOSVersion" value="10"/>
      </properties>
      <testcase name="Test Cases/MayaHome/MH_Homepage" time="44.677" classname="Test Cases/MayaHome/MH_Homepage" status="PASSED">
         <system-out><![CDATA[2022-05-17 11:01:54 - [TEST_CASE][PASSED] - Test Cases/MayaHome/MH_Homepage: Test Cases/MayaHome/MH_Homepage

2022-05-17 11:01:54 - [TEST_STEP][PASSED] - startApplication(appPathSIT, false): Started app at: '/Users/vinayeddla/Desktop/MAE/app-sit-universal-release.apk'

2022-05-17 11:01:55 - [MESSAGE][INFO] - User set preference: ['appWaitActivity', '*']

2022-05-17 11:01:55 - [MESSAGE][INFO] - User set preference: ['deviceId', '225ac1ea21057ece']

2022-05-17 11:01:55 - [MESSAGE][INFO] - Appium server started on port 49,824

2022-05-17 11:02:06 - [MESSAGE][PASSED] - Started app at: '/Users/vinayeddla/Desktop/MAE/app-sit-universal-release.apk'

2022-05-17 11:02:06 - [TEST_STEP][PASSED] - tap(findTestObject("MayaHome/mayahome - MobileSpy 1/dashboard - more3dotsBtn"), 0, CONTINUE_ON_FAILURE): Tapped on element 'Object Repository/MayaHome/mayahome - MobileSpy 1/dashboard - more3dotsBtn'

2022-05-17 11:02:06 - [MESSAGE][WARNING] - Timeout '0' is invalid. Using default page load timeout: '20'

2022-05-17 11:02:11 - [MESSAGE][PASSED] - Tapped on element 'Object Repository/MayaHome/mayahome - MobileSpy 1/dashboard - more3dotsBtn'

2022-05-17 11:02:11 - [TEST_STEP][PASSED] - delay(3): Delayed 3 second(s)

2022-05-17 11:02:14 - [MESSAGE][PASSED] - Delayed 3 second(s)

2022-05-17 11:02:14 - [TEST_STEP][PASSED] - tap(findTestObject("MayaHome/mayahome - MobileSpy 3/home2u - Btn"), 0): Tapped on element 'Object Repository/MayaHome/mayahome - MobileSpy 3/home2u - Btn'

2022-05-17 11:02:14 - [MESSAGE][WARNING] - Timeout '0' is invalid. Using default page load timeout: '20'

2022-05-17 11:02:18 - [MESSAGE][PASSED] - Tapped on element 'Object Repository/MayaHome/mayahome - MobileSpy 3/home2u - Btn'

2022-05-17 11:02:18 - [TEST_STEP][PASSED] - if (verifyElementVisible(findTestObject("Login Onboarding/onboardWelcomeSkipBtn"), 0, OPTIONAL)): Element 'Object Repository/Login Onboarding/onboardWelcomeSkipBtn' not found

2022-05-17 11:02:18 - [MESSAGE][WARNING] - Timeout '0' is invalid. Using default page load timeout: '20'

2022-05-17 11:02:38 - [MESSAGE][WARNING] - Element 'Object Repository/Login Onboarding/onboardWelcomeSkipBtn' not found

2022-05-17 11:02:38 - [TEST_STEP][PASSED] - else: null

2022-05-17 11:02:38 - [TEST_STEP][PASSED] - verifyElementVisible(findTestObject("MayaHome/mayahome - MobileSpy 6/property - Header"), 0, CONTINUE_ON_FAILURE): Element 'Object Repository/MayaHome/mayahome - MobileSpy 6/property - Header' is visible

2022-05-17 11:02:38 - [MESSAGE][WARNING] - Timeout '0' is invalid. Using default page load timeout: '20'

2022-05-17 11:02:38 - [MESSAGE][PASSED] - Element 'Object Repository/MayaHome/mayahome - MobileSpy 6/property - Header' is visible

2022-05-17 11:02:38 - [TEST_STEP][PASSED] - verifyElementVisible(findTestObject("MayaHome/mayahome - MobileSpy 6/discover - Header"), 0, CONTINUE_ON_FAILURE): Element 'Object Repository/MayaHome/mayahome - MobileSpy 6/discover - Header' is visible

2022-05-17 11:02:38 - [MESSAGE][WARNING] - Timeout '0' is invalid. Using default page load timeout: '20'

2022-05-17 11:02:39 - [MESSAGE][PASSED] - Element 'Object Repository/MayaHome/mayahome - MobileSpy 6/discover - Header' is visible]]></system-out>
         <system-err><![CDATA[]]></system-err>
      </testcase>
      <testcase name="Test Cases/MayaHome/MH_SearchProperties_01" time="9.775" classname="Test Cases/MayaHome/MH_SearchProperties_01" status="PASSED">
         <system-out><![CDATA[2022-05-17 11:02:39 - [TEST_CASE][PASSED] - Test Cases/MayaHome/MH_SearchProperties_01: Test Cases/MayaHome/MH_SearchProperties_01

2022-05-17 11:02:39 - [TEST_STEP][PASSED] - tap(findTestObject("MayaHome/mayahome - MobileSpy 1/Search properties - Txtfield"), 0): Tapped on element 'Object Repository/MayaHome/mayahome - MobileSpy 1/Search properties - Txtfield'

2022-05-17 11:02:39 - [MESSAGE][WARNING] - Timeout '0' is invalid. Using default page load timeout: '20'

2022-05-17 11:02:40 - [MESSAGE][PASSED] - Tapped on element 'Object Repository/MayaHome/mayahome - MobileSpy 1/Search properties - Txtfield'

2022-05-17 11:02:40 - [TEST_STEP][PASSED] - setText(findTestObject("MayaHome/mayahome - MobileSpy 1/searchproperties - editTxt"), "!@#$", 0): Text '!@#$' has been set to element 'Object Repository/MayaHome/mayahome - MobileSpy 1/searchproperties - editTxt'

2022-05-17 11:02:40 - [MESSAGE][WARNING] - Timeout '0' is invalid. Using default page load timeout: '20'

2022-05-17 11:02:42 - [MESSAGE][PASSED] - Text '!@#$' has been set to element 'Object Repository/MayaHome/mayahome - MobileSpy 1/searchproperties - editTxt'

2022-05-17 11:02:42 - [TEST_STEP][PASSED] - hideKeyboard(): Keyboard is hidden

2022-05-17 11:02:43 - [MESSAGE][PASSED] - Keyboard is hidden

2022-05-17 11:02:43 - [TEST_STEP][PASSED] - setText(findTestObject("MayaHome/mayahome - MobileSpy 1/searchproperties - editTxt"), "12345", 0): Text '12345' has been set to element 'Object Repository/MayaHome/mayahome - MobileSpy 1/searchproperties - editTxt'

2022-05-17 11:02:43 - [MESSAGE][WARNING] - Timeout '0' is invalid. Using default page load timeout: '20'

2022-05-17 11:02:46 - [MESSAGE][PASSED] - Text '12345' has been set to element 'Object Repository/MayaHome/mayahome - MobileSpy 1/searchproperties - editTxt'

2022-05-17 11:02:46 - [TEST_STEP][PASSED] - hideKeyboard(): Keyboard is hidden

2022-05-17 11:02:47 - [MESSAGE][PASSED] - Keyboard is hidden

2022-05-17 11:02:47 - [TEST_STEP][PASSED] - setText(findTestObject("MayaHome/mayahome - MobileSpy 1/searchproperties - editTxt"), "Resi", 0): Text 'Resi' has been set to element 'Object Repository/MayaHome/mayahome - MobileSpy 1/searchproperties - editTxt'

2022-05-17 11:02:47 - [MESSAGE][WARNING] - Timeout '0' is invalid. Using default page load timeout: '20'

2022-05-17 11:02:48 - [MESSAGE][PASSED] - Text 'Resi' has been set to element 'Object Repository/MayaHome/mayahome - MobileSpy 1/searchproperties - editTxt'

2022-05-17 11:02:48 - [TEST_STEP][PASSED] - hideKeyboard(): Keyboard is hidden

2022-05-17 11:02:48 - [MESSAGE][PASSED] - Keyboard is hidden

2022-05-17 11:02:48 - [TEST_STEP][PASSED] - waitForElementPresent(findTestObject("MayaHome/mayahome - MobileSpy 2/propertyDisplayCard - Frame"), 0): Element 'Object Repository/MayaHome/mayahome - MobileSpy 2/propertyDisplayCard - Frame' is present

2022-05-17 11:02:48 - [MESSAGE][WARNING] - Timeout '0' is invalid. Using default page load timeout: '20'

2022-05-17 11:02:48 - [MESSAGE][PASSED] - Element 'Object Repository/MayaHome/mayahome - MobileSpy 2/propertyDisplayCard - Frame' is present

2022-05-17 11:02:48 - [TEST_STEP][PASSED] - verifyElementVisible(findTestObject("MayaHome/mayahome - MobileSpy 2/propertyDisplayCard - Frame"), 0, CONTINUE_ON_FAILURE): Element 'Object Repository/MayaHome/mayahome - MobileSpy 2/propertyDisplayCard - Frame' is visible

2022-05-17 11:02:48 - [MESSAGE][WARNING] - Timeout '0' is invalid. Using default page load timeout: '20'

2022-05-17 11:02:49 - [MESSAGE][PASSED] - Element 'Object Repository/MayaHome/mayahome - MobileSpy 2/propertyDisplayCard - Frame' is visible]]></system-out>
         <system-err><![CDATA[]]></system-err>
      </testcase>
      <testcase name="Test Cases/MayaHome/MH_SearchProperties_02" time="12.187" classname="Test Cases/MayaHome/MH_SearchProperties_02" status="PASSED">
         <system-out><![CDATA[2022-05-17 11:02:49 - [TEST_CASE][PASSED] - Test Cases/MayaHome/MH_SearchProperties_02: Test Cases/MayaHome/MH_SearchProperties_02

2022-05-17 11:02:49 - [TEST_STEP][PASSED] - setText(findTestObject("MayaHome/mayahome - MobileSpy 1/searchproperties - editTxt"), findTestData("propertyDetails").getValue(3, 1), 0): Text 'Kinabalu Residence' has been set to element 'Object Repository/MayaHome/mayahome - MobileSpy 1/searchproperties - editTxt'

2022-05-17 11:02:49 - [MESSAGE][WARNING] - Timeout '0' is invalid. Using default page load timeout: '20'

2022-05-17 11:02:52 - [MESSAGE][PASSED] - Text 'Kinabalu Residence' has been set to element 'Object Repository/MayaHome/mayahome - MobileSpy 1/searchproperties - editTxt'

2022-05-17 11:02:52 - [TEST_STEP][PASSED] - hideKeyboard(): Keyboard is hidden

2022-05-17 11:02:52 - [MESSAGE][PASSED] - Keyboard is hidden

2022-05-17 11:02:52 - [TEST_STEP][PASSED] - delay(2, STOP_ON_FAILURE): Delayed 2 second(s)

2022-05-17 11:02:54 - [MESSAGE][PASSED] - Delayed 2 second(s)

2022-05-17 11:02:54 - [TEST_STEP][PASSED] - waitForElementPresent(findTestObject("MayaHome/mayahome - MobileSpy 2/propertyDisplayCard - Frame"), 0): Element 'Object Repository/MayaHome/mayahome - MobileSpy 2/propertyDisplayCard - Frame' is present

2022-05-17 11:02:54 - [MESSAGE][WARNING] - Timeout '0' is invalid. Using default page load timeout: '20'

2022-05-17 11:02:56 - [MESSAGE][PASSED] - Element 'Object Repository/MayaHome/mayahome - MobileSpy 2/propertyDisplayCard - Frame' is present

2022-05-17 11:02:56 - [TEST_STEP][PASSED] - verifyElementVisible(findTestObject("MayaHome/mayahome - MobileSpy 2/propertyDisplayCard - Frame"), 0, CONTINUE_ON_FAILURE): Element 'Object Repository/MayaHome/mayahome - MobileSpy 2/propertyDisplayCard - Frame' is visible

2022-05-17 11:02:56 - [MESSAGE][WARNING] - Timeout '0' is invalid. Using default page load timeout: '20'

2022-05-17 11:02:56 - [MESSAGE][PASSED] - Element 'Object Repository/MayaHome/mayahome - MobileSpy 2/propertyDisplayCard - Frame' is visible

2022-05-17 11:02:56 - [TEST_STEP][PASSED] - doubleTap(findTestObject("MayaHome/mayahome - MobileSpy 2/propertyDisplayCard - Frame"), 0): Double tapped on element 'Object Repository/MayaHome/mayahome - MobileSpy 2/propertyDisplayCard - Frame'

2022-05-17 11:02:56 - [MESSAGE][WARNING] - Timeout '0' is invalid. Using default page load timeout: '20'

2022-05-17 11:02:58 - [MESSAGE][PASSED] - Double tapped on element 'Object Repository/MayaHome/mayahome - MobileSpy 2/propertyDisplayCard - Frame'

2022-05-17 11:02:58 - [TEST_STEP][PASSED] - delay(3, STOP_ON_FAILURE): Delayed 3 second(s)

2022-05-17 11:03:01 - [MESSAGE][PASSED] - Delayed 3 second(s)]]></system-out>
         <system-err><![CDATA[]]></system-err>
      </testcase>
      <testcase name="Test Cases/MayaHome/MH_PropertyView" time="39.466" classname="Test Cases/MayaHome/MH_PropertyView" status="PASSED">
         <system-out><![CDATA[2022-05-17 11:03:01 - [TEST_CASE][PASSED] - Test Cases/MayaHome/MH_PropertyView: Test Cases/MayaHome/MH_PropertyView

2022-05-17 11:03:01 - [TEST_STEP][PASSED] - verifyElementVisible(findTestObject("MayaHome/mayahome - MobileSpy 6/propertyName - Txt"), 0, CONTINUE_ON_FAILURE): Element 'Object Repository/MayaHome/mayahome - MobileSpy 6/propertyName - Txt' is visible

2022-05-17 11:03:01 - [MESSAGE][WARNING] - Timeout '0' is invalid. Using default page load timeout: '20'

2022-05-17 11:03:02 - [MESSAGE][PASSED] - Element 'Object Repository/MayaHome/mayahome - MobileSpy 6/propertyName - Txt' is visible

2022-05-17 11:03:02 - [TEST_STEP][PASSED] - propertyName = getText(findTestObject("MayaHome/mayahome - MobileSpy 6/propertyName - Txt"), 0): Text of element 'Object Repository/MayaHome/mayahome - MobileSpy 6/propertyName - Txt' is: 'Kinabalu Residence'

2022-05-17 11:03:02 - [MESSAGE][WARNING] - Timeout '0' is invalid. Using default page load timeout: '20'

2022-05-17 11:03:02 - [MESSAGE][PASSED] - Text of element 'Object Repository/MayaHome/mayahome - MobileSpy 6/propertyName - Txt' is: 'Kinabalu Residence'

2022-05-17 11:03:02 - [TEST_STEP][PASSED] - verifyElementVisible(findTestObject("MayaHome/mayahome - MobileSpy 6/propertyPrice - Txt"), 0, CONTINUE_ON_FAILURE): Element 'Object Repository/MayaHome/mayahome - MobileSpy 6/propertyPrice - Txt' is visible

2022-05-17 11:03:02 - [MESSAGE][WARNING] - Timeout '0' is invalid. Using default page load timeout: '20'

2022-05-17 11:03:02 - [MESSAGE][PASSED] - Element 'Object Repository/MayaHome/mayahome - MobileSpy 6/propertyPrice - Txt' is visible

2022-05-17 11:03:02 - [TEST_STEP][PASSED] - propertyPrice = getText(findTestObject("MayaHome/mayahome - MobileSpy 6/propertyPrice - Txt"), 0): Text of element 'Object Repository/MayaHome/mayahome - MobileSpy 6/propertyPrice - Txt' is: 'RM 100,000 - RM 650,000'

2022-05-17 11:03:02 - [MESSAGE][WARNING] - Timeout '0' is invalid. Using default page load timeout: '20'

2022-05-17 11:03:02 - [MESSAGE][PASSED] - Text of element 'Object Repository/MayaHome/mayahome - MobileSpy 6/propertyPrice - Txt' is: 'RM 100,000 - RM 650,000'

2022-05-17 11:03:02 - [TEST_STEP][PASSED] - verifyElementVisible(findTestObject("MayaHome/mayahome - MobileSpy 6/propertySize - Txt"), 0, CONTINUE_ON_FAILURE): Element 'Object Repository/MayaHome/mayahome - MobileSpy 6/propertySize - Txt' is visible

2022-05-17 11:03:02 - [MESSAGE][WARNING] - Timeout '0' is invalid. Using default page load timeout: '20'

2022-05-17 11:03:03 - [MESSAGE][PASSED] - Element 'Object Repository/MayaHome/mayahome - MobileSpy 6/propertySize - Txt' is visible

2022-05-17 11:03:03 - [TEST_STEP][PASSED] - propertySize = getText(findTestObject("MayaHome/mayahome - MobileSpy 6/propertySize - Txt"), 0): Text of element 'Object Repository/MayaHome/mayahome - MobileSpy 6/propertySize - Txt' is: '1235 - 1821 sqft'

2022-05-17 11:03:03 - [MESSAGE][WARNING] - Timeout '0' is invalid. Using default page load timeout: '20'

2022-05-17 11:03:03 - [MESSAGE][PASSED] - Text of element 'Object Repository/MayaHome/mayahome - MobileSpy 6/propertySize - Txt' is: '1235 - 1821 sqft'

2022-05-17 11:03:03 - [TEST_STEP][PASSED] - verifyElementVisible(findTestObject("MayaHome/mayahome - MobileSpy 6/unitType - txt"), 0, CONTINUE_ON_FAILURE): Element 'Object Repository/MayaHome/mayahome - MobileSpy 6/unitType - txt' is visible

2022-05-17 11:03:03 - [MESSAGE][WARNING] - Timeout '0' is invalid. Using default page load timeout: '20'

2022-05-17 11:03:03 - [MESSAGE][PASSED] - Element 'Object Repository/MayaHome/mayahome - MobileSpy 6/unitType - txt' is visible

2022-05-17 11:03:03 - [TEST_STEP][PASSED] - unitType = getText(findTestObject("MayaHome/mayahome - MobileSpy 6/unitType - txt"), 0): Text of element 'Object Repository/MayaHome/mayahome - MobileSpy 6/unitType - txt' is: 'Semi-detached
SOHO - Small Office Home Office
SOFO  - Small Office Virtual Office
Service Apartment
Terrace / Link
Detached / Bungalow
Townhouse
Condominium'

2022-05-17 11:03:03 - [MESSAGE][WARNING] - Timeout '0' is invalid. Using default page load timeout: '20'

2022-05-17 11:03:04 - [MESSAGE][PASSED] - Text of element 'Object Repository/MayaHome/mayahome - MobileSpy 6/unitType - txt' is: 'Semi-detached
SOHO - Small Office Home Office
SOFO  - Small Office Virtual Office
Service Apartment
Terrace / Link
Detached / Bungalow
Townhouse
Condominium'

2022-05-17 11:03:04 - [TEST_STEP][PASSED] - tap(findTestObject("MayaHome/mayahome - MobileSpy 9/3dotsTopRightCorner - Btn"), 0, STOP_ON_FAILURE): Tapped on element 'Object Repository/MayaHome/mayahome - MobileSpy 9/3dotsTopRightCorner - Btn'

2022-05-17 11:03:04 - [MESSAGE][WARNING] - Timeout '0' is invalid. Using default page load timeout: '20'

2022-05-17 11:03:04 - [MESSAGE][PASSED] - Tapped on element 'Object Repository/MayaHome/mayahome - MobileSpy 9/3dotsTopRightCorner - Btn'

2022-05-17 11:03:04 - [TEST_STEP][PASSED] - tap(findTestObject("MayaHome/mayahome - MobileSpy 9/sharePropertyLink - Btn"), 0, STOP_ON_FAILURE): Tapped on element 'Object Repository/MayaHome/mayahome - MobileSpy 9/sharePropertyLink - Btn'

2022-05-17 11:03:04 - [MESSAGE][WARNING] - Timeout '0' is invalid. Using default page load timeout: '20'

2022-05-17 11:03:06 - [MESSAGE][PASSED] - Tapped on element 'Object Repository/MayaHome/mayahome - MobileSpy 9/sharePropertyLink - Btn'

2022-05-17 11:03:06 - [TEST_STEP][PASSED] - delay(3): Delayed 3 second(s)

2022-05-17 11:03:09 - [MESSAGE][PASSED] - Delayed 3 second(s)

2022-05-17 11:03:09 - [TEST_STEP][PASSED] - pressBack(STOP_ON_FAILURE): Press back button successfully

2022-05-17 11:03:09 - [MESSAGE][PASSED] - Press back button successfully

2022-05-17 11:03:09 - [TEST_STEP][PASSED] - delay(2): Delayed 2 second(s)

2022-05-17 11:03:11 - [MESSAGE][PASSED] - Delayed 2 second(s)

2022-05-17 11:03:11 - [TEST_STEP][PASSED] - tap(findTestObject("MayaHome/mayahome - MobileSpy 9/bookmarkProperty - Btn"), 0, STOP_ON_FAILURE): Tapped on element 'Object Repository/MayaHome/mayahome - MobileSpy 9/bookmarkProperty - Btn'

2022-05-17 11:03:11 - [MESSAGE][WARNING] - Timeout '0' is invalid. Using default page load timeout: '20'

2022-05-17 11:03:11 - [MESSAGE][PASSED] - Tapped on element 'Object Repository/MayaHome/mayahome - MobileSpy 9/bookmarkProperty - Btn'

2022-05-17 11:03:11 - [TEST_STEP][PASSED] - delay(3): Delayed 3 second(s)

2022-05-17 11:03:14 - [MESSAGE][PASSED] - Delayed 3 second(s)

2022-05-17 11:03:14 - [TEST_STEP][PASSED] - tap(findTestObject("MayaHome/mayahome - MobileSpy 9/bookmarkProperty - Btn"), 0, STOP_ON_FAILURE): Tapped on element 'Object Repository/MayaHome/mayahome - MobileSpy 9/bookmarkProperty - Btn'

2022-05-17 11:03:14 - [MESSAGE][WARNING] - Timeout '0' is invalid. Using default page load timeout: '20'

2022-05-17 11:03:15 - [MESSAGE][PASSED] - Tapped on element 'Object Repository/MayaHome/mayahome - MobileSpy 9/bookmarkProperty - Btn'

2022-05-17 11:03:15 - [TEST_STEP][PASSED] - delay(2): Delayed 2 second(s)

2022-05-17 11:03:17 - [MESSAGE][PASSED] - Delayed 2 second(s)

2022-05-17 11:03:17 - [TEST_STEP][PASSED] - tap(findTestObject("MayaHome/mayahome - MobileSpy 9/gpsLocatorLink - Btn"), 0, STOP_ON_FAILURE): Tapped on element 'Object Repository/MayaHome/mayahome - MobileSpy 9/gpsLocatorLink - Btn'

2022-05-17 11:03:17 - [MESSAGE][WARNING] - Timeout '0' is invalid. Using default page load timeout: '20'

2022-05-17 11:03:17 - [MESSAGE][PASSED] - Tapped on element 'Object Repository/MayaHome/mayahome - MobileSpy 9/gpsLocatorLink - Btn'

2022-05-17 11:03:17 - [TEST_STEP][PASSED] - delay(3): Delayed 3 second(s)

2022-05-17 11:03:20 - [MESSAGE][PASSED] - Delayed 3 second(s)

2022-05-17 11:03:20 - [TEST_STEP][PASSED] - pressBack(STOP_ON_FAILURE): Press back button successfully

2022-05-17 11:03:21 - [MESSAGE][PASSED] - Press back button successfully

2022-05-17 11:03:21 - [TEST_STEP][PASSED] - scrollToText("Unit Types"): Scrolling to text 'Unit Types' successfully

2022-05-17 11:03:27 - [MESSAGE][PASSED] - Scrolling to text 'Unit Types' successfully

2022-05-17 11:03:27 - [TEST_STEP][PASSED] - verifyElementVisible(findTestObject("MayaHome/mayahome - MobileSpy 6/unitType - Header"), 0, CONTINUE_ON_FAILURE): Element 'Object Repository/MayaHome/mayahome - MobileSpy 6/unitType - Header' is visible

2022-05-17 11:03:27 - [MESSAGE][WARNING] - Timeout '0' is invalid. Using default page load timeout: '20'

2022-05-17 11:03:28 - [MESSAGE][PASSED] - Element 'Object Repository/MayaHome/mayahome - MobileSpy 6/unitType - Header' is visible

2022-05-17 11:03:28 - [TEST_STEP][PASSED] - verifyElementVisible(findTestObject("MayaHome/mayahome - MobileSpy 6/unitTypeVisualCard1 - Img"), 0, CONTINUE_ON_FAILURE): Element 'Object Repository/MayaHome/mayahome - MobileSpy 6/unitTypeVisualCard1 - Img' is visible

2022-05-17 11:03:28 - [MESSAGE][WARNING] - Timeout '0' is invalid. Using default page load timeout: '20'

2022-05-17 11:03:28 - [MESSAGE][PASSED] - Element 'Object Repository/MayaHome/mayahome - MobileSpy 6/unitTypeVisualCard1 - Img' is visible

2022-05-17 11:03:28 - [TEST_STEP][PASSED] - scrollToText("Check Eligibility"): Scrolling to text 'Check Eligibility' successfully

2022-05-17 11:03:39 - [MESSAGE][PASSED] - Scrolling to text 'Check Eligibility' successfully

2022-05-17 11:03:39 - [TEST_STEP][PASSED] - verifyElementVisible(findTestObject("MayaHome/mayahome - MobileSpy 6/developer - Header"), 0, CONTINUE_ON_FAILURE): Element 'Object Repository/MayaHome/mayahome - MobileSpy 6/developer - Header' is visible

2022-05-17 11:03:39 - [MESSAGE][WARNING] - Timeout '0' is invalid. Using default page load timeout: '20'

2022-05-17 11:03:39 - [MESSAGE][PASSED] - Element 'Object Repository/MayaHome/mayahome - MobileSpy 6/developer - Header' is visible

2022-05-17 11:03:39 - [TEST_STEP][PASSED] - verifyElementVisible(findTestObject("MayaHome/mayahome - MobileSpy 6/developerNameCEscreen - Txt"), 0, CONTINUE_ON_FAILURE): Element 'Object Repository/MayaHome/mayahome - MobileSpy 6/developerNameCEscreen - Txt' is visible

2022-05-17 11:03:39 - [MESSAGE][WARNING] - Timeout '0' is invalid. Using default page load timeout: '20'

2022-05-17 11:03:39 - [MESSAGE][PASSED] - Element 'Object Repository/MayaHome/mayahome - MobileSpy 6/developerNameCEscreen - Txt' is visible

2022-05-17 11:03:39 - [TEST_STEP][PASSED] - developerName = getText(findTestObject("MayaHome/mayahome - MobileSpy 6/developerNameCEscreen - Txt"), 0): Text of element 'Object Repository/MayaHome/mayahome - MobileSpy 6/developerNameCEscreen - Txt' is: 'Eco World'

2022-05-17 11:03:39 - [MESSAGE][WARNING] - Timeout '0' is invalid. Using default page load timeout: '20'

2022-05-17 11:03:40 - [MESSAGE][PASSED] - Text of element 'Object Repository/MayaHome/mayahome - MobileSpy 6/developerNameCEscreen - Txt' is: 'Eco World'

2022-05-17 11:03:40 - [TEST_STEP][PASSED] - println("Property Name: " + propertyName): null

2022-05-17 11:03:40 - [TEST_STEP][PASSED] - println("Property Price: " + propertyPrice): null

2022-05-17 11:03:40 - [TEST_STEP][PASSED] - println("Property Size: " + propertySize): null

2022-05-17 11:03:40 - [TEST_STEP][PASSED] - println("Unit Type: " + unitType): null

2022-05-17 11:03:40 - [TEST_STEP][PASSED] - println("Developer Name" + developerName): null

2022-05-17 11:03:40 - [TEST_STEP][PASSED] - tap(findTestObject("MayaHome/mayahome - MobileSpy 1/checkeligibility - Btn"), 0): Tapped on element 'Object Repository/MayaHome/mayahome - MobileSpy 1/checkeligibility - Btn'

2022-05-17 11:03:40 - [MESSAGE][WARNING] - Timeout '0' is invalid. Using default page load timeout: '20'

2022-05-17 11:03:40 - [MESSAGE][PASSED] - Tapped on element 'Object Repository/MayaHome/mayahome - MobileSpy 1/checkeligibility - Btn']]></system-out>
         <system-err><![CDATA[]]></system-err>
      </testcase>
      <testcase name="Test Cases/MayaHome/MH_AgreementCheck" time="36.378" classname="Test Cases/MayaHome/MH_AgreementCheck" status="PASSED">
         <system-out><![CDATA[2022-05-17 11:03:40 - [TEST_CASE][PASSED] - Test Cases/MayaHome/MH_AgreementCheck: Test Cases/MayaHome/MH_AgreementCheck

2022-05-17 11:03:40 - [TEST_STEP][PASSED] - if (verifyElementExist(findTestObject("MayaHome/mayahome - MobileSpy 2/header6DigitPin - Txt"), 0, OPTIONAL)): null

2022-05-17 11:03:41 - [MESSAGE][WARNING] - Timeout '0' is invalid. Using default page load timeout: '20'

2022-05-17 11:03:42 - [MESSAGE][PASSED] - Element 'Object Repository/MayaHome/mayahome - MobileSpy 2/header6DigitPin - Txt' is exist

2022-05-17 11:03:42 - [TEST_STEP][PASSED] - tap(findTestObject("MayaHome/mayahome - MobileSpy 1/pinlogin - 1"), 0): Tapped on element 'Object Repository/MayaHome/mayahome - MobileSpy 1/pinlogin - 1'

2022-05-17 11:03:42 - [MESSAGE][WARNING] - Timeout '0' is invalid. Using default page load timeout: '20'

2022-05-17 11:03:42 - [MESSAGE][PASSED] - Tapped on element 'Object Repository/MayaHome/mayahome - MobileSpy 1/pinlogin - 1'

2022-05-17 11:03:42 - [TEST_STEP][PASSED] - tap(findTestObject("MayaHome/mayahome - MobileSpy 1/pinlogin - 2"), 0): Tapped on element 'Object Repository/MayaHome/mayahome - MobileSpy 1/pinlogin - 2'

2022-05-17 11:03:42 - [MESSAGE][WARNING] - Timeout '0' is invalid. Using default page load timeout: '20'

2022-05-17 11:03:44 - [MESSAGE][PASSED] - Tapped on element 'Object Repository/MayaHome/mayahome - MobileSpy 1/pinlogin - 2'

2022-05-17 11:03:44 - [TEST_STEP][PASSED] - tap(findTestObject("MayaHome/mayahome - MobileSpy 1/pinlogin - 3"), 0): Tapped on element 'Object Repository/MayaHome/mayahome - MobileSpy 1/pinlogin - 3'

2022-05-17 11:03:44 - [MESSAGE][WARNING] - Timeout '0' is invalid. Using default page load timeout: '20'

2022-05-17 11:03:46 - [MESSAGE][PASSED] - Tapped on element 'Object Repository/MayaHome/mayahome - MobileSpy 1/pinlogin - 3'

2022-05-17 11:03:46 - [TEST_STEP][PASSED] - tap(findTestObject("MayaHome/mayahome - MobileSpy 1/pinlogin - 4"), 0): Tapped on element 'Object Repository/MayaHome/mayahome - MobileSpy 1/pinlogin - 4'

2022-05-17 11:03:46 - [MESSAGE][WARNING] - Timeout '0' is invalid. Using default page load timeout: '20'

2022-05-17 11:03:48 - [MESSAGE][PASSED] - Tapped on element 'Object Repository/MayaHome/mayahome - MobileSpy 1/pinlogin - 4'

2022-05-17 11:03:48 - [TEST_STEP][PASSED] - tap(findTestObject("MayaHome/mayahome - MobileSpy 1/pinlogin - 5"), 0): Tapped on element 'Object Repository/MayaHome/mayahome - MobileSpy 1/pinlogin - 5'

2022-05-17 11:03:48 - [MESSAGE][WARNING] - Timeout '0' is invalid. Using default page load timeout: '20'

2022-05-17 11:03:50 - [MESSAGE][PASSED] - Tapped on element 'Object Repository/MayaHome/mayahome - MobileSpy 1/pinlogin - 5'

2022-05-17 11:03:50 - [TEST_STEP][PASSED] - tap(findTestObject("MayaHome/mayahome - MobileSpy 1/pinlogin - 6"), 0): Tapped on element 'Object Repository/MayaHome/mayahome - MobileSpy 1/pinlogin - 6'

2022-05-17 11:03:50 - [MESSAGE][WARNING] - Timeout '0' is invalid. Using default page load timeout: '20'

2022-05-17 11:03:51 - [MESSAGE][PASSED] - Tapped on element 'Object Repository/MayaHome/mayahome - MobileSpy 1/pinlogin - 6'

2022-05-17 11:03:51 - [TEST_STEP][PASSED] - delay(3): Delayed 3 second(s)

2022-05-17 11:03:54 - [MESSAGE][PASSED] - Delayed 3 second(s)

2022-05-17 11:03:54 - [TEST_STEP][PASSED] - if (verifyElementVisible(findTestObject("MayaHome/mayahome - MobileSpy 1/ageAlertPopup - Txt"), 0, OPTIONAL)): Element 'Object Repository/MayaHome/mayahome - MobileSpy 1/ageAlertPopup - Txt' not found

2022-05-17 11:03:54 - [MESSAGE][WARNING] - Timeout '0' is invalid. Using default page load timeout: '20'

2022-05-17 11:04:14 - [MESSAGE][WARNING] - Element 'Object Repository/MayaHome/mayahome - MobileSpy 1/ageAlertPopup - Txt' not found

2022-05-17 11:04:14 - [TEST_STEP][PASSED] - verifyElementVisible(findTestObject("MayaHome/mayahome - MobileSpy 6/checkEligibility - Header"), 0): Element 'Object Repository/MayaHome/mayahome - MobileSpy 6/checkEligibility - Header' is visible

2022-05-17 11:04:14 - [MESSAGE][WARNING] - Timeout '0' is invalid. Using default page load timeout: '20'

2022-05-17 11:04:15 - [MESSAGE][PASSED] - Element 'Object Repository/MayaHome/mayahome - MobileSpy 6/checkEligibility - Header' is visible

2022-05-17 11:04:15 - [TEST_STEP][PASSED] - verifyElementVisible(findTestObject("MayaHome/mayahome - MobileSpy 6/checkEligibilityAgreement - Header"), 0): Element 'Object Repository/MayaHome/mayahome - MobileSpy 6/checkEligibilityAgreement - Header' is visible

2022-05-17 11:04:15 - [MESSAGE][WARNING] - Timeout '0' is invalid. Using default page load timeout: '20'

2022-05-17 11:04:15 - [MESSAGE][PASSED] - Element 'Object Repository/MayaHome/mayahome - MobileSpy 6/checkEligibilityAgreement - Header' is visible

2022-05-17 11:04:15 - [TEST_STEP][PASSED] - verifyElementVisible(findTestObject("MayaHome/mayahome - MobileSpy 6/checkEligibilityAgreement - Txt"), 0): Element 'Object Repository/MayaHome/mayahome - MobileSpy 6/checkEligibilityAgreement - Txt' is visible

2022-05-17 11:04:15 - [MESSAGE][WARNING] - Timeout '0' is invalid. Using default page load timeout: '20'

2022-05-17 11:04:15 - [MESSAGE][PASSED] - Element 'Object Repository/MayaHome/mayahome - MobileSpy 6/checkEligibilityAgreement - Txt' is visible

2022-05-17 11:04:15 - [TEST_STEP][PASSED] - uncheck = verifyElementNotChecked(findTestObject("MayaHome/mayahome - MobileSpy 1/termagreement - tickBtn"), 0): Element 'Object Repository/MayaHome/mayahome - MobileSpy 1/termagreement - tickBtn' is not checked

2022-05-17 11:04:15 - [MESSAGE][WARNING] - Timeout '0' is invalid. Using default page load timeout: '20'

2022-05-17 11:04:15 - [MESSAGE][PASSED] - Element 'Object Repository/MayaHome/mayahome - MobileSpy 1/termagreement - tickBtn' is not checked

2022-05-17 11:04:15 - [TEST_STEP][PASSED] - if (uncheck == true): Tapped on element 'Object Repository/MayaHome/mayahome - MobileSpy 1/confirm - Btn'

2022-05-17 11:04:15 - [TEST_STEP][PASSED] - checkElement(findTestObject("MayaHome/mayahome - MobileSpy 1/termagreement - tickBtn"), 0): Element 'Object Repository/MayaHome/mayahome - MobileSpy 1/termagreement - tickBtn' is checked

2022-05-17 11:04:15 - [MESSAGE][WARNING] - Timeout '0' is invalid. Using default page load timeout: '20'

2022-05-17 11:04:16 - [MESSAGE][PASSED] - Element 'Object Repository/MayaHome/mayahome - MobileSpy 1/termagreement - tickBtn' is checked

2022-05-17 11:04:16 - [TEST_STEP][PASSED] - tap(findTestObject("MayaHome/mayahome - MobileSpy 1/confirm - Btn"), 0): Tapped on element 'Object Repository/MayaHome/mayahome - MobileSpy 1/confirm - Btn'

2022-05-17 11:04:16 - [MESSAGE][WARNING] - Timeout '0' is invalid. Using default page load timeout: '20'

2022-05-17 11:04:17 - [MESSAGE][PASSED] - Tapped on element 'Object Repository/MayaHome/mayahome - MobileSpy 1/confirm - Btn']]></system-out>
         <system-err><![CDATA[]]></system-err>
      </testcase>
      <testcase name="Test Cases/MayaHome/MH_AgentProperty_01" time="13.297" classname="Test Cases/MayaHome/MH_AgentProperty_01" status="FAILED">
         <failure type="FAILED" message="Test Cases/MayaHome/MH_AgentProperty_01 FAILED.
Reason:
com.kms.katalon.core.exception.StepFailedException: Failed to check for element 'Object Repository/MayaHome/mayahome - MobileSpy 1/staffNumberError - Txt' visible (Root cause: org.openqa.selenium.StaleElementReferenceException: Cached elements 'By.xpath: //*[@class = 'android.widget.TextView' and (@text = 'Staff ID does not exist' or . = 'Staff ID does not exist')]' do not exist in DOM anymore
For documentation on this error, please visit: https://www.seleniumhq.org/exceptions/stale_element_reference.html
Build info: version: '3.141.59', revision: 'e82be7d358', time: '2018-11-14T08:25:53'
System info: host: '80003200.local', ip: 'fe80:0:0:0:ca5:70ec:6aa6:d006%en0', os.name: 'Mac OS X', os.arch: 'x86_64', os.version: '10.15.7', java.version: '1.8.0_275'
Driver info: com.kms.katalon.core.appium.driver.SwipeableAndroidDriver
Capabilities {app: /Users/vinayeddla/Desktop/M..., appPackage: com.maybank2u.life.sit, appWaitActivity: *, autoGrantPermissions: true, automationName: uiautomator2, chromedriverPort: 49825, databaseEnabled: false, desired: {app: /Users/vinayeddla/Desktop/M..., appWaitActivity: *, autoGrantPermissions: true, automationName: uiautomator2, chromedriverPort: 49825, deviceId: 225ac1ea21057ece, deviceName: samsung SM-G960F (Android 10), fullReset: false, newCommandTimeout: 1800, noReset: true, platform: ANDROID, platformName: android, platformVersion: 10, systemPort: 49823, udid: 225ac1ea21057ece}, deviceApiLevel: 29, deviceId: 225ac1ea21057ece, deviceManufacturer: samsung, deviceModel: SM-G960F, deviceName: 225ac1ea21057ece, deviceScreenDensity: 480, deviceScreenSize: 1080x2220, deviceUDID: 225ac1ea21057ece, fullReset: false, javascriptEnabled: true, locationContextEnabled: false, networkConnectionEnabled: true, newCommandTimeout: 1800, noReset: true, pixelRatio: 3, platform: ANDROID, platformName: Android, platformVersion: 10, statBarHeight: 72, systemPort: 49823, takesScreenshot: true, udid: 225ac1ea21057ece, viewportRect: {height: 2004, left: 0, top: 72, width: 1080}, warnings: {}, webStorageEnabled: false}
Session ID: 97972f97-8ac7-4062-8f9e-4a870090725f
	at org.openqa.selenium.remote.http.W3CHttpResponseCodec.createException(W3CHttpResponseCodec.java:187)
	at org.openqa.selenium.remote.http.W3CHttpResponseCodec.decode(W3CHttpResponseCodec.java:122)
	at org.openqa.selenium.remote.http.W3CHttpResponseCodec.decode(W3CHttpResponseCodec.java:49)
	at org.openqa.selenium.remote.HttpCommandExecutor.execute(HttpCommandExecutor.java:158)
	at io.appium.java_client.remote.AppiumCommandExecutor.execute(AppiumCommandExecutor.java:239)
	at org.openqa.selenium.remote.RemoteWebDriver.execute(RemoteWebDriver.java:552)
	at io.appium.java_client.DefaultGenericMobileDriver.execute(DefaultGenericMobileDriver.java:42)
	at io.appium.java_client.AppiumDriver.execute(AppiumDriver.java:1)
	at io.appium.java_client.android.AndroidDriver.execute(AndroidDriver.java:1)
	at com.kms.katalon.core.appium.driver.SwipeableAndroidDriver.execute(SwipeableAndroidDriver.java:1)
	at org.openqa.selenium.remote.RemoteWebElement.execute(RemoteWebElement.java:285)
	at io.appium.java_client.DefaultGenericMobileElement.execute(DefaultGenericMobileElement.java:45)
	at io.appium.java_client.MobileElement.execute(MobileElement.java:1)
	at io.appium.java_client.android.AndroidElement.execute(AndroidElement.java:1)
	at org.openqa.selenium.remote.RemoteWebElement.getLocation(RemoteWebElement.java:337)
	at org.openqa.selenium.WebElement$getLocation.call(Unknown Source)
	at com.kms.katalon.core.mobile.keyword.internal.MobileAbstractKeyword.findElement(MobileAbstractKeyword.groovy:86)
	at com.kms.katalon.core.mobile.keyword.builtin.VerifyElementVisibleKeyword.access$1(VerifyElementVisibleKeyword.groovy)
	at com.kms.katalon.core.mobile.keyword.builtin.VerifyElementVisibleKeyword$_verifyElementVisible_closure1.doCall(VerifyElementVisibleKeyword.groovy:72)
	at com.kms.katalon.core.mobile.keyword.builtin.VerifyElementVisibleKeyword$_verifyElementVisible_closure1.call(VerifyElementVisibleKeyword.groovy)
	at com.kms.katalon.core.mobile.keyword.internal.MobileKeywordMain.runKeyword(MobileKeywordMain.groovy:21)
	at com.kms.katalon.core.mobile.keyword.builtin.VerifyElementVisibleKeyword.verifyElementVisible(VerifyElementVisibleKeyword.groovy:85)
	at com.kms.katalon.core.mobile.keyword.builtin.VerifyElementVisibleKeyword.execute(VerifyElementVisibleKeyword.groovy:64)
	at com.kms.katalon.core.keyword.internal.KeywordExecutor.executeKeywordForPlatform(KeywordExecutor.groovy:74)
	at com.kms.katalon.core.mobile.keyword.MobileBuiltInKeywords.verifyElementVisible(MobileBuiltInKeywords.groovy:1880)
	at com.kms.katalon.core.mobile.keyword.MobileBuiltInKeywords$verifyElementVisible$2.call(Unknown Source)
	at MH_AgentProperty_01.run(MH_AgentProperty_01:50)
	at com.kms.katalon.core.main.ScriptEngine.run(ScriptEngine.java:194)
	at com.kms.katalon.core.main.ScriptEngine.runScriptAsRawText(ScriptEngine.java:119)
	at com.kms.katalon.core.main.TestCaseExecutor.runScript(TestCaseExecutor.java:442)
	at com.kms.katalon.core.main.TestCaseExecutor.doExecute(TestCaseExecutor.java:433)
	at com.kms.katalon.core.main.TestCaseExecutor.processExecutionPhase(TestCaseExecutor.java:412)
	at com.kms.katalon.core.main.TestCaseExecutor.accessMainPhase(TestCaseExecutor.java:404)
	at com.kms.katalon.core.main.TestCaseExecutor.execute(TestCaseExecutor.java:281)
	at com.kms.katalon.core.main.TestSuiteExecutor.accessTestCaseMainPhase(TestSuiteExecutor.java:202)
	at com.kms.katalon.core.main.TestSuiteExecutor.accessTestSuiteMainPhase(TestSuiteExecutor.java:164)
	at com.kms.katalon.core.main.TestSuiteExecutor.execute(TestSuiteExecutor.java:105)
	at com.kms.katalon.core.main.TestCaseMain.startTestSuite(TestCaseMain.java:181)
	at com.kms.katalon.core.main.TestCaseMain$startTestSuite$0.call(Unknown Source)
	at TempTestSuite1652756504740.run(TempTestSuite1652756504740.groovy:36)
)
	at com.kms.katalon.core.keyword.internal.KeywordMain.stepFailed(KeywordMain.groovy:39)
	at com.kms.katalon.core.mobile.keyword.internal.MobileKeywordMain.stepFailed(MobileKeywordMain.groovy:40)
	at com.kms.katalon.core.mobile.keyword.internal.MobileKeywordMain.runKeyword(MobileKeywordMain.groovy:23)
	at com.kms.katalon.core.mobile.keyword.builtin.VerifyElementVisibleKeyword.verifyElementVisible(VerifyElementVisibleKeyword.groovy:85)
	at com.kms.katalon.core.mobile.keyword.builtin.VerifyElementVisibleKeyword.execute(VerifyElementVisibleKeyword.groovy:64)
	at com.kms.katalon.core.keyword.internal.KeywordExecutor.executeKeywordForPlatform(KeywordExecutor.groovy:74)
	at com.kms.katalon.core.mobile.keyword.MobileBuiltInKeywords.verifyElementVisible(MobileBuiltInKeywords.groovy:1880)
	at com.kms.katalon.core.mobile.keyword.MobileBuiltInKeywords$verifyElementVisible$2.call(Unknown Source)
	at MH_AgentProperty_01.run(MH_AgentProperty_01:50)
	at com.kms.katalon.core.main.ScriptEngine.run(ScriptEngine.java:194)
	at com.kms.katalon.core.main.ScriptEngine.runScriptAsRawText(ScriptEngine.java:119)
	at com.kms.katalon.core.main.TestCaseExecutor.runScript(TestCaseExecutor.java:442)
	at com.kms.katalon.core.main.TestCaseExecutor.doExecute(TestCaseExecutor.java:433)
	at com.kms.katalon.core.main.TestCaseExecutor.processExecutionPhase(TestCaseExecutor.java:412)
	at com.kms.katalon.core.main.TestCaseExecutor.accessMainPhase(TestCaseExecutor.java:404)
	at com.kms.katalon.core.main.TestCaseExecutor.execute(TestCaseExecutor.java:281)
	at com.kms.katalon.core.main.TestSuiteExecutor.accessTestCaseMainPhase(TestSuiteExecutor.java:202)
	at com.kms.katalon.core.main.TestSuiteExecutor.accessTestSuiteMainPhase(TestSuiteExecutor.java:164)
	at com.kms.katalon.core.main.TestSuiteExecutor.execute(TestSuiteExecutor.java:105)
	at com.kms.katalon.core.main.TestCaseMain.startTestSuite(TestCaseMain.java:181)
	at com.kms.katalon.core.main.TestCaseMain$startTestSuite$0.call(Unknown Source)
	at TempTestSuite1652756504740.run(TempTestSuite1652756504740.groovy:36)
Caused by: org.openqa.selenium.StaleElementReferenceException: Cached elements 'By.xpath: //*[@class = 'android.widget.TextView' and (@text = 'Staff ID does not exist' or . = 'Staff ID does not exist')]' do not exist in DOM anymore
For documentation on this error, please visit: https://www.seleniumhq.org/exceptions/stale_element_reference.html
Build info: version: '3.141.59', revision: 'e82be7d358', time: '2018-11-14T08:25:53'
System info: host: '80003200.local', ip: 'fe80:0:0:0:ca5:70ec:6aa6:d006%en0', os.name: 'Mac OS X', os.arch: 'x86_64', os.version: '10.15.7', java.version: '1.8.0_275'
Driver info: com.kms.katalon.core.appium.driver.SwipeableAndroidDriver
Capabilities {app: /Users/vinayeddla/Desktop/M..., appPackage: com.maybank2u.life.sit, appWaitActivity: *, autoGrantPermissions: true, automationName: uiautomator2, chromedriverPort: 49825, databaseEnabled: false, desired: {app: /Users/vinayeddla/Desktop/M..., appWaitActivity: *, autoGrantPermissions: true, automationName: uiautomator2, chromedriverPort: 49825, deviceId: 225ac1ea21057ece, deviceName: samsung SM-G960F (Android 10), fullReset: false, newCommandTimeout: 1800, noReset: true, platform: ANDROID, platformName: android, platformVersion: 10, systemPort: 49823, udid: 225ac1ea21057ece}, deviceApiLevel: 29, deviceId: 225ac1ea21057ece, deviceManufacturer: samsung, deviceModel: SM-G960F, deviceName: 225ac1ea21057ece, deviceScreenDensity: 480, deviceScreenSize: 1080x2220, deviceUDID: 225ac1ea21057ece, fullReset: false, javascriptEnabled: true, locationContextEnabled: false, networkConnectionEnabled: true, newCommandTimeout: 1800, noReset: true, pixelRatio: 3, platform: ANDROID, platformName: Android, platformVersion: 10, statBarHeight: 72, systemPort: 49823, takesScreenshot: true, udid: 225ac1ea21057ece, viewportRect: {height: 2004, left: 0, top: 72, width: 1080}, warnings: {}, webStorageEnabled: false}
Session ID: 97972f97-8ac7-4062-8f9e-4a870090725f
	at org.openqa.selenium.remote.http.W3CHttpResponseCodec.createException(W3CHttpResponseCodec.java:187)
	at org.openqa.selenium.remote.http.W3CHttpResponseCodec.decode(W3CHttpResponseCodec.java:122)
	at org.openqa.selenium.remote.http.W3CHttpResponseCodec.decode(W3CHttpResponseCodec.java:49)
	at org.openqa.selenium.remote.HttpCommandExecutor.execute(HttpCommandExecutor.java:158)
	at io.appium.java_client.remote.AppiumCommandExecutor.execute(AppiumCommandExecutor.java:239)
	at org.openqa.selenium.remote.RemoteWebDriver.execute(RemoteWebDriver.java:552)
	at io.appium.java_client.DefaultGenericMobileDriver.execute(DefaultGenericMobileDriver.java:42)
	at io.appium.java_client.AppiumDriver.execute(AppiumDriver.java:1)
	at io.appium.java_client.android.AndroidDriver.execute(AndroidDriver.java:1)
	at com.kms.katalon.core.appium.driver.SwipeableAndroidDriver.execute(SwipeableAndroidDriver.java:1)
	at org.openqa.selenium.remote.RemoteWebElement.execute(RemoteWebElement.java:285)
	at io.appium.java_client.DefaultGenericMobileElement.execute(DefaultGenericMobileElement.java:45)
	at io.appium.java_client.MobileElement.execute(MobileElement.java:1)
	at io.appium.java_client.android.AndroidElement.execute(AndroidElement.java:1)
	at org.openqa.selenium.remote.RemoteWebElement.getLocation(RemoteWebElement.java:337)
	at org.openqa.selenium.WebElement$getLocation.call(Unknown Source)
	at com.kms.katalon.core.mobile.keyword.internal.MobileAbstractKeyword.findElement(MobileAbstractKeyword.groovy:86)
	at com.kms.katalon.core.mobile.keyword.builtin.VerifyElementVisibleKeyword.access$1(VerifyElementVisibleKeyword.groovy)
	at com.kms.katalon.core.mobile.keyword.builtin.VerifyElementVisibleKeyword$_verifyElementVisible_closure1.doCall(VerifyElementVisibleKeyword.groovy:72)
	at com.kms.katalon.core.mobile.keyword.builtin.VerifyElementVisibleKeyword$_verifyElementVisible_closure1.call(VerifyElementVisibleKeyword.groovy)
	at com.kms.katalon.core.mobile.keyword.internal.MobileKeywordMain.runKeyword(MobileKeywordMain.groovy:21)
	... 19 more
"/>
         <system-out><![CDATA[2022-05-17 11:04:17 - [TEST_CASE][FAILED] - Test Cases/MayaHome/MH_AgentProperty_01: Test Cases/MayaHome/MH_AgentProperty_01 FAILED.
Reason:
com.kms.katalon.core.exception.StepFailedException: Failed to check for element 'Object Repository/MayaHome/mayahome - MobileSpy 1/staffNumberError - Txt' visible (Root cause: org.openqa.selenium.StaleElementReferenceException: Cached elements 'By.xpath: //*[@class = 'android.widget.TextView' and (@text = 'Staff ID does not exist' or . = 'Staff ID does not exist')]' do not exist in DOM anymore
For documentation on this error, please visit: https://www.seleniumhq.org/exceptions/stale_element_reference.html
Build info: version: '3.141.59', revision: 'e82be7d358', time: '2018-11-14T08:25:53'
System info: host: '80003200.local', ip: 'fe80:0:0:0:ca5:70ec:6aa6:d006%en0', os.name: 'Mac OS X', os.arch: 'x86_64', os.version: '10.15.7', java.version: '1.8.0_275'
Driver info: com.kms.katalon.core.appium.driver.SwipeableAndroidDriver
Capabilities {app: /Users/vinayeddla/Desktop/M..., appPackage: com.maybank2u.life.sit, appWaitActivity: *, autoGrantPermissions: true, automationName: uiautomator2, chromedriverPort: 49825, databaseEnabled: false, desired: {app: /Users/vinayeddla/Desktop/M..., appWaitActivity: *, autoGrantPermissions: true, automationName: uiautomator2, chromedriverPort: 49825, deviceId: 225ac1ea21057ece, deviceName: samsung SM-G960F (Android 10), fullReset: false, newCommandTimeout: 1800, noReset: true, platform: ANDROID, platformName: android, platformVersion: 10, systemPort: 49823, udid: 225ac1ea21057ece}, deviceApiLevel: 29, deviceId: 225ac1ea21057ece, deviceManufacturer: samsung, deviceModel: SM-G960F, deviceName: 225ac1ea21057ece, deviceScreenDensity: 480, deviceScreenSize: 1080x2220, deviceUDID: 225ac1ea21057ece, fullReset: false, javascriptEnabled: true, locationContextEnabled: false, networkConnectionEnabled: true, newCommandTimeout: 1800, noReset: true, pixelRatio: 3, platform: ANDROID, platformName: Android, platformVersion: 10, statBarHeight: 72, systemPort: 49823, takesScreenshot: true, udid: 225ac1ea21057ece, viewportRect: {height: 2004, left: 0, top: 72, width: 1080}, warnings: {}, webStorageEnabled: false}
Session ID: 97972f97-8ac7-4062-8f9e-4a870090725f
	at org.openqa.selenium.remote.http.W3CHttpResponseCodec.createException(W3CHttpResponseCodec.java:187)
	at org.openqa.selenium.remote.http.W3CHttpResponseCodec.decode(W3CHttpResponseCodec.java:122)
	at org.openqa.selenium.remote.http.W3CHttpResponseCodec.decode(W3CHttpResponseCodec.java:49)
	at org.openqa.selenium.remote.HttpCommandExecutor.execute(HttpCommandExecutor.java:158)
	at io.appium.java_client.remote.AppiumCommandExecutor.execute(AppiumCommandExecutor.java:239)
	at org.openqa.selenium.remote.RemoteWebDriver.execute(RemoteWebDriver.java:552)
	at io.appium.java_client.DefaultGenericMobileDriver.execute(DefaultGenericMobileDriver.java:42)
	at io.appium.java_client.AppiumDriver.execute(AppiumDriver.java:1)
	at io.appium.java_client.android.AndroidDriver.execute(AndroidDriver.java:1)
	at com.kms.katalon.core.appium.driver.SwipeableAndroidDriver.execute(SwipeableAndroidDriver.java:1)
	at org.openqa.selenium.remote.RemoteWebElement.execute(RemoteWebElement.java:285)
	at io.appium.java_client.DefaultGenericMobileElement.execute(DefaultGenericMobileElement.java:45)
	at io.appium.java_client.MobileElement.execute(MobileElement.java:1)
	at io.appium.java_client.android.AndroidElement.execute(AndroidElement.java:1)
	at org.openqa.selenium.remote.RemoteWebElement.getLocation(RemoteWebElement.java:337)
	at org.openqa.selenium.WebElement$getLocation.call(Unknown Source)
	at com.kms.katalon.core.mobile.keyword.internal.MobileAbstractKeyword.findElement(MobileAbstractKeyword.groovy:86)
	at com.kms.katalon.core.mobile.keyword.builtin.VerifyElementVisibleKeyword.access$1(VerifyElementVisibleKeyword.groovy)
	at com.kms.katalon.core.mobile.keyword.builtin.VerifyElementVisibleKeyword$_verifyElementVisible_closure1.doCall(VerifyElementVisibleKeyword.groovy:72)
	at com.kms.katalon.core.mobile.keyword.builtin.VerifyElementVisibleKeyword$_verifyElementVisible_closure1.call(VerifyElementVisibleKeyword.groovy)
	at com.kms.katalon.core.mobile.keyword.internal.MobileKeywordMain.runKeyword(MobileKeywordMain.groovy:21)
	at com.kms.katalon.core.mobile.keyword.builtin.VerifyElementVisibleKeyword.verifyElementVisible(VerifyElementVisibleKeyword.groovy:85)
	at com.kms.katalon.core.mobile.keyword.builtin.VerifyElementVisibleKeyword.execute(VerifyElementVisibleKeyword.groovy:64)
	at com.kms.katalon.core.keyword.internal.KeywordExecutor.executeKeywordForPlatform(KeywordExecutor.groovy:74)
	at com.kms.katalon.core.mobile.keyword.MobileBuiltInKeywords.verifyElementVisible(MobileBuiltInKeywords.groovy:1880)
	at com.kms.katalon.core.mobile.keyword.MobileBuiltInKeywords$verifyElementVisible$2.call(Unknown Source)
	at MH_AgentProperty_01.run(MH_AgentProperty_01:50)
	at com.kms.katalon.core.main.ScriptEngine.run(ScriptEngine.java:194)
	at com.kms.katalon.core.main.ScriptEngine.runScriptAsRawText(ScriptEngine.java:119)
	at com.kms.katalon.core.main.TestCaseExecutor.runScript(TestCaseExecutor.java:442)
	at com.kms.katalon.core.main.TestCaseExecutor.doExecute(TestCaseExecutor.java:433)
	at com.kms.katalon.core.main.TestCaseExecutor.processExecutionPhase(TestCaseExecutor.java:412)
	at com.kms.katalon.core.main.TestCaseExecutor.accessMainPhase(TestCaseExecutor.java:404)
	at com.kms.katalon.core.main.TestCaseExecutor.execute(TestCaseExecutor.java:281)
	at com.kms.katalon.core.main.TestSuiteExecutor.accessTestCaseMainPhase(TestSuiteExecutor.java:202)
	at com.kms.katalon.core.main.TestSuiteExecutor.accessTestSuiteMainPhase(TestSuiteExecutor.java:164)
	at com.kms.katalon.core.main.TestSuiteExecutor.execute(TestSuiteExecutor.java:105)
	at com.kms.katalon.core.main.TestCaseMain.startTestSuite(TestCaseMain.java:181)
	at com.kms.katalon.core.main.TestCaseMain$startTestSuite$0.call(Unknown Source)
	at TempTestSuite1652756504740.run(TempTestSuite1652756504740.groovy:36)
)
	at com.kms.katalon.core.keyword.internal.KeywordMain.stepFailed(KeywordMain.groovy:39)
	at com.kms.katalon.core.mobile.keyword.internal.MobileKeywordMain.stepFailed(MobileKeywordMain.groovy:40)
	at com.kms.katalon.core.mobile.keyword.internal.MobileKeywordMain.runKeyword(MobileKeywordMain.groovy:23)
	at com.kms.katalon.core.mobile.keyword.builtin.VerifyElementVisibleKeyword.verifyElementVisible(VerifyElementVisibleKeyword.groovy:85)
	at com.kms.katalon.core.mobile.keyword.builtin.VerifyElementVisibleKeyword.execute(VerifyElementVisibleKeyword.groovy:64)
	at com.kms.katalon.core.keyword.internal.KeywordExecutor.executeKeywordForPlatform(KeywordExecutor.groovy:74)
	at com.kms.katalon.core.mobile.keyword.MobileBuiltInKeywords.verifyElementVisible(MobileBuiltInKeywords.groovy:1880)
	at com.kms.katalon.core.mobile.keyword.MobileBuiltInKeywords$verifyElementVisible$2.call(Unknown Source)
	at MH_AgentProperty_01.run(MH_AgentProperty_01:50)
	at com.kms.katalon.core.main.ScriptEngine.run(ScriptEngine.java:194)
	at com.kms.katalon.core.main.ScriptEngine.runScriptAsRawText(ScriptEngine.java:119)
	at com.kms.katalon.core.main.TestCaseExecutor.runScript(TestCaseExecutor.java:442)
	at com.kms.katalon.core.main.TestCaseExecutor.doExecute(TestCaseExecutor.java:433)
	at com.kms.katalon.core.main.TestCaseExecutor.processExecutionPhase(TestCaseExecutor.java:412)
	at com.kms.katalon.core.main.TestCaseExecutor.accessMainPhase(TestCaseExecutor.java:404)
	at com.kms.katalon.core.main.TestCaseExecutor.execute(TestCaseExecutor.java:281)
	at com.kms.katalon.core.main.TestSuiteExecutor.accessTestCaseMainPhase(TestSuiteExecutor.java:202)
	at com.kms.katalon.core.main.TestSuiteExecutor.accessTestSuiteMainPhase(TestSuiteExecutor.java:164)
	at com.kms.katalon.core.main.TestSuiteExecutor.execute(TestSuiteExecutor.java:105)
	at com.kms.katalon.core.main.TestCaseMain.startTestSuite(TestCaseMain.java:181)
	at com.kms.katalon.core.main.TestCaseMain$startTestSuite$0.call(Unknown Source)
	at TempTestSuite1652756504740.run(TempTestSuite1652756504740.groovy:36)
Caused by: org.openqa.selenium.StaleElementReferenceException: Cached elements 'By.xpath: //*[@class = 'android.widget.TextView' and (@text = 'Staff ID does not exist' or . = 'Staff ID does not exist')]' do not exist in DOM anymore
For documentation on this error, please visit: https://www.seleniumhq.org/exceptions/stale_element_reference.html
Build info: version: '3.141.59', revision: 'e82be7d358', time: '2018-11-14T08:25:53'
System info: host: '80003200.local', ip: 'fe80:0:0:0:ca5:70ec:6aa6:d006%en0', os.name: 'Mac OS X', os.arch: 'x86_64', os.version: '10.15.7', java.version: '1.8.0_275'
Driver info: com.kms.katalon.core.appium.driver.SwipeableAndroidDriver
Capabilities {app: /Users/vinayeddla/Desktop/M..., appPackage: com.maybank2u.life.sit, appWaitActivity: *, autoGrantPermissions: true, automationName: uiautomator2, chromedriverPort: 49825, databaseEnabled: false, desired: {app: /Users/vinayeddla/Desktop/M..., appWaitActivity: *, autoGrantPermissions: true, automationName: uiautomator2, chromedriverPort: 49825, deviceId: 225ac1ea21057ece, deviceName: samsung SM-G960F (Android 10), fullReset: false, newCommandTimeout: 1800, noReset: true, platform: ANDROID, platformName: android, platformVersion: 10, systemPort: 49823, udid: 225ac1ea21057ece}, deviceApiLevel: 29, deviceId: 225ac1ea21057ece, deviceManufacturer: samsung, deviceModel: SM-G960F, deviceName: 225ac1ea21057ece, deviceScreenDensity: 480, deviceScreenSize: 1080x2220, deviceUDID: 225ac1ea21057ece, fullReset: false, javascriptEnabled: true, locationContextEnabled: false, networkConnectionEnabled: true, newCommandTimeout: 1800, noReset: true, pixelRatio: 3, platform: ANDROID, platformName: Android, platformVersion: 10, statBarHeight: 72, systemPort: 49823, takesScreenshot: true, udid: 225ac1ea21057ece, viewportRect: {height: 2004, left: 0, top: 72, width: 1080}, warnings: {}, webStorageEnabled: false}
Session ID: 97972f97-8ac7-4062-8f9e-4a870090725f
	at org.openqa.selenium.remote.http.W3CHttpResponseCodec.createException(W3CHttpResponseCodec.java:187)
	at org.openqa.selenium.remote.http.W3CHttpResponseCodec.decode(W3CHttpResponseCodec.java:122)
	at org.openqa.selenium.remote.http.W3CHttpResponseCodec.decode(W3CHttpResponseCodec.java:49)
	at org.openqa.selenium.remote.HttpCommandExecutor.execute(HttpCommandExecutor.java:158)
	at io.appium.java_client.remote.AppiumCommandExecutor.execute(AppiumCommandExecutor.java:239)
	at org.openqa.selenium.remote.RemoteWebDriver.execute(RemoteWebDriver.java:552)
	at io.appium.java_client.DefaultGenericMobileDriver.execute(DefaultGenericMobileDriver.java:42)
	at io.appium.java_client.AppiumDriver.execute(AppiumDriver.java:1)
	at io.appium.java_client.android.AndroidDriver.execute(AndroidDriver.java:1)
	at com.kms.katalon.core.appium.driver.SwipeableAndroidDriver.execute(SwipeableAndroidDriver.java:1)
	at org.openqa.selenium.remote.RemoteWebElement.execute(RemoteWebElement.java:285)
	at io.appium.java_client.DefaultGenericMobileElement.execute(DefaultGenericMobileElement.java:45)
	at io.appium.java_client.MobileElement.execute(MobileElement.java:1)
	at io.appium.java_client.android.AndroidElement.execute(AndroidElement.java:1)
	at org.openqa.selenium.remote.RemoteWebElement.getLocation(RemoteWebElement.java:337)
	at org.openqa.selenium.WebElement$getLocation.call(Unknown Source)
	at com.kms.katalon.core.mobile.keyword.internal.MobileAbstractKeyword.findElement(MobileAbstractKeyword.groovy:86)
	at com.kms.katalon.core.mobile.keyword.builtin.VerifyElementVisibleKeyword.access$1(VerifyElementVisibleKeyword.groovy)
	at com.kms.katalon.core.mobile.keyword.builtin.VerifyElementVisibleKeyword$_verifyElementVisible_closure1.doCall(VerifyElementVisibleKeyword.groovy:72)
	at com.kms.katalon.core.mobile.keyword.builtin.VerifyElementVisibleKeyword$_verifyElementVisible_closure1.call(VerifyElementVisibleKeyword.groovy)
	at com.kms.katalon.core.mobile.keyword.internal.MobileKeywordMain.runKeyword(MobileKeywordMain.groovy:21)
	... 19 more


2022-05-17 11:04:17 - [TEST_STEP][PASSED] - staffNumber = getText(findTestObject("MayaHome/mayahome - MobileSpy 1/propertyagent - Txtfield"), 0, OPTIONAL).length(): Text of element 'Object Repository/MayaHome/mayahome - MobileSpy 1/propertyagent - Txtfield' is: '00001234'

2022-05-17 11:04:17 - [MESSAGE][WARNING] - Timeout '0' is invalid. Using default page load timeout: '20'

2022-05-17 11:04:20 - [MESSAGE][PASSED] - Text of element 'Object Repository/MayaHome/mayahome - MobileSpy 1/propertyagent - Txtfield' is: '00001234'

2022-05-17 11:04:20 - [TEST_STEP][FAILED] - if (staffNumber == 8): null

2022-05-17 11:04:20 - [TEST_STEP][FAILED] - for ([i = 1, i < 2, (i++)]): null

2022-05-17 11:04:20 - [TEST_STEP][FAILED] - switch (i): null

2022-05-17 11:04:20 - [TEST_STEP][PASSED] - case "1":: Element 'Object Repository/MayaHome/mayahome - MobileSpy 1/staffNumberError - Txt' is visible

2022-05-17 11:04:20 - [TEST_STEP][PASSED] - setText(findTestObject("MayaHome/mayahome - MobileSpy 1/propertyagent - Txtfield"), "syafiqhaziq", 0): Text 'syafiqhaziq' has been set to element 'Object Repository/MayaHome/mayahome - MobileSpy 1/propertyagent - Txtfield'

2022-05-17 11:04:20 - [MESSAGE][WARNING] - Timeout '0' is invalid. Using default page load timeout: '20'

2022-05-17 11:04:21 - [MESSAGE][PASSED] - Text 'syafiqhaziq' has been set to element 'Object Repository/MayaHome/mayahome - MobileSpy 1/propertyagent - Txtfield'

2022-05-17 11:04:21 - [TEST_STEP][PASSED] - tap(findTestObject("MayaHome/mayahome - MobileSpy 5/confirm - Btn"), 0): Tapped on element 'Object Repository/MayaHome/mayahome - MobileSpy 5/confirm - Btn'

2022-05-17 11:04:21 - [MESSAGE][WARNING] - Timeout '0' is invalid. Using default page load timeout: '20'

2022-05-17 11:04:22 - [MESSAGE][PASSED] - Tapped on element 'Object Repository/MayaHome/mayahome - MobileSpy 5/confirm - Btn'

2022-05-17 11:04:22 - [TEST_STEP][PASSED] - verifyElementVisible(findTestObject("MayaHome/mayahome - MobileSpy 1/staffNumberError - Txt"), 0, CONTINUE_ON_FAILURE): Element 'Object Repository/MayaHome/mayahome - MobileSpy 1/staffNumberError - Txt' is visible

2022-05-17 11:04:22 - [MESSAGE][WARNING] - Timeout '0' is invalid. Using default page load timeout: '20'

2022-05-17 11:04:27 - [MESSAGE][PASSED] - Element 'Object Repository/MayaHome/mayahome - MobileSpy 1/staffNumberError - Txt' is visible

2022-05-17 11:04:27 - [TEST_STEP][FAILED] - case "2":: null

2022-05-17 11:04:27 - [TEST_STEP][PASSED] - setText(findTestObject("MayaHome/mayahome - MobileSpy 1/propertyagent - Txtfield"), "!@#$%^&*", 0): Text '!@#$%^&*' has been set to element 'Object Repository/MayaHome/mayahome - MobileSpy 1/propertyagent - Txtfield'

2022-05-17 11:04:27 - [MESSAGE][WARNING] - Timeout '0' is invalid. Using default page load timeout: '20'

2022-05-17 11:04:28 - [MESSAGE][PASSED] - Text '!@#$%^&*' has been set to element 'Object Repository/MayaHome/mayahome - MobileSpy 1/propertyagent - Txtfield'

2022-05-17 11:04:28 - [TEST_STEP][PASSED] - tap(findTestObject("MayaHome/mayahome - MobileSpy 5/confirm - Btn"), 0): Tapped on element 'Object Repository/MayaHome/mayahome - MobileSpy 5/confirm - Btn'

2022-05-17 11:04:28 - [MESSAGE][WARNING] - Timeout '0' is invalid. Using default page load timeout: '20'

2022-05-17 11:04:29 - [MESSAGE][PASSED] - Tapped on element 'Object Repository/MayaHome/mayahome - MobileSpy 5/confirm - Btn'

2022-05-17 11:04:29 - [TEST_STEP][FAILED] - verifyElementVisible(findTestObject("MayaHome/mayahome - MobileSpy 1/staffNumberError - Txt"), 0, CONTINUE_ON_FAILURE): Failed to check for element 'Object Repository/MayaHome/mayahome - MobileSpy 1/staffNumberError - Txt' visible (Root cause: org.openqa.selenium.StaleElementReferenceException: Cached elements 'By.xpath: //*[@class = 'android.widget.TextView' and (@text = 'Staff ID does not exist' or . = 'Staff ID does not exist')]' do not exist in DOM anymore
For documentation on this error, please visit: https://www.seleniumhq.org/exceptions/stale_element_reference.html
Build info: version: '3.141.59', revision: 'e82be7d358', time: '2018-11-14T08:25:53'
System info: host: '80003200.local', ip: 'fe80:0:0:0:ca5:70ec:6aa6:d006%en0', os.name: 'Mac OS X', os.arch: 'x86_64', os.version: '10.15.7', java.version: '1.8.0_275'
Driver info: com.kms.katalon.core.appium.driver.SwipeableAndroidDriver
Capabilities {app: /Users/vinayeddla/Desktop/M..., appPackage: com.maybank2u.life.sit, appWaitActivity: *, autoGrantPermissions: true, automationName: uiautomator2, chromedriverPort: 49825, databaseEnabled: false, desired: {app: /Users/vinayeddla/Desktop/M..., appWaitActivity: *, autoGrantPermissions: true, automationName: uiautomator2, chromedriverPort: 49825, deviceId: 225ac1ea21057ece, deviceName: samsung SM-G960F (Android 10), fullReset: false, newCommandTimeout: 1800, noReset: true, platform: ANDROID, platformName: android, platformVersion: 10, systemPort: 49823, udid: 225ac1ea21057ece}, deviceApiLevel: 29, deviceId: 225ac1ea21057ece, deviceManufacturer: samsung, deviceModel: SM-G960F, deviceName: 225ac1ea21057ece, deviceScreenDensity: 480, deviceScreenSize: 1080x2220, deviceUDID: 225ac1ea21057ece, fullReset: false, javascriptEnabled: true, locationContextEnabled: false, networkConnectionEnabled: true, newCommandTimeout: 1800, noReset: true, pixelRatio: 3, platform: ANDROID, platformName: Android, platformVersion: 10, statBarHeight: 72, systemPort: 49823, takesScreenshot: true, udid: 225ac1ea21057ece, viewportRect: {height: 2004, left: 0, top: 72, width: 1080}, warnings: {}, webStorageEnabled: false}
Session ID: 97972f97-8ac7-4062-8f9e-4a870090725f
	at org.openqa.selenium.remote.http.W3CHttpResponseCodec.createException(W3CHttpResponseCodec.java:187)
	at org.openqa.selenium.remote.http.W3CHttpResponseCodec.decode(W3CHttpResponseCodec.java:122)
	at org.openqa.selenium.remote.http.W3CHttpResponseCodec.decode(W3CHttpResponseCodec.java:49)
	at org.openqa.selenium.remote.HttpCommandExecutor.execute(HttpCommandExecutor.java:158)
	at io.appium.java_client.remote.AppiumCommandExecutor.execute(AppiumCommandExecutor.java:239)
	at org.openqa.selenium.remote.RemoteWebDriver.execute(RemoteWebDriver.java:552)
	at io.appium.java_client.DefaultGenericMobileDriver.execute(DefaultGenericMobileDriver.java:42)
	at io.appium.java_client.AppiumDriver.execute(AppiumDriver.java:1)
	at io.appium.java_client.android.AndroidDriver.execute(AndroidDriver.java:1)
	at com.kms.katalon.core.appium.driver.SwipeableAndroidDriver.execute(SwipeableAndroidDriver.java:1)
	at org.openqa.selenium.remote.RemoteWebElement.execute(RemoteWebElement.java:285)
	at io.appium.java_client.DefaultGenericMobileElement.execute(DefaultGenericMobileElement.java:45)
	at io.appium.java_client.MobileElement.execute(MobileElement.java:1)
	at io.appium.java_client.android.AndroidElement.execute(AndroidElement.java:1)
	at org.openqa.selenium.remote.RemoteWebElement.getLocation(RemoteWebElement.java:337)
	at org.openqa.selenium.WebElement$getLocation.call(Unknown Source)
	at com.kms.katalon.core.mobile.keyword.internal.MobileAbstractKeyword.findElement(MobileAbstractKeyword.groovy:86)
	at com.kms.katalon.core.mobile.keyword.builtin.VerifyElementVisibleKeyword.access$1(VerifyElementVisibleKeyword.groovy)
	at com.kms.katalon.core.mobile.keyword.builtin.VerifyElementVisibleKeyword$_verifyElementVisible_closure1.doCall(VerifyElementVisibleKeyword.groovy:72)
	at com.kms.katalon.core.mobile.keyword.builtin.VerifyElementVisibleKeyword$_verifyElementVisible_closure1.call(VerifyElementVisibleKeyword.groovy)
	at com.kms.katalon.core.mobile.keyword.internal.MobileKeywordMain.runKeyword(MobileKeywordMain.groovy:21)
	at com.kms.katalon.core.mobile.keyword.builtin.VerifyElementVisibleKeyword.verifyElementVisible(VerifyElementVisibleKeyword.groovy:85)
	at com.kms.katalon.core.mobile.keyword.builtin.VerifyElementVisibleKeyword.execute(VerifyElementVisibleKeyword.groovy:64)
	at com.kms.katalon.core.keyword.internal.KeywordExecutor.executeKeywordForPlatform(KeywordExecutor.groovy:74)
	at com.kms.katalon.core.mobile.keyword.MobileBuiltInKeywords.verifyElementVisible(MobileBuiltInKeywords.groovy:1880)
	at com.kms.katalon.core.mobile.keyword.MobileBuiltInKeywords$verifyElementVisible$2.call(Unknown Source)
	at MH_AgentProperty_01.run(MH_AgentProperty_01:50)
	at com.kms.katalon.core.main.ScriptEngine.run(ScriptEngine.java:194)
	at com.kms.katalon.core.main.ScriptEngine.runScriptAsRawText(ScriptEngine.java:119)
	at com.kms.katalon.core.main.TestCaseExecutor.runScript(TestCaseExecutor.java:442)
	at com.kms.katalon.core.main.TestCaseExecutor.doExecute(TestCaseExecutor.java:433)
	at com.kms.katalon.core.main.TestCaseExecutor.processExecutionPhase(TestCaseExecutor.java:412)
	at com.kms.katalon.core.main.TestCaseExecutor.accessMainPhase(TestCaseExecutor.java:404)
	at com.kms.katalon.core.main.TestCaseExecutor.execute(TestCaseExecutor.java:281)
	at com.kms.katalon.core.main.TestSuiteExecutor.accessTestCaseMainPhase(TestSuiteExecutor.java:202)
	at com.kms.katalon.core.main.TestSuiteExecutor.accessTestSuiteMainPhase(TestSuiteExecutor.java:164)
	at com.kms.katalon.core.main.TestSuiteExecutor.execute(TestSuiteExecutor.java:105)
	at com.kms.katalon.core.main.TestCaseMain.startTestSuite(TestCaseMain.java:181)
	at com.kms.katalon.core.main.TestCaseMain$startTestSuite$0.call(Unknown Source)
	at TempTestSuite1652756504740.run(TempTestSuite1652756504740.groovy:36)
)

2022-05-17 11:04:29 - [MESSAGE][WARNING] - Timeout '0' is invalid. Using default page load timeout: '20'

2022-05-17 11:04:30 - [MESSAGE][FAILED] - Failed to check for element 'Object Repository/MayaHome/mayahome - MobileSpy 1/staffNumberError - Txt' visible (Root cause: org.openqa.selenium.StaleElementReferenceException: Cached elements 'By.xpath: //*[@class = 'android.widget.TextView' and (@text = 'Staff ID does not exist' or . = 'Staff ID does not exist')]' do not exist in DOM anymore
For documentation on this error, please visit: https://www.seleniumhq.org/exceptions/stale_element_reference.html
Build info: version: '3.141.59', revision: 'e82be7d358', time: '2018-11-14T08:25:53'
System info: host: '80003200.local', ip: 'fe80:0:0:0:ca5:70ec:6aa6:d006%en0', os.name: 'Mac OS X', os.arch: 'x86_64', os.version: '10.15.7', java.version: '1.8.0_275'
Driver info: com.kms.katalon.core.appium.driver.SwipeableAndroidDriver
Capabilities {app: /Users/vinayeddla/Desktop/M..., appPackage: com.maybank2u.life.sit, appWaitActivity: *, autoGrantPermissions: true, automationName: uiautomator2, chromedriverPort: 49825, databaseEnabled: false, desired: {app: /Users/vinayeddla/Desktop/M..., appWaitActivity: *, autoGrantPermissions: true, automationName: uiautomator2, chromedriverPort: 49825, deviceId: 225ac1ea21057ece, deviceName: samsung SM-G960F (Android 10), fullReset: false, newCommandTimeout: 1800, noReset: true, platform: ANDROID, platformName: android, platformVersion: 10, systemPort: 49823, udid: 225ac1ea21057ece}, deviceApiLevel: 29, deviceId: 225ac1ea21057ece, deviceManufacturer: samsung, deviceModel: SM-G960F, deviceName: 225ac1ea21057ece, deviceScreenDensity: 480, deviceScreenSize: 1080x2220, deviceUDID: 225ac1ea21057ece, fullReset: false, javascriptEnabled: true, locationContextEnabled: false, networkConnectionEnabled: true, newCommandTimeout: 1800, noReset: true, pixelRatio: 3, platform: ANDROID, platformName: Android, platformVersion: 10, statBarHeight: 72, systemPort: 49823, takesScreenshot: true, udid: 225ac1ea21057ece, viewportRect: {height: 2004, left: 0, top: 72, width: 1080}, warnings: {}, webStorageEnabled: false}
Session ID: 97972f97-8ac7-4062-8f9e-4a870090725f
	at org.openqa.selenium.remote.http.W3CHttpResponseCodec.createException(W3CHttpResponseCodec.java:187)
	at org.openqa.selenium.remote.http.W3CHttpResponseCodec.decode(W3CHttpResponseCodec.java:122)
	at org.openqa.selenium.remote.http.W3CHttpResponseCodec.decode(W3CHttpResponseCodec.java:49)
	at org.openqa.selenium.remote.HttpCommandExecutor.execute(HttpCommandExecutor.java:158)
	at io.appium.java_client.remote.AppiumCommandExecutor.execute(AppiumCommandExecutor.java:239)
	at org.openqa.selenium.remote.RemoteWebDriver.execute(RemoteWebDriver.java:552)
	at io.appium.java_client.DefaultGenericMobileDriver.execute(DefaultGenericMobileDriver.java:42)
	at io.appium.java_client.AppiumDriver.execute(AppiumDriver.java:1)
	at io.appium.java_client.android.AndroidDriver.execute(AndroidDriver.java:1)
	at com.kms.katalon.core.appium.driver.SwipeableAndroidDriver.execute(SwipeableAndroidDriver.java:1)
	at org.openqa.selenium.remote.RemoteWebElement.execute(RemoteWebElement.java:285)
	at io.appium.java_client.DefaultGenericMobileElement.execute(DefaultGenericMobileElement.java:45)
	at io.appium.java_client.MobileElement.execute(MobileElement.java:1)
	at io.appium.java_client.android.AndroidElement.execute(AndroidElement.java:1)
	at org.openqa.selenium.remote.RemoteWebElement.getLocation(RemoteWebElement.java:337)
	at org.openqa.selenium.WebElement$getLocation.call(Unknown Source)
	at com.kms.katalon.core.mobile.keyword.internal.MobileAbstractKeyword.findElement(MobileAbstractKeyword.groovy:86)
	at com.kms.katalon.core.mobile.keyword.builtin.VerifyElementVisibleKeyword.access$1(VerifyElementVisibleKeyword.groovy)
	at com.kms.katalon.core.mobile.keyword.builtin.VerifyElementVisibleKeyword$_verifyElementVisible_closure1.doCall(VerifyElementVisibleKeyword.groovy:72)
	at com.kms.katalon.core.mobile.keyword.builtin.VerifyElementVisibleKeyword$_verifyElementVisible_closure1.call(VerifyElementVisibleKeyword.groovy)
	at com.kms.katalon.core.mobile.keyword.internal.MobileKeywordMain.runKeyword(MobileKeywordMain.groovy:21)
	at com.kms.katalon.core.mobile.keyword.builtin.VerifyElementVisibleKeyword.verifyElementVisible(VerifyElementVisibleKeyword.groovy:85)
	at com.kms.katalon.core.mobile.keyword.builtin.VerifyElementVisibleKeyword.execute(VerifyElementVisibleKeyword.groovy:64)
	at com.kms.katalon.core.keyword.internal.KeywordExecutor.executeKeywordForPlatform(KeywordExecutor.groovy:74)
	at com.kms.katalon.core.mobile.keyword.MobileBuiltInKeywords.verifyElementVisible(MobileBuiltInKeywords.groovy:1880)
	at com.kms.katalon.core.mobile.keyword.MobileBuiltInKeywords$verifyElementVisible$2.call(Unknown Source)
	at MH_AgentProperty_01.run(MH_AgentProperty_01:50)
	at com.kms.katalon.core.main.ScriptEngine.run(ScriptEngine.java:194)
	at com.kms.katalon.core.main.ScriptEngine.runScriptAsRawText(ScriptEngine.java:119)
	at com.kms.katalon.core.main.TestCaseExecutor.runScript(TestCaseExecutor.java:442)
	at com.kms.katalon.core.main.TestCaseExecutor.doExecute(TestCaseExecutor.java:433)
	at com.kms.katalon.core.main.TestCaseExecutor.processExecutionPhase(TestCaseExecutor.java:412)
	at com.kms.katalon.core.main.TestCaseExecutor.accessMainPhase(TestCaseExecutor.java:404)
	at com.kms.katalon.core.main.TestCaseExecutor.execute(TestCaseExecutor.java:281)
	at com.kms.katalon.core.main.TestSuiteExecutor.accessTestCaseMainPhase(TestSuiteExecutor.java:202)
	at com.kms.katalon.core.main.TestSuiteExecutor.accessTestSuiteMainPhase(TestSuiteExecutor.java:164)
	at com.kms.katalon.core.main.TestSuiteExecutor.execute(TestSuiteExecutor.java:105)
	at com.kms.katalon.core.main.TestCaseMain.startTestSuite(TestCaseMain.java:181)
	at com.kms.katalon.core.main.TestCaseMain$startTestSuite$0.call(Unknown Source)
	at TempTestSuite1652756504740.run(TempTestSuite1652756504740.groovy:36)
)

2022-05-17 11:04:30 - [TEST_STEP][PASSED] - break: null]]></system-out>
         <system-err><![CDATA[2022-05-17 11:04:17 - [TEST_CASE][FAILED] - Test Cases/MayaHome/MH_AgentProperty_01: Test Cases/MayaHome/MH_AgentProperty_01 FAILED.
Reason:
com.kms.katalon.core.exception.StepFailedException: Failed to check for element 'Object Repository/MayaHome/mayahome - MobileSpy 1/staffNumberError - Txt' visible (Root cause: org.openqa.selenium.StaleElementReferenceException: Cached elements 'By.xpath: //*[@class = 'android.widget.TextView' and (@text = 'Staff ID does not exist' or . = 'Staff ID does not exist')]' do not exist in DOM anymore
For documentation on this error, please visit: https://www.seleniumhq.org/exceptions/stale_element_reference.html
Build info: version: '3.141.59', revision: 'e82be7d358', time: '2018-11-14T08:25:53'
System info: host: '80003200.local', ip: 'fe80:0:0:0:ca5:70ec:6aa6:d006%en0', os.name: 'Mac OS X', os.arch: 'x86_64', os.version: '10.15.7', java.version: '1.8.0_275'
Driver info: com.kms.katalon.core.appium.driver.SwipeableAndroidDriver
Capabilities {app: /Users/vinayeddla/Desktop/M..., appPackage: com.maybank2u.life.sit, appWaitActivity: *, autoGrantPermissions: true, automationName: uiautomator2, chromedriverPort: 49825, databaseEnabled: false, desired: {app: /Users/vinayeddla/Desktop/M..., appWaitActivity: *, autoGrantPermissions: true, automationName: uiautomator2, chromedriverPort: 49825, deviceId: 225ac1ea21057ece, deviceName: samsung SM-G960F (Android 10), fullReset: false, newCommandTimeout: 1800, noReset: true, platform: ANDROID, platformName: android, platformVersion: 10, systemPort: 49823, udid: 225ac1ea21057ece}, deviceApiLevel: 29, deviceId: 225ac1ea21057ece, deviceManufacturer: samsung, deviceModel: SM-G960F, deviceName: 225ac1ea21057ece, deviceScreenDensity: 480, deviceScreenSize: 1080x2220, deviceUDID: 225ac1ea21057ece, fullReset: false, javascriptEnabled: true, locationContextEnabled: false, networkConnectionEnabled: true, newCommandTimeout: 1800, noReset: true, pixelRatio: 3, platform: ANDROID, platformName: Android, platformVersion: 10, statBarHeight: 72, systemPort: 49823, takesScreenshot: true, udid: 225ac1ea21057ece, viewportRect: {height: 2004, left: 0, top: 72, width: 1080}, warnings: {}, webStorageEnabled: false}
Session ID: 97972f97-8ac7-4062-8f9e-4a870090725f
	at org.openqa.selenium.remote.http.W3CHttpResponseCodec.createException(W3CHttpResponseCodec.java:187)
	at org.openqa.selenium.remote.http.W3CHttpResponseCodec.decode(W3CHttpResponseCodec.java:122)
	at org.openqa.selenium.remote.http.W3CHttpResponseCodec.decode(W3CHttpResponseCodec.java:49)
	at org.openqa.selenium.remote.HttpCommandExecutor.execute(HttpCommandExecutor.java:158)
	at io.appium.java_client.remote.AppiumCommandExecutor.execute(AppiumCommandExecutor.java:239)
	at org.openqa.selenium.remote.RemoteWebDriver.execute(RemoteWebDriver.java:552)
	at io.appium.java_client.DefaultGenericMobileDriver.execute(DefaultGenericMobileDriver.java:42)
	at io.appium.java_client.AppiumDriver.execute(AppiumDriver.java:1)
	at io.appium.java_client.android.AndroidDriver.execute(AndroidDriver.java:1)
	at com.kms.katalon.core.appium.driver.SwipeableAndroidDriver.execute(SwipeableAndroidDriver.java:1)
	at org.openqa.selenium.remote.RemoteWebElement.execute(RemoteWebElement.java:285)
	at io.appium.java_client.DefaultGenericMobileElement.execute(DefaultGenericMobileElement.java:45)
	at io.appium.java_client.MobileElement.execute(MobileElement.java:1)
	at io.appium.java_client.android.AndroidElement.execute(AndroidElement.java:1)
	at org.openqa.selenium.remote.RemoteWebElement.getLocation(RemoteWebElement.java:337)
	at org.openqa.selenium.WebElement$getLocation.call(Unknown Source)
	at com.kms.katalon.core.mobile.keyword.internal.MobileAbstractKeyword.findElement(MobileAbstractKeyword.groovy:86)
	at com.kms.katalon.core.mobile.keyword.builtin.VerifyElementVisibleKeyword.access$1(VerifyElementVisibleKeyword.groovy)
	at com.kms.katalon.core.mobile.keyword.builtin.VerifyElementVisibleKeyword$_verifyElementVisible_closure1.doCall(VerifyElementVisibleKeyword.groovy:72)
	at com.kms.katalon.core.mobile.keyword.builtin.VerifyElementVisibleKeyword$_verifyElementVisible_closure1.call(VerifyElementVisibleKeyword.groovy)
	at com.kms.katalon.core.mobile.keyword.internal.MobileKeywordMain.runKeyword(MobileKeywordMain.groovy:21)
	at com.kms.katalon.core.mobile.keyword.builtin.VerifyElementVisibleKeyword.verifyElementVisible(VerifyElementVisibleKeyword.groovy:85)
	at com.kms.katalon.core.mobile.keyword.builtin.VerifyElementVisibleKeyword.execute(VerifyElementVisibleKeyword.groovy:64)
	at com.kms.katalon.core.keyword.internal.KeywordExecutor.executeKeywordForPlatform(KeywordExecutor.groovy:74)
	at com.kms.katalon.core.mobile.keyword.MobileBuiltInKeywords.verifyElementVisible(MobileBuiltInKeywords.groovy:1880)
	at com.kms.katalon.core.mobile.keyword.MobileBuiltInKeywords$verifyElementVisible$2.call(Unknown Source)
	at MH_AgentProperty_01.run(MH_AgentProperty_01:50)
	at com.kms.katalon.core.main.ScriptEngine.run(ScriptEngine.java:194)
	at com.kms.katalon.core.main.ScriptEngine.runScriptAsRawText(ScriptEngine.java:119)
	at com.kms.katalon.core.main.TestCaseExecutor.runScript(TestCaseExecutor.java:442)
	at com.kms.katalon.core.main.TestCaseExecutor.doExecute(TestCaseExecutor.java:433)
	at com.kms.katalon.core.main.TestCaseExecutor.processExecutionPhase(TestCaseExecutor.java:412)
	at com.kms.katalon.core.main.TestCaseExecutor.accessMainPhase(TestCaseExecutor.java:404)
	at com.kms.katalon.core.main.TestCaseExecutor.execute(TestCaseExecutor.java:281)
	at com.kms.katalon.core.main.TestSuiteExecutor.accessTestCaseMainPhase(TestSuiteExecutor.java:202)
	at com.kms.katalon.core.main.TestSuiteExecutor.accessTestSuiteMainPhase(TestSuiteExecutor.java:164)
	at com.kms.katalon.core.main.TestSuiteExecutor.execute(TestSuiteExecutor.java:105)
	at com.kms.katalon.core.main.TestCaseMain.startTestSuite(TestCaseMain.java:181)
	at com.kms.katalon.core.main.TestCaseMain$startTestSuite$0.call(Unknown Source)
	at TempTestSuite1652756504740.run(TempTestSuite1652756504740.groovy:36)
)
	at com.kms.katalon.core.keyword.internal.KeywordMain.stepFailed(KeywordMain.groovy:39)
	at com.kms.katalon.core.mobile.keyword.internal.MobileKeywordMain.stepFailed(MobileKeywordMain.groovy:40)
	at com.kms.katalon.core.mobile.keyword.internal.MobileKeywordMain.runKeyword(MobileKeywordMain.groovy:23)
	at com.kms.katalon.core.mobile.keyword.builtin.VerifyElementVisibleKeyword.verifyElementVisible(VerifyElementVisibleKeyword.groovy:85)
	at com.kms.katalon.core.mobile.keyword.builtin.VerifyElementVisibleKeyword.execute(VerifyElementVisibleKeyword.groovy:64)
	at com.kms.katalon.core.keyword.internal.KeywordExecutor.executeKeywordForPlatform(KeywordExecutor.groovy:74)
	at com.kms.katalon.core.mobile.keyword.MobileBuiltInKeywords.verifyElementVisible(MobileBuiltInKeywords.groovy:1880)
	at com.kms.katalon.core.mobile.keyword.MobileBuiltInKeywords$verifyElementVisible$2.call(Unknown Source)
	at MH_AgentProperty_01.run(MH_AgentProperty_01:50)
	at com.kms.katalon.core.main.ScriptEngine.run(ScriptEngine.java:194)
	at com.kms.katalon.core.main.ScriptEngine.runScriptAsRawText(ScriptEngine.java:119)
	at com.kms.katalon.core.main.TestCaseExecutor.runScript(TestCaseExecutor.java:442)
	at com.kms.katalon.core.main.TestCaseExecutor.doExecute(TestCaseExecutor.java:433)
	at com.kms.katalon.core.main.TestCaseExecutor.processExecutionPhase(TestCaseExecutor.java:412)
	at com.kms.katalon.core.main.TestCaseExecutor.accessMainPhase(TestCaseExecutor.java:404)
	at com.kms.katalon.core.main.TestCaseExecutor.execute(TestCaseExecutor.java:281)
	at com.kms.katalon.core.main.TestSuiteExecutor.accessTestCaseMainPhase(TestSuiteExecutor.java:202)
	at com.kms.katalon.core.main.TestSuiteExecutor.accessTestSuiteMainPhase(TestSuiteExecutor.java:164)
	at com.kms.katalon.core.main.TestSuiteExecutor.execute(TestSuiteExecutor.java:105)
	at com.kms.katalon.core.main.TestCaseMain.startTestSuite(TestCaseMain.java:181)
	at com.kms.katalon.core.main.TestCaseMain$startTestSuite$0.call(Unknown Source)
	at TempTestSuite1652756504740.run(TempTestSuite1652756504740.groovy:36)
Caused by: org.openqa.selenium.StaleElementReferenceException: Cached elements 'By.xpath: //*[@class = 'android.widget.TextView' and (@text = 'Staff ID does not exist' or . = 'Staff ID does not exist')]' do not exist in DOM anymore
For documentation on this error, please visit: https://www.seleniumhq.org/exceptions/stale_element_reference.html
Build info: version: '3.141.59', revision: 'e82be7d358', time: '2018-11-14T08:25:53'
System info: host: '80003200.local', ip: 'fe80:0:0:0:ca5:70ec:6aa6:d006%en0', os.name: 'Mac OS X', os.arch: 'x86_64', os.version: '10.15.7', java.version: '1.8.0_275'
Driver info: com.kms.katalon.core.appium.driver.SwipeableAndroidDriver
[...]
	at com.kms.katalon.core.mobile.keyword.builtin.VerifyElementVisibleKeyword.verifyElementVisible(VerifyElementVisibleKeyword.groovy:85)
	at com.kms.katalon.core.mobile.keyword.builtin.VerifyElementVisibleKeyword.execute(VerifyElementVisibleKeyword.groovy:64)
	at com.kms.katalon.core.keyword.internal.KeywordExecutor.executeKeywordForPlatform(KeywordExecutor.groovy:74)
	at com.kms.katalon.core.mobile.keyword.MobileBuiltInKeywords.verifyElementVisible(MobileBuiltInKeywords.groovy:1880)
	at com.kms.katalon.core.mobile.keyword.MobileBuiltInKeywords$verifyElementVisible$2.call(Unknown Source)
	at MH_AgentProperty_01.run(MH_AgentProperty_01:50)
	at com.kms.katalon.core.main.ScriptEngine.run(ScriptEngine.java:194)
	at com.kms.katalon.core.main.ScriptEngine.runScriptAsRawText(ScriptEngine.java:119)
	at com.kms.katalon.core.main.TestCaseExecutor.runScript(TestCaseExecutor.java:442)
	at com.kms.katalon.core.main.TestCaseExecutor.doExecute(TestCaseExecutor.java:433)
	at com.kms.katalon.core.main.TestCaseExecutor.processExecutionPhase(TestCaseExecutor.java:412)
	at com.kms.katalon.core.main.TestCaseExecutor.accessMainPhase(TestCaseExecutor.java:404)
	at com.kms.katalon.core.main.TestCaseExecutor.execute(TestCaseExecutor.java:281)
	at com.kms.katalon.core.main.TestSuiteExecutor.accessTestCaseMainPhase(TestSuiteExecutor.java:202)
	at com.kms.katalon.core.main.TestSuiteExecutor.accessTestSuiteMainPhase(TestSuiteExecutor.java:164)
	at com.kms.katalon.core.main.TestSuiteExecutor.execute(TestSuiteExecutor.java:105)
	at com.kms.katalon.core.main.TestCaseMain.startTestSuite(TestCaseMain.java:181)
	at com.kms.katalon.core.main.TestCaseMain$startTestSuite$0.call(Unknown Source)
	at TempTestSuite1652756504740.run(TempTestSuite1652756504740.groovy:36)
)
	at com.kms.katalon.core.keyword.internal.KeywordMain.stepFailed(KeywordMain.groovy:39)
	at com.kms.katalon.core.mobile.keyword.internal.MobileKeywordMain.stepFailed(MobileKeywordMain.groovy:40)
	at com.kms.katalon.core.mobile.keyword.internal.MobileKeywordMain.runKeyword(MobileKeywordMain.groovy:23)
	at com.kms.katalon.core.mobile.keyword.builtin.VerifyElementVisibleKeyword.verifyElementVisible(VerifyElementVisibleKeyword.groovy:85)
	at com.kms.katalon.core.mobile.keyword.builtin.VerifyElementVisibleKeyword.execute(VerifyElementVisibleKeyword.groovy:64)
	at com.kms.katalon.core.keyword.internal.KeywordExecutor.executeKeywordForPlatform(KeywordExecutor.groovy:74)
	at com.kms.katalon.core.mobile.keyword.MobileBuiltInKeywords.verifyElementVisible(MobileBuiltInKeywords.groovy:1880)
	at com.kms.katalon.core.mobile.keyword.MobileBuiltInKeywords$verifyElementVisible$2.call(Unknown Source)
	at MH_AgentProperty_01.run(MH_AgentProperty_01:50)
	at com.kms.katalon.core.main.ScriptEngine.run(ScriptEngine.java:194)
	at com.kms.katalon.core.main.ScriptEngine.runScriptAsRawText(ScriptEngine.java:119)
	at com.kms.katalon.core.main.TestCaseExecutor.runScript(TestCaseExecutor.java:442)
	at com.kms.katalon.core.main.TestCaseExecutor.doExecute(TestCaseExecutor.java:433)
	at com.kms.katalon.core.main.TestCaseExecutor.processExecutionPhase(TestCaseExecutor.java:412)
	at com.kms.katalon.core.main.TestCaseExecutor.accessMainPhase(TestCaseExecutor.java:404)
	at com.kms.katalon.core.main.TestCaseExecutor.execute(TestCaseExecutor.java:281)
	at com.kms.katalon.core.main.TestSuiteExecutor.accessTestCaseMainPhase(TestSuiteExecutor.java:202)
	at com.kms.katalon.core.main.TestSuiteExecutor.accessTestSuiteMainPhase(TestSuiteExecutor.java:164)
	at com.kms.katalon.core.main.TestSuiteExecutor.execute(TestSuiteExecutor.java:105)
	at com.kms.katalon.core.main.TestCaseMain.startTestSuite(TestCaseMain.java:181)
	at com.kms.katalon.core.main.TestCaseMain$startTestSuite$0.call(Unknown Source)
	at TempTestSuite1652756504740.run(TempTestSuite1652756504740.groovy:36)
Caused by: org.openqa.selenium.StaleElementReferenceException: Cached elements 'By.xpath: //*[@class = 'android.widget.TextView' and (@text = 'Staff ID does not exist' or . = 'Staff ID does not exist')]' do not exist in DOM anymore
For documentation on this error, please visit: https://www.seleniumhq.org/exceptions/stale_element_reference.html
Build info: version: '3.141.59', revision: 'e82be7d358', time: '2018-11-14T08:25:53'
System info: host: '80003200.local', ip: 'fe80:0:0:0:ca5:70ec:6aa6:d006%en0', os.name: 'Mac OS X', os.arch: 'x86_64', os.version: '10.15.7', java.version: '1.8.0_275'
Driver info: com.kms.katalon.core.appium.driver.SwipeableAndroidDriver
Capabilities {app: /Users/vinayeddla/Desktop/M..., appPackage: com.maybank2u.life.sit, appWaitActivity: *, autoGrantPermissions: true, automationName: uiautomator2, chromedriverPort: 49825, databaseEnabled: false, desired: {app: /Users/vinayeddla/Desktop/M..., appWaitActivity: *, autoGrantPermissions: true, automationName: uiautomator2, chromedriverPort: 49825, deviceId: 225ac1ea21057ece, deviceName: samsung SM-G960F (Android 10), fullReset: false, newCommandTimeout: 1800, noReset: true, platform: ANDROID, platformName: android, platformVersion: 10, systemPort: 49823, udid: 225ac1ea21057ece}, deviceApiLevel: 29, deviceId: 225ac1ea21057ece, deviceManufacturer: samsung, deviceModel: SM-G960F, deviceName: 225ac1ea21057ece, deviceScreenDensity: 480, deviceScreenSize: 1080x2220, deviceUDID: 225ac1ea21057ece, fullReset: false, javascriptEnabled: true, locationContextEnabled: false, networkConnectionEnabled: true, newCommandTimeout: 1800, noReset: true, pixelRatio: 3, platform: ANDROID, platformName: Android, platformVersion: 10, statBarHeight: 72, systemPort: 49823, takesScreenshot: true, udid: 225ac1ea21057ece, viewportRect: {height: 2004, left: 0, top: 72, width: 1080}, warnings: {}, webStorageEnabled: false}
Session ID: 97972f97-8ac7-4062-8f9e-4a870090725f
	at org.openqa.selenium.remote.http.W3CHttpResponseCodec.createException(W3CHttpResponseCodec.java:187)
	at org.openqa.selenium.remote.http.W3CHttpResponseCodec.decode(W3CHttpResponseCodec.java:122)
	at org.openqa.selenium.remote.http.W3CHttpResponseCodec.decode(W3CHttpResponseCodec.java:49)
	at org.openqa.selenium.remote.HttpCommandExecutor.execute(HttpCommandExecutor.java:158)
	at io.appium.java_client.remote.AppiumCommandExecutor.execute(AppiumCommandExecutor.java:239)
	at org.openqa.selenium.remote.RemoteWebDriver.execute(RemoteWebDriver.java:552)
	at io.appium.java_client.DefaultGenericMobileDriver.execute(DefaultGenericMobileDriver.java:42)
	at io.appium.java_client.AppiumDriver.execute(AppiumDriver.java:1)
	at io.appium.java_client.android.AndroidDriver.execute(AndroidDriver.java:1)
	at com.kms.katalon.core.appium.driver.SwipeableAndroidDriver.execute(SwipeableAndroidDriver.java:1)
	at org.openqa.selenium.remote.RemoteWebElement.execute(RemoteWebElement.java:285)
	at io.appium.java_client.DefaultGenericMobileElement.execute(DefaultGenericMobileElement.java:45)
	at io.appium.java_client.MobileElement.execute(MobileElement.java:1)
	at io.appium.java_client.android.AndroidElement.execute(AndroidElement.java:1)
	at org.openqa.selenium.remote.RemoteWebElement.getLocation(RemoteWebElement.java:337)
	at org.openqa.selenium.WebElement$getLocation.call(Unknown Source)
	at com.kms.katalon.core.mobile.keyword.internal.MobileAbstractKeyword.findElement(MobileAbstractKeyword.groovy:86)
	at com.kms.katalon.core.mobile.keyword.builtin.VerifyElementVisibleKeyword.access$1(VerifyElementVisibleKeyword.groovy)
	at com.kms.katalon.core.mobile.keyword.builtin.VerifyElementVisibleKeyword$_verifyElementVisible_closure1.doCall(VerifyElementVisibleKeyword.groovy:72)
	at com.kms.katalon.core.mobile.keyword.builtin.VerifyElementVisibleKeyword$_verifyElementVisible_closure1.call(VerifyElementVisibleKeyword.groovy)
	at com.kms.katalon.core.mobile.keyword.internal.MobileKeywordMain.runKeyword(MobileKeywordMain.groovy:21)
	... 19 more]]></system-out>
      <system-err><![CDATA[2022-05-17 11:01:54 - [TEST_SUITE][FAILED] - Maya Home: Test Cases/MayaHome/MH_AgentProperty_01 FAILED.
Reason:
com.kms.katalon.core.exception.StepFailedException: Failed to check for element 'Object Repository/MayaHome/mayahome - MobileSpy 1/staffNumberError - Txt' visible (Root cause: org.openqa.selenium.StaleElementReferenceException: Cached elements 'By.xpath: //*[@class = 'android.widget.TextView' and (@text = 'Staff ID does not exist' or . = 'Staff ID does not exist')]' do not exist in DOM anymore
For documentation on this error, please visit: https://www.seleniumhq.org/exceptions/stale_element_reference.html
Build info: version: '3.141.59', revision: 'e82be7d358', time: '2018-11-14T08:25:53'
System info: host: '80003200.local', ip: 'fe80:0:0:0:ca5:70ec:6aa6:d006%en0', os.name: 'Mac OS X', os.arch: 'x86_64', os.version: '10.15.7', java.version: '1.8.0_275'
Driver info: com.kms.katalon.core.appium.driver.SwipeableAndroidDriver
Capabilities {app: /Users/vinayeddla/Desktop/M..., appPackage: com.maybank2u.life.sit, appWaitActivity: *, autoGrantPermissions: true, automationName: uiautomator2, chromedriverPort: 49825, databaseEnabled: false, desired: {app: /Users/vinayeddla/Desktop/M..., appWaitActivity: *, autoGrantPermissions: true, automationName: uiautomator2, chromedriverPort: 49825, deviceId: 225ac1ea21057ece, deviceName: samsung SM-G960F (Android 10), fullReset: false, newCommandTimeout: 1800, noReset: true, platform: ANDROID, platformName: android, platformVersion: 10, systemPort: 49823, udid: 225ac1ea21057ece}, deviceApiLevel: 29, deviceId: 225ac1ea21057ece, deviceManufacturer: samsung, deviceModel: SM-G960F, deviceName: 225ac1ea21057ece, deviceScreenDensity: 480, deviceScreenSize: 1080x2220, deviceUDID: 225ac1ea21057ece, fullReset: false, javascriptEnabled: true, locationContextEnabled: false, networkConnectionEnabled: true, newCommandTimeout: 1800, noReset: true, pixelRatio: 3, platform: ANDROID, platformName: Android, platformVersion: 10, statBarHeight: 72, systemPort: 49823, takesScreenshot: true, udid: 225ac1ea21057ece, viewportRect: {height: 2004, left: 0, top: 72, width: 1080}, warnings: {}, webStorageEnabled: false}
Session ID: 97972f97-8ac7-4062-8f9e-4a870090725f
	at org.openqa.selenium.remote.http.W3CHttpResponseCodec.createException(W3CHttpResponseCodec.java:187)
	at org.openqa.selenium.remote.http.W3CHttpResponseCodec.decode(W3CHttpResponseCodec.java:122)
	at org.openqa.selenium.remote.http.W3CHttpResponseCodec.decode(W3CHttpResponseCodec.java:49)
	at org.openqa.selenium.remote.HttpCommandExecutor.execute(HttpCommandExecutor.java:158)
	at io.appium.java_client.remote.AppiumCommandExecutor.execute(AppiumCommandExecutor.java:239)
	at org.openqa.selenium.remote.RemoteWebDriver.execute(RemoteWebDriver.java:552)
	at io.appium.java_client.DefaultGenericMobileDriver.execute(DefaultGenericMobileDriver.java:42)
	at io.appium.java_client.AppiumDriver.execute(AppiumDriver.java:1)
	at io.appium.java_client.android.AndroidDriver.execute(AndroidDriver.java:1)
	at com.kms.katalon.core.appium.driver.SwipeableAndroidDriver.execute(SwipeableAndroidDriver.java:1)
	at org.openqa.selenium.remote.RemoteWebElement.execute(RemoteWebElement.java:285)
	at io.appium.java_client.DefaultGenericMobileElement.execute(DefaultGenericMobileElement.java:45)
	at io.appium.java_client.MobileElement.execute(MobileElement.java:1)
	at io.appium.java_client.android.AndroidElement.execute(AndroidElement.java:1)
	at org.openqa.selenium.remote.RemoteWebElement.getLocation(RemoteWebElement.java:337)
	at org.openqa.selenium.WebElement$getLocation.call(Unknown Source)
	at com.kms.katalon.core.mobile.keyword.internal.MobileAbstractKeyword.findElement(MobileAbstractKeyword.groovy:86)
	at com.kms.katalon.core.mobile.keyword.builtin.VerifyElementVisibleKeyword.access$1(VerifyElementVisibleKeyword.groovy)
	at com.kms.katalon.core.mobile.keyword.builtin.VerifyElementVisibleKeyword$_verifyElementVisible_closure1.doCall(VerifyElementVisibleKeyword.groovy:72)
	at com.kms.katalon.core.mobile.keyword.builtin.VerifyElementVisibleKeyword$_verifyElementVisible_closure1.call(VerifyElementVisibleKeyword.groovy)
	at com.kms.katalon.core.mobile.keyword.internal.MobileKeywordMain.runKeyword(MobileKeywordMain.groovy:21)
	at com.kms.katalon.core.mobile.keyword.builtin.VerifyElementVisibleKeyword.verifyElementVisible(VerifyElementVisibleKeyword.groovy:85)
	at com.kms.katalon.core.mobile.keyword.builtin.VerifyElementVisibleKeyword.execute(VerifyElementVisibleKeyword.groovy:64)
	at com.kms.katalon.core.keyword.internal.KeywordExecutor.executeKeywordForPlatform(KeywordExecutor.groovy:74)
	at com.kms.katalon.core.mobile.keyword.MobileBuiltInKeywords.verifyElementVisible(MobileBuiltInKeywords.groovy:1880)
	at com.kms.katalon.core.mobile.keyword.MobileBuiltInKeywords$verifyElementVisible$2.call(Unknown Source)
	at MH_AgentProperty_01.run(MH_AgentProperty_01:50)
	at com.kms.katalon.core.main.ScriptEngine.run(ScriptEngine.java:194)
	at com.kms.katalon.core.main.ScriptEngine.runScriptAsRawText(ScriptEngine.java:119)
	at com.kms.katalon.core.main.TestCaseExecutor.runScript(TestCaseExecutor.java:442)
	at com.kms.katalon.core.main.TestCaseExecutor.doExecute(TestCaseExecutor.java:433)
	at com.kms.katalon.core.main.TestCaseExecutor.processExecutionPhase(TestCaseExecutor.java:412)
	at com.kms.katalon.core.main.TestCaseExecutor.accessMainPhase(TestCaseExecutor.java:404)
	at com.kms.katalon.core.main.TestCaseExecutor.execute(TestCaseExecutor.java:281)
	at com.kms.katalon.core.main.TestSuiteExecutor.accessTestCaseMainPhase(TestSuiteExecutor.java:202)
	at com.kms.katalon.core.main.TestSuiteExecutor.accessTestSuiteMainPhase(TestSuiteExecutor.java:164)
	at com.kms.katalon.core.main.TestSuiteExecutor.execute(TestSuiteExecutor.java:105)
	at com.kms.katalon.core.main.TestCaseMain.startTestSuite(TestCaseMain.java:181)
	at com.kms.katalon.core.main.TestCaseMain$startTestSuite$0.call(Unknown Source)
	at TempTestSuite1652756504740.run(TempTestSuite1652756504740.groovy:36)
)
	at com.kms.katalon.core.keyword.internal.KeywordMain.stepFailed(KeywordMain.groovy:39)
	at com.kms.katalon.core.mobile.keyword.internal.MobileKeywordMain.stepFailed(MobileKeywordMain.groovy:40)
	at com.kms.katalon.core.mobile.keyword.internal.MobileKeywordMain.runKeyword(MobileKeywordMain.groovy:23)
	at com.kms.katalon.core.mobile.keyword.builtin.VerifyElementVisibleKeyword.verifyElementVisible(VerifyElementVisibleKeyword.groovy:85)
	at com.kms.katalon.core.mobile.keyword.builtin.VerifyElementVisibleKeyword.execute(VerifyElementVisibleKeyword.groovy:64)
	at com.kms.katalon.core.keyword.internal.KeywordExecutor.executeKeywordForPlatform(KeywordExecutor.groovy:74)
	at com.kms.katalon.core.mobile.keyword.MobileBuiltInKeywords.verifyElementVisible(MobileBuiltInKeywords.groovy:1880)
	at com.kms.katalon.core.mobile.keyword.MobileBuiltInKeywords$verifyElementVisible$2.call(Unknown Source)
	at MH_AgentProperty_01.run(MH_AgentProperty_01:50)
	at com.kms.katalon.core.main.ScriptEngine.run(ScriptEngine.java:194)
	at com.kms.katalon.core.main.ScriptEngine.runScriptAsRawText(ScriptEngine.java:119)
	at com.kms.katalon.core.main.TestCaseExecutor.runScript(TestCaseExecutor.java:442)
	at com.kms.katalon.core.main.TestCaseExecutor.doExecute(TestCaseExecutor.java:433)
	at com.kms.katalon.core.main.TestCaseExecutor.processExecutionPhase(TestCaseExecutor.java:412)
	at com.kms.katalon.core.main.TestCaseExecutor.accessMainPhase(TestCaseExecutor.java:404)
	at com.kms.katalon.core.main.TestCaseExecutor.execute(TestCaseExecutor.java:281)
	at com.kms.katalon.core.main.TestSuiteExecutor.accessTestCaseMainPhase(TestSuiteExecutor.java:202)
	at com.kms.katalon.core.main.TestSuiteExecutor.accessTestSuiteMainPhase(TestSuiteExecutor.java:164)
	at com.kms.katalon.core.main.TestSuiteExecutor.execute(TestSuiteExecutor.java:105)
	at com.kms.katalon.core.main.TestCaseMain.startTestSuite(TestCaseMain.java:181)
	at com.kms.katalon.core.main.TestCaseMain$startTestSuite$0.call(Unknown Source)
	at TempTestSuite1652756504740.run(TempTestSuite1652756504740.groovy:36)
Caused by: org.openqa.selenium.StaleElementReferenceException: Cached elements 'By.xpath: //*[@class = 'android.widget.TextView' and (@text = 'Staff ID does not exist' or . = 'Staff ID does not exist')]' do not exist in DOM anymore
For documentation on this error, please visit: https://www.seleniumhq.org/exceptions/stale_element_reference.html
Build info: version: '3.141.59', revision: 'e82be7d358', time: '2018-11-14T08:25:53'
System info: host: '80003200.local', ip: 'fe80:0:0:0:ca5:70ec:6aa6:d006%en0', os.name: 'Mac OS X', os.arch: 'x86_64', os.version: '10.15.7', java.version: '1.8.0_275'
Driver info: com.kms.katalon.core.appium.driver.SwipeableAndroidDriver
Capabilities {app: /Users/vinayeddla/Desktop/M..., appPackage: com.maybank2u.life.sit, appWaitActivity: *, autoGrantPermissions: true, automationName: uiautomator2, chromedriverPort: 49825, databaseEnabled: false, desired: {app: /Users/vinayeddla/Desktop/M..., appWaitActivity: *, autoGrantPermissions: true, automationName: uiautomator2, chromedriverPort: 49825, deviceId: 225ac1ea21057ece, deviceName: samsung SM-G960F (Android 10), fullReset: false, newCommandTimeout: 1800, noReset: true, platform: ANDROID, platformName: android, platformVersion: 10, systemPort: 49823, udid: 225ac1ea21057ece}, deviceApiLevel: 29, deviceId: 225ac1ea21057ece, deviceManufacturer: samsung, deviceModel: SM-G960F, deviceName: 225ac1ea21057ece, deviceScreenDensity: 480, deviceScreenSize: 1080x2220, deviceUDID: 225ac1ea21057ece, fullReset: false, javascriptEnabled: true, locationContextEnabled: false, networkConnectionEnabled: true, newCommandTimeout: 1800, noReset: true, pixelRatio: 3, platform: ANDROID, platformName: Android, platformVersion: 10, statBarHeight: 72, systemPort: 49823, takesScreenshot: true, udid: 225ac1ea21057ece, viewportRect: {height: 2004, left: 0, top: 72, width: 1080}, warnings: {}, webStorageEnabled: false}
Session ID: 97972f97-8ac7-4062-8f9e-4a870090725f
	at org.openqa.selenium.remote.http.W3CHttpResponseCodec.createException(W3CHttpResponseCodec.java:187)
	at org.openqa.selenium.remote.http.W3CHttpResponseCodec.decode(W3CHttpResponseCodec.java:122)
	at org.openqa.selenium.remote.http.W3CHttpResponseCodec.decode(W3CHttpResponseCodec.java:49)
	at org.openqa.selenium.remote.HttpCommandExecutor.execute(HttpCommandExecutor.java:158)
	at io.appium.java_client.remote.AppiumCommandExecutor.execute(AppiumCommandExecutor.java:239)
	at org.openqa.selenium.remote.RemoteWebDriver.execute(RemoteWebDriver.java:552)
	at io.appium.java_client.DefaultGenericMobileDriver.execute(DefaultGenericMobileDriver.java:42)
	at io.appium.java_client.AppiumDriver.execute(AppiumDriver.java:1)
	at io.appium.java_client.android.AndroidDriver.execute(AndroidDriver.java:1)
	at com.kms.katalon.core.appium.driver.SwipeableAndroidDriver.execute(SwipeableAndroidDriver.java:1)
	at org.openqa.selenium.remote.RemoteWebElement.execute(RemoteWebElement.java:285)
	at io.appium.java_client.DefaultGenericMobileElement.execute(DefaultGenericMobileElement.java:45)
	at io.appium.java_client.MobileElement.execute(MobileElement.java:1)
	at io.appium.java_client.android.AndroidElement.execute(AndroidElement.java:1)
	at org.openqa.selenium.remote.RemoteWebElement.getLocation(RemoteWebElement.java:337)
	at org.openqa.selenium.WebElement$getLocation.call(Unknown Source)
	at com.kms.katalon.core.mobile.keyword.internal.MobileAbstractKeyword.findElement(MobileAbstractKeyword.groovy:86)
	at com.kms.katalon.core.mobile.keyword.builtin.VerifyElementVisibleKeyword.access$1(VerifyElementVisibleKeyword.groovy)
	at com.kms.katalon.core.mobile.keyword.builtin.VerifyElementVisibleKeyword$_verifyElementVisible_closure1.doCall(VerifyElementVisibleKeyword.groovy:72)
	at com.kms.katalon.core.mobile.keyword.builtin.VerifyElementVisibleKeyword$_verifyElementVisible_closure1.call(VerifyElementVisibleKeyword.groovy)
	at com.kms.katalon.core.mobile.keyword.internal.MobileKeywordMain.runKeyword(MobileKeywordMain.groovy:21)
	... 19 more]]></system-err>
   </testsuite>
</testsuites>
