<?xml version="1.0" encoding="UTF-8"?>
<testsuites name="Maya Home" time="499.681" tests="5" failures="1" errors="0">
   <testsuite name="Maya Home" tests="5" failures="1" errors="0" time="499.681" skipped="0" timestamp="2022-04-26 08:12:56" hostname="vinayeddla - localhost" id="Test Suites/Maya Home">
      <properties>
         <property name="deviceName" value="samsung SM-G960F (Android 10)"/>
         <property name="devicePlatform" value=""/>
         <property name="logFolder" value="/Users/vinayeddla/git/MAYA-Home/Reports/20220426_081246/Maya Home/20220426_081246"/>
         <property name="logFiles" value="/Users/vinayeddla/git/MAYA-Home/Reports/20220426_081246/Maya Home/20220426_081246/execution0.log, /Users/vinayeddla/git/MAYA-Home/Reports/20220426_081246/Maya Home/20220426_081246/appium.log"/>
         <property name="attachments" value=""/>
         <property name="hostName" value="vinayeddla - localhost"/>
         <property name="os" value="Mac OS X 64bit"/>
         <property name="appiumServerStatus" value="{&quot;value&quot;:{&quot;build&quot;:{&quot;version&quot;:&quot;1.22.3&quot;}},&quot;sessionId&quot;:null,&quot;status&quot;:0}"/>
         <property name="katalonVersion" value="8.2.0.208"/>
         <property name="deviceOS" value="Android"/>
         <property name="appiumVersion" value="1.22.3"/>
         <property name="deviceModel" value="SM-G960F"/>
         <property name="hostAddress" value="127.0.0.1"/>
         <property name="deviceManufacturer" value="samsung"/>
         <property name="deviceId" value="225ac1ea21057ece"/>
         <property name="deviceName" value="samsung SM-G960F (Android 10)"/>
         <property name="deviceOSVersion" value="10"/>
      </properties>
      <testcase name="Test Cases/MayaHome/mayahome_CESearchProperties" time="64.794" classname="Test Cases/MayaHome/mayahome_CESearchProperties" status="PASSED">
         <system-out><![CDATA[2022-04-26 08:12:56 - [TEST_CASE][PASSED] - Test Cases/MayaHome/mayahome_CESearchProperties: Test Cases/MayaHome/mayahome_CESearchProperties

2022-04-26 08:12:57 - [TEST_STEP][PASSED] - startApplication(appPathSIT, false): Started app at: '/Users/vinayeddla/Desktop/MAE/app-sit-universal-release.apk'

2022-04-26 08:12:57 - [MESSAGE][INFO] - User set preference: ['appWaitActivity', '*']

2022-04-26 08:12:57 - [MESSAGE][INFO] - User set preference: ['deviceId', '225ac1ea21057ece']

2022-04-26 08:12:58 - [MESSAGE][INFO] - Appium server started on port 50,901

2022-04-26 08:13:10 - [MESSAGE][PASSED] - Started app at: '/Users/vinayeddla/Desktop/MAE/app-sit-universal-release.apk'

2022-04-26 08:13:10 - [TEST_STEP][PASSED] - tap(findTestObject("MayaHome/mayahome - MobileSpy 1/dashboard - more3dotsBtn"), 0, CONTINUE_ON_FAILURE): Tapped on element 'Object Repository/MayaHome/mayahome - MobileSpy 1/dashboard - more3dotsBtn'

2022-04-26 08:13:10 - [MESSAGE][WARNING] - Timeout '0' is invalid. Using default page load timeout: '20'

2022-04-26 08:13:15 - [MESSAGE][PASSED] - Tapped on element 'Object Repository/MayaHome/mayahome - MobileSpy 1/dashboard - more3dotsBtn'

2022-04-26 08:13:15 - [TEST_STEP][PASSED] - delay(3): Delayed 3 second(s)

2022-04-26 08:13:18 - [MESSAGE][PASSED] - Delayed 3 second(s)

2022-04-26 08:13:18 - [TEST_STEP][PASSED] - tap(findTestObject("MayaHome/mayahome - MobileSpy 3/home2u - Btn"), 0): Tapped on element 'Object Repository/MayaHome/mayahome - MobileSpy 3/home2u - Btn'

2022-04-26 08:13:18 - [MESSAGE][WARNING] - Timeout '0' is invalid. Using default page load timeout: '20'

2022-04-26 08:13:20 - [MESSAGE][PASSED] - Tapped on element 'Object Repository/MayaHome/mayahome - MobileSpy 3/home2u - Btn'

2022-04-26 08:13:20 - [TEST_STEP][PASSED] - if (verifyElementVisible(findTestObject("Login Onboarding/onboardWelcomeSkipBtn"), 0, OPTIONAL)): null

2022-04-26 08:13:20 - [MESSAGE][WARNING] - Timeout '0' is invalid. Using default page load timeout: '20'

2022-04-26 08:13:22 - [MESSAGE][PASSED] - Element 'Object Repository/Login Onboarding/onboardWelcomeSkipBtn' is visible

2022-04-26 08:13:22 - [TEST_STEP][PASSED] - waitForElementPresent(findTestObject("Login Onboarding/onboardWelcomeSkipBtn"), 3000): Element 'Object Repository/Login Onboarding/onboardWelcomeSkipBtn' is present

2022-04-26 08:13:23 - [MESSAGE][PASSED] - Element 'Object Repository/Login Onboarding/onboardWelcomeSkipBtn' is present

2022-04-26 08:13:23 - [TEST_STEP][PASSED] - tap(findTestObject("Login Onboarding/onboardWelcomeSkipBtn"), 0): Tapped on element 'Object Repository/Login Onboarding/onboardWelcomeSkipBtn'

2022-04-26 08:13:23 - [MESSAGE][WARNING] - Timeout '0' is invalid. Using default page load timeout: '20'

2022-04-26 08:13:23 - [MESSAGE][PASSED] - Tapped on element 'Object Repository/Login Onboarding/onboardWelcomeSkipBtn'

2022-04-26 08:13:23 - [TEST_STEP][PASSED] - verifyElementVisible(findTestObject("MayaHome/mayahome - MobileSpy 6/property - Header"), 0, CONTINUE_ON_FAILURE): Element 'Object Repository/MayaHome/mayahome - MobileSpy 6/property - Header' is visible

2022-04-26 08:13:23 - [MESSAGE][WARNING] - Timeout '0' is invalid. Using default page load timeout: '20'

2022-04-26 08:13:28 - [MESSAGE][PASSED] - Element 'Object Repository/MayaHome/mayahome - MobileSpy 6/property - Header' is visible

2022-04-26 08:13:28 - [TEST_STEP][PASSED] - verifyElementVisible(findTestObject("MayaHome/mayahome - MobileSpy 6/discover - Header"), 0, CONTINUE_ON_FAILURE): Element 'Object Repository/MayaHome/mayahome - MobileSpy 6/discover - Header' is visible

2022-04-26 08:13:28 - [MESSAGE][WARNING] - Timeout '0' is invalid. Using default page load timeout: '20'

2022-04-26 08:13:28 - [MESSAGE][PASSED] - Element 'Object Repository/MayaHome/mayahome - MobileSpy 6/discover - Header' is visible

2022-04-26 08:13:28 - [TEST_STEP][PASSED] - tap(findTestObject("MayaHome/mayahome - MobileSpy 1/Search properties - Txtfield"), 0): Tapped on element 'Object Repository/MayaHome/mayahome - MobileSpy 1/Search properties - Txtfield'

2022-04-26 08:13:28 - [MESSAGE][WARNING] - Timeout '0' is invalid. Using default page load timeout: '20'

2022-04-26 08:13:29 - [MESSAGE][PASSED] - Tapped on element 'Object Repository/MayaHome/mayahome - MobileSpy 1/Search properties - Txtfield'

2022-04-26 08:13:29 - [TEST_STEP][PASSED] - setText(findTestObject("MayaHome/mayahome - MobileSpy 1/searchproperties - editTxt"), findTestData("mayahomeCredentials").getValue(3, 1), 0): Text 'Kinabalu Residence' has been set to element 'Object Repository/MayaHome/mayahome - MobileSpy 1/searchproperties - editTxt'

2022-04-26 08:13:29 - [MESSAGE][WARNING] - Timeout '0' is invalid. Using default page load timeout: '20'

2022-04-26 08:13:31 - [MESSAGE][PASSED] - Text 'Kinabalu Residence' has been set to element 'Object Repository/MayaHome/mayahome - MobileSpy 1/searchproperties - editTxt'

2022-04-26 08:13:31 - [TEST_STEP][PASSED] - hideKeyboard(): Keyboard is hidden

2022-04-26 08:13:32 - [MESSAGE][PASSED] - Keyboard is hidden

2022-04-26 08:13:32 - [TEST_STEP][PASSED] - delay(2, STOP_ON_FAILURE): Delayed 2 second(s)

2022-04-26 08:13:34 - [MESSAGE][PASSED] - Delayed 2 second(s)

2022-04-26 08:13:34 - [TEST_STEP][PASSED] - waitForElementPresent(findTestObject("MayaHome/mayahome - MobileSpy 2/propertyDisplayCard - Frame"), 0): Element 'Object Repository/MayaHome/mayahome - MobileSpy 2/propertyDisplayCard - Frame' is present

2022-04-26 08:13:34 - [MESSAGE][WARNING] - Timeout '0' is invalid. Using default page load timeout: '20'

2022-04-26 08:13:35 - [MESSAGE][PASSED] - Element 'Object Repository/MayaHome/mayahome - MobileSpy 2/propertyDisplayCard - Frame' is present

2022-04-26 08:13:35 - [TEST_STEP][PASSED] - verifyElementVisible(findTestObject("MayaHome/mayahome - MobileSpy 2/propertyDisplayCard - Frame"), 0, CONTINUE_ON_FAILURE): Element 'Object Repository/MayaHome/mayahome - MobileSpy 2/propertyDisplayCard - Frame' is visible

2022-04-26 08:13:35 - [MESSAGE][WARNING] - Timeout '0' is invalid. Using default page load timeout: '20'

2022-04-26 08:13:35 - [MESSAGE][PASSED] - Element 'Object Repository/MayaHome/mayahome - MobileSpy 2/propertyDisplayCard - Frame' is visible

2022-04-26 08:13:35 - [TEST_STEP][PASSED] - doubleTap(findTestObject("MayaHome/mayahome - MobileSpy 2/propertyDisplayCard - Frame"), 0): Double tapped on element 'Object Repository/MayaHome/mayahome - MobileSpy 2/propertyDisplayCard - Frame'

2022-04-26 08:13:36 - [MESSAGE][WARNING] - Timeout '0' is invalid. Using default page load timeout: '20'

2022-04-26 08:13:37 - [MESSAGE][PASSED] - Double tapped on element 'Object Repository/MayaHome/mayahome - MobileSpy 2/propertyDisplayCard - Frame'

2022-04-26 08:13:37 - [TEST_STEP][PASSED] - delay(3, STOP_ON_FAILURE): Delayed 3 second(s)

2022-04-26 08:13:40 - [MESSAGE][PASSED] - Delayed 3 second(s)

2022-04-26 08:13:40 - [TEST_STEP][PASSED] - verifyElementVisible(findTestObject("MayaHome/mayahome - MobileSpy 6/propertyName - Txt"), 0, CONTINUE_ON_FAILURE): Element 'Object Repository/MayaHome/mayahome - MobileSpy 6/propertyName - Txt' is visible

2022-04-26 08:13:40 - [MESSAGE][WARNING] - Timeout '0' is invalid. Using default page load timeout: '20'

2022-04-26 08:13:41 - [MESSAGE][PASSED] - Element 'Object Repository/MayaHome/mayahome - MobileSpy 6/propertyName - Txt' is visible

2022-04-26 08:13:41 - [TEST_STEP][PASSED] - propertyName = getText(findTestObject("MayaHome/mayahome - MobileSpy 6/propertyName - Txt"), 0): Text of element 'Object Repository/MayaHome/mayahome - MobileSpy 6/propertyName - Txt' is: 'Kinabalu Residence'

2022-04-26 08:13:41 - [MESSAGE][WARNING] - Timeout '0' is invalid. Using default page load timeout: '20'

2022-04-26 08:13:41 - [MESSAGE][PASSED] - Text of element 'Object Repository/MayaHome/mayahome - MobileSpy 6/propertyName - Txt' is: 'Kinabalu Residence'

2022-04-26 08:13:41 - [TEST_STEP][PASSED] - verifyElementVisible(findTestObject("MayaHome/mayahome - MobileSpy 6/propertyPrice - Txt"), 0, CONTINUE_ON_FAILURE): Element 'Object Repository/MayaHome/mayahome - MobileSpy 6/propertyPrice - Txt' is visible

2022-04-26 08:13:41 - [MESSAGE][WARNING] - Timeout '0' is invalid. Using default page load timeout: '20'

2022-04-26 08:13:41 - [MESSAGE][PASSED] - Element 'Object Repository/MayaHome/mayahome - MobileSpy 6/propertyPrice - Txt' is visible

2022-04-26 08:13:41 - [TEST_STEP][PASSED] - propertyPrice = getText(findTestObject("MayaHome/mayahome - MobileSpy 6/propertyPrice - Txt"), 0): Text of element 'Object Repository/MayaHome/mayahome - MobileSpy 6/propertyPrice - Txt' is: 'RM 100,000 - RM 650,000'

2022-04-26 08:13:41 - [MESSAGE][WARNING] - Timeout '0' is invalid. Using default page load timeout: '20'

2022-04-26 08:13:42 - [MESSAGE][PASSED] - Text of element 'Object Repository/MayaHome/mayahome - MobileSpy 6/propertyPrice - Txt' is: 'RM 100,000 - RM 650,000'

2022-04-26 08:13:42 - [TEST_STEP][PASSED] - verifyElementVisible(findTestObject("MayaHome/mayahome - MobileSpy 6/propertySize - Txt"), 0, CONTINUE_ON_FAILURE): Element 'Object Repository/MayaHome/mayahome - MobileSpy 6/propertySize - Txt' is visible

2022-04-26 08:13:42 - [MESSAGE][WARNING] - Timeout '0' is invalid. Using default page load timeout: '20'

2022-04-26 08:13:42 - [MESSAGE][PASSED] - Element 'Object Repository/MayaHome/mayahome - MobileSpy 6/propertySize - Txt' is visible

2022-04-26 08:13:42 - [TEST_STEP][PASSED] - propertySize = getText(findTestObject("MayaHome/mayahome - MobileSpy 6/propertySize - Txt"), 0): Text of element 'Object Repository/MayaHome/mayahome - MobileSpy 6/propertySize - Txt' is: '1235 - 1821 sqft'

2022-04-26 08:13:42 - [MESSAGE][WARNING] - Timeout '0' is invalid. Using default page load timeout: '20'

2022-04-26 08:13:42 - [MESSAGE][PASSED] - Text of element 'Object Repository/MayaHome/mayahome - MobileSpy 6/propertySize - Txt' is: '1235 - 1821 sqft'

2022-04-26 08:13:42 - [TEST_STEP][PASSED] - verifyElementVisible(findTestObject("MayaHome/mayahome - MobileSpy 6/unitType - txt"), 0, CONTINUE_ON_FAILURE): Element 'Object Repository/MayaHome/mayahome - MobileSpy 6/unitType - txt' is visible

2022-04-26 08:13:42 - [MESSAGE][WARNING] - Timeout '0' is invalid. Using default page load timeout: '20'

2022-04-26 08:13:43 - [MESSAGE][PASSED] - Element 'Object Repository/MayaHome/mayahome - MobileSpy 6/unitType - txt' is visible

2022-04-26 08:13:43 - [TEST_STEP][PASSED] - unitType = getText(findTestObject("MayaHome/mayahome - MobileSpy 6/unitType - txt"), 0): Text of element 'Object Repository/MayaHome/mayahome - MobileSpy 6/unitType - txt' is: 'Semi-detached
SOHO - Small Office Home Office
SOFO  - Small Office Virtual Office
Service Apartment
Terrace / Link
Detached / Bungalow
Townhouse
Condominium'

2022-04-26 08:13:43 - [MESSAGE][WARNING] - Timeout '0' is invalid. Using default page load timeout: '20'

2022-04-26 08:13:43 - [MESSAGE][PASSED] - Text of element 'Object Repository/MayaHome/mayahome - MobileSpy 6/unitType - txt' is: 'Semi-detached
SOHO - Small Office Home Office
SOFO  - Small Office Virtual Office
Service Apartment
Terrace / Link
Detached / Bungalow
Townhouse
Condominium'

2022-04-26 08:13:43 - [TEST_STEP][PASSED] - scrollToText("Unit Types"): Scrolling to text 'Unit Types' successfully

2022-04-26 08:13:48 - [MESSAGE][PASSED] - Scrolling to text 'Unit Types' successfully

2022-04-26 08:13:48 - [TEST_STEP][PASSED] - verifyElementVisible(findTestObject("MayaHome/mayahome - MobileSpy 6/unitType - Header"), 0, CONTINUE_ON_FAILURE): Element 'Object Repository/MayaHome/mayahome - MobileSpy 6/unitType - Header' is visible

2022-04-26 08:13:48 - [MESSAGE][WARNING] - Timeout '0' is invalid. Using default page load timeout: '20'

2022-04-26 08:13:49 - [MESSAGE][PASSED] - Element 'Object Repository/MayaHome/mayahome - MobileSpy 6/unitType - Header' is visible

2022-04-26 08:13:49 - [TEST_STEP][PASSED] - verifyElementVisible(findTestObject("MayaHome/mayahome - MobileSpy 6/unitTypeVisualCard1 - Img"), 0, CONTINUE_ON_FAILURE): Element 'Object Repository/MayaHome/mayahome - MobileSpy 6/unitTypeVisualCard1 - Img' is visible

2022-04-26 08:13:49 - [MESSAGE][WARNING] - Timeout '0' is invalid. Using default page load timeout: '20'

2022-04-26 08:13:49 - [MESSAGE][PASSED] - Element 'Object Repository/MayaHome/mayahome - MobileSpy 6/unitTypeVisualCard1 - Img' is visible

2022-04-26 08:13:49 - [TEST_STEP][PASSED] - scrollToText("Check Eligibility"): Scrolling to text 'Check Eligibility' successfully

2022-04-26 08:14:00 - [MESSAGE][PASSED] - Scrolling to text 'Check Eligibility' successfully

2022-04-26 08:14:00 - [TEST_STEP][PASSED] - verifyElementVisible(findTestObject("MayaHome/mayahome - MobileSpy 6/developer - Header"), 0, CONTINUE_ON_FAILURE): Element 'Object Repository/MayaHome/mayahome - MobileSpy 6/developer - Header' is visible

2022-04-26 08:14:00 - [MESSAGE][WARNING] - Timeout '0' is invalid. Using default page load timeout: '20'

2022-04-26 08:14:00 - [MESSAGE][PASSED] - Element 'Object Repository/MayaHome/mayahome - MobileSpy 6/developer - Header' is visible

2022-04-26 08:14:00 - [TEST_STEP][PASSED] - verifyElementVisible(findTestObject("MayaHome/mayahome - MobileSpy 6/developerNameCEscreen - Txt"), 0, CONTINUE_ON_FAILURE): Element 'Object Repository/MayaHome/mayahome - MobileSpy 6/developerNameCEscreen - Txt' is visible

2022-04-26 08:14:00 - [MESSAGE][WARNING] - Timeout '0' is invalid. Using default page load timeout: '20'

2022-04-26 08:14:00 - [MESSAGE][PASSED] - Element 'Object Repository/MayaHome/mayahome - MobileSpy 6/developerNameCEscreen - Txt' is visible

2022-04-26 08:14:00 - [TEST_STEP][PASSED] - developerName = getText(findTestObject("MayaHome/mayahome - MobileSpy 6/developerNameCEscreen - Txt"), 0): Text of element 'Object Repository/MayaHome/mayahome - MobileSpy 6/developerNameCEscreen - Txt' is: 'Eco World'

2022-04-26 08:14:00 - [MESSAGE][WARNING] - Timeout '0' is invalid. Using default page load timeout: '20'

2022-04-26 08:14:00 - [MESSAGE][PASSED] - Text of element 'Object Repository/MayaHome/mayahome - MobileSpy 6/developerNameCEscreen - Txt' is: 'Eco World'

2022-04-26 08:14:00 - [TEST_STEP][PASSED] - println("Property Name: " + propertyName): null

2022-04-26 08:14:00 - [TEST_STEP][PASSED] - println("Property Price: " + propertyPrice): null

2022-04-26 08:14:00 - [TEST_STEP][PASSED] - println("Property Size: " + propertySize): null

2022-04-26 08:14:00 - [TEST_STEP][PASSED] - println("Unit Type: " + unitType): null

2022-04-26 08:14:00 - [TEST_STEP][PASSED] - println("Developer Name" + developerName): null

2022-04-26 08:14:00 - [TEST_STEP][PASSED] - tap(findTestObject("MayaHome/mayahome - MobileSpy 1/checkeligibility - Btn"), 0): Tapped on element 'Object Repository/MayaHome/mayahome - MobileSpy 1/checkeligibility - Btn'

2022-04-26 08:14:01 - [MESSAGE][WARNING] - Timeout '0' is invalid. Using default page load timeout: '20'

2022-04-26 08:14:01 - [MESSAGE][PASSED] - Tapped on element 'Object Repository/MayaHome/mayahome - MobileSpy 1/checkeligibility - Btn']]></system-out>
         <system-err><![CDATA[]]></system-err>
      </testcase>
      <testcase name="Test Cases/MayaHome/mayahome_CEAgreementCheck" time="25.287" classname="Test Cases/MayaHome/mayahome_CEAgreementCheck" status="PASSED">
         <system-out><![CDATA[2022-04-26 08:14:01 - [TEST_CASE][PASSED] - Test Cases/MayaHome/mayahome_CEAgreementCheck: Test Cases/MayaHome/mayahome_CEAgreementCheck

2022-04-26 08:14:01 - [TEST_STEP][PASSED] - if (verifyElementExist(findTestObject("MayaHome/mayahome - MobileSpy 2/header6DigitPin - Txt"), 0, OPTIONAL)): null

2022-04-26 08:14:01 - [MESSAGE][WARNING] - Timeout '0' is invalid. Using default page load timeout: '20'

2022-04-26 08:14:03 - [MESSAGE][PASSED] - Element 'Object Repository/MayaHome/mayahome - MobileSpy 2/header6DigitPin - Txt' is exist

2022-04-26 08:14:03 - [TEST_STEP][PASSED] - tap(findTestObject("MayaHome/mayahome - MobileSpy 1/pinlogin - 1"), 0): Tapped on element 'Object Repository/MayaHome/mayahome - MobileSpy 1/pinlogin - 1'

2022-04-26 08:14:03 - [MESSAGE][WARNING] - Timeout '0' is invalid. Using default page load timeout: '20'

2022-04-26 08:14:03 - [MESSAGE][PASSED] - Tapped on element 'Object Repository/MayaHome/mayahome - MobileSpy 1/pinlogin - 1'

2022-04-26 08:14:03 - [TEST_STEP][PASSED] - tap(findTestObject("MayaHome/mayahome - MobileSpy 1/pinlogin - 2"), 0): Tapped on element 'Object Repository/MayaHome/mayahome - MobileSpy 1/pinlogin - 2'

2022-04-26 08:14:03 - [MESSAGE][WARNING] - Timeout '0' is invalid. Using default page load timeout: '20'

2022-04-26 08:14:05 - [MESSAGE][PASSED] - Tapped on element 'Object Repository/MayaHome/mayahome - MobileSpy 1/pinlogin - 2'

2022-04-26 08:14:05 - [TEST_STEP][PASSED] - tap(findTestObject("MayaHome/mayahome - MobileSpy 1/pinlogin - 3"), 0): Tapped on element 'Object Repository/MayaHome/mayahome - MobileSpy 1/pinlogin - 3'

2022-04-26 08:14:05 - [MESSAGE][WARNING] - Timeout '0' is invalid. Using default page load timeout: '20'

2022-04-26 08:14:07 - [MESSAGE][PASSED] - Tapped on element 'Object Repository/MayaHome/mayahome - MobileSpy 1/pinlogin - 3'

2022-04-26 08:14:07 - [TEST_STEP][PASSED] - tap(findTestObject("MayaHome/mayahome - MobileSpy 1/pinlogin - 4"), 0): Tapped on element 'Object Repository/MayaHome/mayahome - MobileSpy 1/pinlogin - 4'

2022-04-26 08:14:07 - [MESSAGE][WARNING] - Timeout '0' is invalid. Using default page load timeout: '20'

2022-04-26 08:14:08 - [MESSAGE][PASSED] - Tapped on element 'Object Repository/MayaHome/mayahome - MobileSpy 1/pinlogin - 4'

2022-04-26 08:14:08 - [TEST_STEP][PASSED] - tap(findTestObject("MayaHome/mayahome - MobileSpy 1/pinlogin - 5"), 0): Tapped on element 'Object Repository/MayaHome/mayahome - MobileSpy 1/pinlogin - 5'

2022-04-26 08:14:08 - [MESSAGE][WARNING] - Timeout '0' is invalid. Using default page load timeout: '20'

2022-04-26 08:14:10 - [MESSAGE][PASSED] - Tapped on element 'Object Repository/MayaHome/mayahome - MobileSpy 1/pinlogin - 5'

2022-04-26 08:14:10 - [TEST_STEP][PASSED] - tap(findTestObject("MayaHome/mayahome - MobileSpy 1/pinlogin - 6"), 0): Tapped on element 'Object Repository/MayaHome/mayahome - MobileSpy 1/pinlogin - 6'

2022-04-26 08:14:10 - [MESSAGE][WARNING] - Timeout '0' is invalid. Using default page load timeout: '20'

2022-04-26 08:14:12 - [MESSAGE][PASSED] - Tapped on element 'Object Repository/MayaHome/mayahome - MobileSpy 1/pinlogin - 6'

2022-04-26 08:14:12 - [TEST_STEP][PASSED] - delay(3): Delayed 3 second(s)

2022-04-26 08:14:15 - [MESSAGE][PASSED] - Delayed 3 second(s)

2022-04-26 08:14:15 - [TEST_STEP][PASSED] - verifyElementVisible(findTestObject("MayaHome/mayahome - MobileSpy 6/checkEligibility - Header"), 0): Element 'Object Repository/MayaHome/mayahome - MobileSpy 6/checkEligibility - Header' is visible

2022-04-26 08:14:15 - [MESSAGE][WARNING] - Timeout '0' is invalid. Using default page load timeout: '20'

2022-04-26 08:14:24 - [MESSAGE][PASSED] - Element 'Object Repository/MayaHome/mayahome - MobileSpy 6/checkEligibility - Header' is visible

2022-04-26 08:14:24 - [TEST_STEP][PASSED] - verifyElementVisible(findTestObject("MayaHome/mayahome - MobileSpy 6/checkEligibilityAgreement - Header"), 0): Element 'Object Repository/MayaHome/mayahome - MobileSpy 6/checkEligibilityAgreement - Header' is visible

2022-04-26 08:14:24 - [MESSAGE][WARNING] - Timeout '0' is invalid. Using default page load timeout: '20'

2022-04-26 08:14:25 - [MESSAGE][PASSED] - Element 'Object Repository/MayaHome/mayahome - MobileSpy 6/checkEligibilityAgreement - Header' is visible

2022-04-26 08:14:25 - [TEST_STEP][PASSED] - verifyElementVisible(findTestObject("MayaHome/mayahome - MobileSpy 6/checkEligibilityAgreement - Txt"), 0): Element 'Object Repository/MayaHome/mayahome - MobileSpy 6/checkEligibilityAgreement - Txt' is visible

2022-04-26 08:14:25 - [MESSAGE][WARNING] - Timeout '0' is invalid. Using default page load timeout: '20'

2022-04-26 08:14:25 - [MESSAGE][PASSED] - Element 'Object Repository/MayaHome/mayahome - MobileSpy 6/checkEligibilityAgreement - Txt' is visible

2022-04-26 08:14:25 - [TEST_STEP][PASSED] - tap(findTestObject("MayaHome/mayahome - MobileSpy 1/termagreement - tickBtn"), 0): Tapped on element 'Object Repository/MayaHome/mayahome - MobileSpy 1/termagreement - tickBtn'

2022-04-26 08:14:25 - [MESSAGE][WARNING] - Timeout '0' is invalid. Using default page load timeout: '20'

2022-04-26 08:14:25 - [MESSAGE][PASSED] - Tapped on element 'Object Repository/MayaHome/mayahome - MobileSpy 1/termagreement - tickBtn'

2022-04-26 08:14:25 - [TEST_STEP][PASSED] - tap(findTestObject("MayaHome/mayahome - MobileSpy 1/confirm - Btn"), 0): Tapped on element 'Object Repository/MayaHome/mayahome - MobileSpy 1/confirm - Btn'

2022-04-26 08:14:25 - [MESSAGE][WARNING] - Timeout '0' is invalid. Using default page load timeout: '20'

2022-04-26 08:14:26 - [MESSAGE][PASSED] - Tapped on element 'Object Repository/MayaHome/mayahome - MobileSpy 1/confirm - Btn']]></system-out>
         <system-err><![CDATA[]]></system-err>
      </testcase>
      <testcase name="Test Cases/MayaHome/mayahome_CEAgentPropertyData" time="12.131" classname="Test Cases/MayaHome/mayahome_CEAgentPropertyData" status="PASSED">
         <system-out><![CDATA[2022-04-26 08:14:26 - [TEST_CASE][PASSED] - Test Cases/MayaHome/mayahome_CEAgentPropertyData: Test Cases/MayaHome/mayahome_CEAgentPropertyData

2022-04-26 08:14:27 - [TEST_STEP][PASSED] - setText(findTestObject("MayaHome/mayahome - MobileSpy 1/propertyagent - Txtfield"), findTestData("mayahomeCredentials").getValue(2, 1), 0): Text '00130052' has been set to element 'Object Repository/MayaHome/mayahome - MobileSpy 1/propertyagent - Txtfield'

2022-04-26 08:14:27 - [MESSAGE][WARNING] - Timeout '0' is invalid. Using default page load timeout: '20'

2022-04-26 08:14:31 - [MESSAGE][PASSED] - Text '00130052' has been set to element 'Object Repository/MayaHome/mayahome - MobileSpy 1/propertyagent - Txtfield'

2022-04-26 08:14:31 - [TEST_STEP][PASSED] - staffNumber = getText(findTestObject("MayaHome/mayahome - MobileSpy 4/staffNumberEnter - Txt"), 0): Text of element 'Object Repository/MayaHome/mayahome - MobileSpy 4/staffNumberEnter - Txt' is: '00130052'

2022-04-26 08:14:31 - [MESSAGE][WARNING] - Timeout '0' is invalid. Using default page load timeout: '20'

2022-04-26 08:14:32 - [MESSAGE][PASSED] - Text of element 'Object Repository/MayaHome/mayahome - MobileSpy 4/staffNumberEnter - Txt' is: '00130052'

2022-04-26 08:14:32 - [TEST_STEP][PASSED] - tap(findTestObject("MayaHome/mayahome - MobileSpy 1/agentSelectConfirm - Btn"), 0): Tapped on element 'Object Repository/MayaHome/mayahome - MobileSpy 1/agentSelectConfirm - Btn'

2022-04-26 08:14:32 - [MESSAGE][WARNING] - Timeout '0' is invalid. Using default page load timeout: '20'

2022-04-26 08:14:32 - [MESSAGE][PASSED] - Tapped on element 'Object Repository/MayaHome/mayahome - MobileSpy 1/agentSelectConfirm - Btn'

2022-04-26 08:14:32 - [TEST_STEP][PASSED] - delay(2, STOP_ON_FAILURE): Delayed 2 second(s)

2022-04-26 08:14:34 - [MESSAGE][PASSED] - Delayed 2 second(s)

2022-04-26 08:14:34 - [TEST_STEP][PASSED] - waitForElementPresent(findTestObject("MayaHome/mayahome - MobileSpy 4/staffNameHeader - Txt"), 0, CONTINUE_ON_FAILURE): Element 'Object Repository/MayaHome/mayahome - MobileSpy 4/staffNameHeader - Txt' is present

2022-04-26 08:14:34 - [MESSAGE][WARNING] - Timeout '0' is invalid. Using default page load timeout: '20'

2022-04-26 08:14:37 - [MESSAGE][PASSED] - Element 'Object Repository/MayaHome/mayahome - MobileSpy 4/staffNameHeader - Txt' is present

2022-04-26 08:14:37 - [TEST_STEP][PASSED] - verifyElementVisible(findTestObject("MayaHome/mayahome - MobileSpy 4/staffNameHeader - Txt"), 0, CONTINUE_ON_FAILURE): Element 'Object Repository/MayaHome/mayahome - MobileSpy 4/staffNameHeader - Txt' is visible

2022-04-26 08:14:37 - [MESSAGE][WARNING] - Timeout '0' is invalid. Using default page load timeout: '20'

2022-04-26 08:14:37 - [MESSAGE][PASSED] - Element 'Object Repository/MayaHome/mayahome - MobileSpy 4/staffNameHeader - Txt' is visible

2022-04-26 08:14:37 - [TEST_STEP][PASSED] - verifyElementVisible(findTestObject("MayaHome/mayahome - MobileSpy 4/staffNameReview - Txt"), 0, CONTINUE_ON_FAILURE): Element 'Object Repository/MayaHome/mayahome - MobileSpy 4/staffNameReview - Txt' is visible

2022-04-26 08:14:37 - [MESSAGE][WARNING] - Timeout '0' is invalid. Using default page load timeout: '20'

2022-04-26 08:14:38 - [MESSAGE][PASSED] - Element 'Object Repository/MayaHome/mayahome - MobileSpy 4/staffNameReview - Txt' is visible

2022-04-26 08:14:38 - [TEST_STEP][PASSED] - verifyElementVisible(findTestObject("MayaHome/mayahome - MobileSpy 4/staffNumberHeader - Txt"), 0, CONTINUE_ON_FAILURE): Element 'Object Repository/MayaHome/mayahome - MobileSpy 4/staffNumberHeader - Txt' is visible

2022-04-26 08:14:38 - [MESSAGE][WARNING] - Timeout '0' is invalid. Using default page load timeout: '20'

2022-04-26 08:14:38 - [MESSAGE][PASSED] - Element 'Object Repository/MayaHome/mayahome - MobileSpy 4/staffNumberHeader - Txt' is visible

2022-04-26 08:14:38 - [TEST_STEP][PASSED] - verifyElementText(findTestObject("MayaHome/mayahome - MobileSpy 4/staffNumberReview - Txt"), staffNumber, CONTINUE_ON_FAILURE): Actual text and expected text of test object 'Object Repository/MayaHome/mayahome - MobileSpy 4/staffNumberReview - Txt' are matched.

2022-04-26 08:14:38 - [MESSAGE][PASSED] - Actual text and expected text of test object 'Object Repository/MayaHome/mayahome - MobileSpy 4/staffNumberReview - Txt' are matched.

2022-04-26 08:14:38 - [TEST_STEP][PASSED] - tap(findTestObject("MayaHome/mayahome - MobileSpy 1/agentSelectYes - Btn"), 0): Tapped on element 'Object Repository/MayaHome/mayahome - MobileSpy 1/agentSelectYes - Btn'

2022-04-26 08:14:38 - [MESSAGE][WARNING] - Timeout '0' is invalid. Using default page load timeout: '20'

2022-04-26 08:14:38 - [MESSAGE][PASSED] - Tapped on element 'Object Repository/MayaHome/mayahome - MobileSpy 1/agentSelectYes - Btn']]></system-out>
         <system-err><![CDATA[]]></system-err>
      </testcase>
      <testcase name="Test Cases/MayaHome/mayahome_CEUnitType" time="11.173" classname="Test Cases/MayaHome/mayahome_CEUnitType" status="PASSED">
         <system-out><![CDATA[2022-04-26 08:14:38 - [TEST_CASE][PASSED] - Test Cases/MayaHome/mayahome_CEUnitType: Test Cases/MayaHome/mayahome_CEUnitType

2022-04-26 08:14:39 - [TEST_STEP][PASSED] - waitForElementPresent(findTestObject("MayaHome/mayahome - MobileSpy 2/headerPropertyName(UnitType) - Txt"), 5): Element 'Object Repository/MayaHome/mayahome - MobileSpy 2/headerPropertyName(UnitType) - Txt' is present

2022-04-26 08:14:42 - [MESSAGE][PASSED] - Element 'Object Repository/MayaHome/mayahome - MobileSpy 2/headerPropertyName(UnitType) - Txt' is present

2022-04-26 08:14:42 - [TEST_STEP][PASSED] - verifyElementVisible(findTestObject("MayaHome/mayahome - MobileSpy 6/UTpropertyName - Txt"), 0): Element 'Object Repository/MayaHome/mayahome - MobileSpy 6/UTpropertyName - Txt' is visible

2022-04-26 08:14:42 - [MESSAGE][WARNING] - Timeout '0' is invalid. Using default page load timeout: '20'

2022-04-26 08:14:42 - [MESSAGE][PASSED] - Element 'Object Repository/MayaHome/mayahome - MobileSpy 6/UTpropertyName - Txt' is visible

2022-04-26 08:14:42 - [TEST_STEP][PASSED] - verifyElementVisible(findTestObject("MayaHome/mayahome - MobileSpy 6/UTpropertyLayout - Img"), 0): Element 'Object Repository/MayaHome/mayahome - MobileSpy 6/UTpropertyLayout - Img' is visible

2022-04-26 08:14:42 - [MESSAGE][WARNING] - Timeout '0' is invalid. Using default page load timeout: '20'

2022-04-26 08:14:42 - [MESSAGE][PASSED] - Element 'Object Repository/MayaHome/mayahome - MobileSpy 6/UTpropertyLayout - Img' is visible

2022-04-26 08:14:42 - [TEST_STEP][PASSED] - verifyElementVisible(findTestObject("MayaHome/mayahome - MobileSpy 6/UTpropertyPrice - Txt"), 0): Element 'Object Repository/MayaHome/mayahome - MobileSpy 6/UTpropertyPrice - Txt' is visible

2022-04-26 08:14:42 - [MESSAGE][WARNING] - Timeout '0' is invalid. Using default page load timeout: '20'

2022-04-26 08:14:43 - [MESSAGE][PASSED] - Element 'Object Repository/MayaHome/mayahome - MobileSpy 6/UTpropertyPrice - Txt' is visible

2022-04-26 08:14:43 - [TEST_STEP][PASSED] - verifyElementVisible(findTestObject("MayaHome/mayahome - MobileSpy 2/unittypeCornerLot - Frame"), 0): Element 'Object Repository/MayaHome/mayahome - MobileSpy 2/unittypeCornerLot - Frame' is visible

2022-04-26 08:14:43 - [MESSAGE][WARNING] - Timeout '0' is invalid. Using default page load timeout: '20'

2022-04-26 08:14:43 - [MESSAGE][PASSED] - Element 'Object Repository/MayaHome/mayahome - MobileSpy 2/unittypeCornerLot - Frame' is visible

2022-04-26 08:14:43 - [TEST_STEP][PASSED] - tap(findTestObject("MayaHome/mayahome - MobileSpy 2/unittypeCornerLot - Frame"), 0): Tapped on element 'Object Repository/MayaHome/mayahome - MobileSpy 2/unittypeCornerLot - Frame'

2022-04-26 08:14:43 - [MESSAGE][WARNING] - Timeout '0' is invalid. Using default page load timeout: '20'

2022-04-26 08:14:44 - [MESSAGE][PASSED] - Tapped on element 'Object Repository/MayaHome/mayahome - MobileSpy 2/unittypeCornerLot - Frame'

2022-04-26 08:14:44 - [TEST_STEP][PASSED] - tap(findTestObject("MayaHome/mayahome - MobileSpy 1/unitselectionconfirm - Btn"), 0): Tapped on element 'Object Repository/MayaHome/mayahome - MobileSpy 1/unitselectionconfirm - Btn'

2022-04-26 08:14:44 - [MESSAGE][WARNING] - Timeout '0' is invalid. Using default page load timeout: '20'

2022-04-26 08:14:45 - [MESSAGE][PASSED] - Tapped on element 'Object Repository/MayaHome/mayahome - MobileSpy 1/unitselectionconfirm - Btn'

2022-04-26 08:14:45 - [TEST_STEP][PASSED] - delay(5, STOP_ON_FAILURE): Delayed 5 second(s)

2022-04-26 08:14:50 - [MESSAGE][PASSED] - Delayed 5 second(s)]]></system-out>
         <system-err><![CDATA[]]></system-err>
      </testcase>
      <testcase name="Test Cases/MayaHome/mayahome_CEReviewApplication" time="386.052" classname="Test Cases/MayaHome/mayahome_CEReviewApplication" status="FAILED">
         <failure type="FAILED" message="Test Cases/MayaHome/mayahome_CEReviewApplication FAILED.
Reason:
com.kms.katalon.core.exception.StepFailedException: Element 'Object Repository/MayaHome/mayahome - MobileSpy 2/successAppliedOkay - Btn' not found
	at com.kms.katalon.core.keyword.internal.KeywordMain.stepFailed(KeywordMain.groovy:50)
	at com.kms.katalon.core.mobile.keyword.internal.MobileKeywordMain.stepFailed(MobileKeywordMain.groovy:40)
	at com.kms.katalon.core.mobile.keyword.builtin.VerifyElementVisibleKeyword$_verifyElementVisible_closure1.doCall(VerifyElementVisibleKeyword.groovy:82)
	at com.kms.katalon.core.mobile.keyword.builtin.VerifyElementVisibleKeyword$_verifyElementVisible_closure1.call(VerifyElementVisibleKeyword.groovy)
	at com.kms.katalon.core.mobile.keyword.internal.MobileKeywordMain.runKeyword(MobileKeywordMain.groovy:21)
	at com.kms.katalon.core.mobile.keyword.builtin.VerifyElementVisibleKeyword.verifyElementVisible(VerifyElementVisibleKeyword.groovy:85)
	at com.kms.katalon.core.mobile.keyword.builtin.VerifyElementVisibleKeyword.execute(VerifyElementVisibleKeyword.groovy:64)
	at com.kms.katalon.core.keyword.internal.KeywordExecutor.executeKeywordForPlatform(KeywordExecutor.groovy:74)
	at com.kms.katalon.core.mobile.keyword.MobileBuiltInKeywords.verifyElementVisible(MobileBuiltInKeywords.groovy:1896)
	at com.kms.katalon.core.mobile.keyword.MobileBuiltInKeywords$verifyElementVisible$10.call(Unknown Source)
	at mayahome_CEReviewApplication.run(mayahome_CEReviewApplication:251)
	at com.kms.katalon.core.main.ScriptEngine.run(ScriptEngine.java:194)
	at com.kms.katalon.core.main.ScriptEngine.runScriptAsRawText(ScriptEngine.java:119)
	at com.kms.katalon.core.main.TestCaseExecutor.runScript(TestCaseExecutor.java:442)
	at com.kms.katalon.core.main.TestCaseExecutor.doExecute(TestCaseExecutor.java:433)
	at com.kms.katalon.core.main.TestCaseExecutor.processExecutionPhase(TestCaseExecutor.java:412)
	at com.kms.katalon.core.main.TestCaseExecutor.accessMainPhase(TestCaseExecutor.java:404)
	at com.kms.katalon.core.main.TestCaseExecutor.execute(TestCaseExecutor.java:281)
	at com.kms.katalon.core.main.TestSuiteExecutor.accessTestCaseMainPhase(TestSuiteExecutor.java:202)
	at com.kms.katalon.core.main.TestSuiteExecutor.accessTestSuiteMainPhase(TestSuiteExecutor.java:164)
	at com.kms.katalon.core.main.TestSuiteExecutor.execute(TestSuiteExecutor.java:105)
	at com.kms.katalon.core.main.TestCaseMain.startTestSuite(TestCaseMain.java:181)
	at com.kms.katalon.core.main.TestCaseMain$startTestSuite$0.call(Unknown Source)
	at TempTestSuite1650931966467.run(TempTestSuite1650931966467.groovy:36)
"/>
         <system-out><![CDATA[2022-04-26 08:14:50 - [TEST_CASE][FAILED] - Test Cases/MayaHome/mayahome_CEReviewApplication: Test Cases/MayaHome/mayahome_CEReviewApplication FAILED.
Reason:
com.kms.katalon.core.exception.StepFailedException: Element 'Object Repository/MayaHome/mayahome - MobileSpy 2/successAppliedOkay - Btn' not found
	at com.kms.katalon.core.keyword.internal.KeywordMain.stepFailed(KeywordMain.groovy:50)
	at com.kms.katalon.core.mobile.keyword.internal.MobileKeywordMain.stepFailed(MobileKeywordMain.groovy:40)
	at com.kms.katalon.core.mobile.keyword.builtin.VerifyElementVisibleKeyword$_verifyElementVisible_closure1.doCall(VerifyElementVisibleKeyword.groovy:82)
	at com.kms.katalon.core.mobile.keyword.builtin.VerifyElementVisibleKeyword$_verifyElementVisible_closure1.call(VerifyElementVisibleKeyword.groovy)
	at com.kms.katalon.core.mobile.keyword.internal.MobileKeywordMain.runKeyword(MobileKeywordMain.groovy:21)
	at com.kms.katalon.core.mobile.keyword.builtin.VerifyElementVisibleKeyword.verifyElementVisible(VerifyElementVisibleKeyword.groovy:85)
	at com.kms.katalon.core.mobile.keyword.builtin.VerifyElementVisibleKeyword.execute(VerifyElementVisibleKeyword.groovy:64)
	at com.kms.katalon.core.keyword.internal.KeywordExecutor.executeKeywordForPlatform(KeywordExecutor.groovy:74)
	at com.kms.katalon.core.mobile.keyword.MobileBuiltInKeywords.verifyElementVisible(MobileBuiltInKeywords.groovy:1896)
	at com.kms.katalon.core.mobile.keyword.MobileBuiltInKeywords$verifyElementVisible$10.call(Unknown Source)
	at mayahome_CEReviewApplication.run(mayahome_CEReviewApplication:251)
	at com.kms.katalon.core.main.ScriptEngine.run(ScriptEngine.java:194)
	at com.kms.katalon.core.main.ScriptEngine.runScriptAsRawText(ScriptEngine.java:119)
	at com.kms.katalon.core.main.TestCaseExecutor.runScript(TestCaseExecutor.java:442)
	at com.kms.katalon.core.main.TestCaseExecutor.doExecute(TestCaseExecutor.java:433)
	at com.kms.katalon.core.main.TestCaseExecutor.processExecutionPhase(TestCaseExecutor.java:412)
	at com.kms.katalon.core.main.TestCaseExecutor.accessMainPhase(TestCaseExecutor.java:404)
	at com.kms.katalon.core.main.TestCaseExecutor.execute(TestCaseExecutor.java:281)
	at com.kms.katalon.core.main.TestSuiteExecutor.accessTestCaseMainPhase(TestSuiteExecutor.java:202)
	at com.kms.katalon.core.main.TestSuiteExecutor.accessTestSuiteMainPhase(TestSuiteExecutor.java:164)
	at com.kms.katalon.core.main.TestSuiteExecutor.execute(TestSuiteExecutor.java:105)
	at com.kms.katalon.core.main.TestCaseMain.startTestSuite(TestCaseMain.java:181)
	at com.kms.katalon.core.main.TestCaseMain$startTestSuite$0.call(Unknown Source)
	at TempTestSuite1650931966467.run(TempTestSuite1650931966467.groovy:36)


2022-04-26 08:14:50 - [TEST_STEP][PASSED] - tap(findTestObject("MayaHome/mayahome - MobileSpy 1/propertyPrice - Txtfield"), 0): Tapped on element 'Object Repository/MayaHome/mayahome - MobileSpy 1/propertyPrice - Txtfield'

2022-04-26 08:14:50 - [MESSAGE][WARNING] - Timeout '0' is invalid. Using default page load timeout: '20'

2022-04-26 08:14:50 - [MESSAGE][PASSED] - Tapped on element 'Object Repository/MayaHome/mayahome - MobileSpy 1/propertyPrice - Txtfield'

2022-04-26 08:14:50 - [TEST_STEP][PASSED] - propertypriceEnter = findTestData("mayahomeCredentials").getValue(4, 1): null

2022-04-26 08:14:50 - [TEST_STEP][PASSED] - for ([i = 0, i <= 7, (i++)]): null

2022-04-26 08:14:50 - [TEST_STEP][PASSED] - if (propertypriceEnter[i] == "0"): null

2022-04-26 08:14:50 - [TEST_STEP][PASSED] - if (propertypriceEnter[i] == "1"): Tapped on element 'Object Repository/Login Onboarding/PIN1'

2022-04-26 08:14:50 - [TEST_STEP][PASSED] - tap(findTestObject("Login Onboarding/PIN1"), 0): Tapped on element 'Object Repository/Login Onboarding/PIN1'

2022-04-26 08:14:51 - [MESSAGE][WARNING] - Timeout '0' is invalid. Using default page load timeout: '20'

2022-04-26 08:14:52 - [MESSAGE][PASSED] - Tapped on element 'Object Repository/Login Onboarding/PIN1'

2022-04-26 08:14:52 - [TEST_STEP][PASSED] - if (propertypriceEnter[i] == "2"): null

2022-04-26 08:14:52 - [TEST_STEP][PASSED] - if (propertypriceEnter[i] == "3"): null

2022-04-26 08:14:52 - [TEST_STEP][PASSED] - if (propertypriceEnter[i] == "4"): null

2022-04-26 08:14:52 - [TEST_STEP][PASSED] - if (propertypriceEnter[i] == "5"): null

2022-04-26 08:14:52 - [TEST_STEP][PASSED] - if (propertypriceEnter[i] == "6"): null

2022-04-26 08:14:52 - [TEST_STEP][PASSED] - if (propertypriceEnter[i] == "7"): null

2022-04-26 08:14:52 - [TEST_STEP][PASSED] - if (propertypriceEnter[i] == "8"): null

2022-04-26 08:14:52 - [TEST_STEP][PASSED] - if (propertypriceEnter[i] == "9"): null

2022-04-26 08:14:52 - [TEST_STEP][PASSED] - if (propertypriceEnter[i] == "0"): Tapped on element 'Object Repository/Login Onboarding/PIN0'

2022-04-26 08:14:52 - [TEST_STEP][PASSED] - tap(findTestObject("Login Onboarding/PIN0"), 0): Tapped on element 'Object Repository/Login Onboarding/PIN0'

2022-04-26 08:14:52 - [MESSAGE][WARNING] - Timeout '0' is invalid. Using default page load timeout: '20'

2022-04-26 08:14:53 - [MESSAGE][PASSED] - Tapped on element 'Object Repository/Login Onboarding/PIN0'

2022-04-26 08:14:53 - [TEST_STEP][PASSED] - if (propertypriceEnter[i] == "1"): null

2022-04-26 08:14:53 - [TEST_STEP][PASSED] - if (propertypriceEnter[i] == "2"): null

2022-04-26 08:14:53 - [TEST_STEP][PASSED] - if (propertypriceEnter[i] == "3"): null

2022-04-26 08:14:53 - [TEST_STEP][PASSED] - if (propertypriceEnter[i] == "4"): null

2022-04-26 08:14:53 - [TEST_STEP][PASSED] - if (propertypriceEnter[i] == "5"): null

2022-04-26 08:14:53 - [TEST_STEP][PASSED] - if (propertypriceEnter[i] == "6"): null

2022-04-26 08:14:53 - [TEST_STEP][PASSED] - if (propertypriceEnter[i] == "7"): null

2022-04-26 08:14:53 - [TEST_STEP][PASSED] - if (propertypriceEnter[i] == "8"): null

2022-04-26 08:14:53 - [TEST_STEP][PASSED] - if (propertypriceEnter[i] == "9"): null

2022-04-26 08:14:53 - [TEST_STEP][PASSED] - if (propertypriceEnter[i] == "0"): Tapped on element 'Object Repository/Login Onboarding/PIN0'

2022-04-26 08:14:53 - [TEST_STEP][PASSED] - tap(findTestObject("Login Onboarding/PIN0"), 0): Tapped on element 'Object Repository/Login Onboarding/PIN0'

2022-04-26 08:14:53 - [MESSAGE][WARNING] - Timeout '0' is invalid. Using default page load timeout: '20'

2022-04-26 08:14:54 - [MESSAGE][PASSED] - Tapped on element 'Object Repository/Login Onboarding/PIN0'

2022-04-26 08:14:54 - [TEST_STEP][PASSED] - if (propertypriceEnter[i] == "1"): null

2022-04-26 08:14:54 - [TEST_STEP][PASSED] - if (propertypriceEnter[i] == "2"): null

2022-04-26 08:14:54 - [TEST_STEP][PASSED] - if (propertypriceEnter[i] == "3"): null

2022-04-26 08:14:54 - [TEST_STEP][PASSED] - if (propertypriceEnter[i] == "4"): null

2022-04-26 08:14:54 - [TEST_STEP][PASSED] - if (propertypriceEnter[i] == "5"): null

2022-04-26 08:14:54 - [TEST_STEP][PASSED] - if (propertypriceEnter[i] == "6"): null

2022-04-26 08:14:54 - [TEST_STEP][PASSED] - if (propertypriceEnter[i] == "7"): null

2022-04-26 08:14:54 - [TEST_STEP][PASSED] - if (propertypriceEnter[i] == "8"): null

2022-04-26 08:14:54 - [TEST_STEP][PASSED] - if (propertypriceEnter[i] == "9"): null

2022-04-26 08:14:54 - [TEST_STEP][PASSED] - if (propertypriceEnter[i] == "0"): Tapped on element 'Object Repository/Login Onboarding/PIN0'

2022-04-26 08:14:54 - [TEST_STEP][PASSED] - tap(findTestObject("Login Onboarding/PIN0"), 0): Tapped on element 'Object Repository/Login Onboarding/PIN0'

2022-04-26 08:14:54 - [MESSAGE][WARNING] - Timeout '0' is invalid. Using default page load timeout: '20'

2022-04-26 08:14:55 - [MESSAGE][PASSED] - Tapped on element 'Object Repository/Login Onboarding/PIN0'

2022-04-26 08:14:55 - [TEST_STEP][PASSED] - if (propertypriceEnter[i] == "1"): null

2022-04-26 08:14:55 - [TEST_STEP][PASSED] - if (propertypriceEnter[i] == "2"): null

2022-04-26 08:14:55 - [TEST_STEP][PASSED] - if (propertypriceEnter[i] == "3"): null

2022-04-26 08:14:55 - [TEST_STEP][PASSED] - if (propertypriceEnter[i] == "4"): null

2022-04-26 08:14:55 - [TEST_STEP][PASSED] - if (propertypriceEnter[i] == "5"): null

2022-04-26 08:14:55 - [TEST_STEP][PASSED] - if (propertypriceEnter[i] == "6"): null

2022-04-26 08:14:55 - [TEST_STEP][PASSED] - if (propertypriceEnter[i] == "7"): null

2022-04-26 08:14:55 - [TEST_STEP][PASSED] - if (propertypriceEnter[i] == "8"): null

2022-04-26 08:14:55 - [TEST_STEP][PASSED] - if (propertypriceEnter[i] == "9"): null

2022-04-26 08:14:55 - [TEST_STEP][PASSED] - if (propertypriceEnter[i] == "0"): Tapped on element 'Object Repository/Login Onboarding/PIN0'

2022-04-26 08:14:55 - [TEST_STEP][PASSED] - tap(findTestObject("Login Onboarding/PIN0"), 0): Tapped on element 'Object Repository/Login Onboarding/PIN0'

2022-04-26 08:14:55 - [MESSAGE][WARNING] - Timeout '0' is invalid. Using default page load timeout: '20'

2022-04-26 08:14:57 - [MESSAGE][PASSED] - Tapped on element 'Object Repository/Login Onboarding/PIN0'

2022-04-26 08:14:57 - [TEST_STEP][PASSED] - if (propertypriceEnter[i] == "1"): null

2022-04-26 08:14:57 - [TEST_STEP][PASSED] - if (propertypriceEnter[i] == "2"): null

2022-04-26 08:14:57 - [TEST_STEP][PASSED] - if (propertypriceEnter[i] == "3"): null

2022-04-26 08:14:57 - [TEST_STEP][PASSED] - if (propertypriceEnter[i] == "4"): null

2022-04-26 08:14:57 - [TEST_STEP][PASSED] - if (propertypriceEnter[i] == "5"): null

2022-04-26 08:14:57 - [TEST_STEP][PASSED] - if (propertypriceEnter[i] == "6"): null

2022-04-26 08:14:57 - [TEST_STEP][PASSED] - if (propertypriceEnter[i] == "7"): null

2022-04-26 08:14:57 - [TEST_STEP][PASSED] - if (propertypriceEnter[i] == "8"): null

2022-04-26 08:14:57 - [TEST_STEP][PASSED] - if (propertypriceEnter[i] == "9"): null

2022-04-26 08:14:57 - [TEST_STEP][PASSED] - if (propertypriceEnter[i] == "0"): Tapped on element 'Object Repository/Login Onboarding/PIN0'

2022-04-26 08:14:57 - [TEST_STEP][PASSED] - tap(findTestObject("Login Onboarding/PIN0"), 0): Tapped on element 'Object Repository/Login Onboarding/PIN0'

2022-04-26 08:14:57 - [MESSAGE][WARNING] - Timeout '0' is invalid. Using default page load timeout: '20'

2022-04-26 08:14:58 - [MESSAGE][PASSED] - Tapped on element 'Object Repository/Login Onboarding/PIN0'

2022-04-26 08:14:58 - [TEST_STEP][PASSED] - if (propertypriceEnter[i] == "1"): null

2022-04-26 08:14:58 - [TEST_STEP][PASSED] - if (propertypriceEnter[i] == "2"): null

2022-04-26 08:14:58 - [TEST_STEP][PASSED] - if (propertypriceEnter[i] == "3"): null

2022-04-26 08:14:58 - [TEST_STEP][PASSED] - if (propertypriceEnter[i] == "4"): null

2022-04-26 08:14:58 - [TEST_STEP][PASSED] - if (propertypriceEnter[i] == "5"): null

2022-04-26 08:14:58 - [TEST_STEP][PASSED] - if (propertypriceEnter[i] == "6"): null

2022-04-26 08:14:58 - [TEST_STEP][PASSED] - if (propertypriceEnter[i] == "7"): null

2022-04-26 08:14:58 - [TEST_STEP][PASSED] - if (propertypriceEnter[i] == "8"): null

2022-04-26 08:14:58 - [TEST_STEP][PASSED] - if (propertypriceEnter[i] == "9"): null

2022-04-26 08:14:58 - [TEST_STEP][PASSED] - if (propertypriceEnter[i] == "0"): Tapped on element 'Object Repository/Login Onboarding/PIN0'

2022-04-26 08:14:58 - [TEST_STEP][PASSED] - tap(findTestObject("Login Onboarding/PIN0"), 0): Tapped on element 'Object Repository/Login Onboarding/PIN0'

2022-04-26 08:14:58 - [MESSAGE][WARNING] - Timeout '0' is invalid. Using default page load timeout: '20'

2022-04-26 08:14:59 - [MESSAGE][PASSED] - Tapped on element 'Object Repository/Login Onboarding/PIN0'

2022-04-26 08:14:59 - [TEST_STEP][PASSED] - if (propertypriceEnter[i] == "1"): null

2022-04-26 08:14:59 - [TEST_STEP][PASSED] - if (propertypriceEnter[i] == "2"): null

2022-04-26 08:14:59 - [TEST_STEP][PASSED] - if (propertypriceEnter[i] == "3"): null

2022-04-26 08:14:59 - [TEST_STEP][PASSED] - if (propertypriceEnter[i] == "4"): null

2022-04-26 08:14:59 - [TEST_STEP][PASSED] - if (propertypriceEnter[i] == "5"): null

2022-04-26 08:14:59 - [TEST_STEP][PASSED] - if (propertypriceEnter[i] == "6"): null

2022-04-26 08:14:59 - [TEST_STEP][PASSED] - if (propertypriceEnter[i] == "7"): null

2022-04-26 08:14:59 - [TEST_STEP][PASSED] - if (propertypriceEnter[i] == "8"): null

2022-04-26 08:14:59 - [TEST_STEP][PASSED] - if (propertypriceEnter[i] == "9"): null

2022-04-26 08:14:59 - [TEST_STEP][PASSED] - if (propertypriceEnter[i] == "0"): Tapped on element 'Object Repository/Login Onboarding/PIN0'

2022-04-26 08:14:59 - [TEST_STEP][PASSED] - tap(findTestObject("Login Onboarding/PIN0"), 0): Tapped on element 'Object Repository/Login Onboarding/PIN0'

2022-04-26 08:14:59 - [MESSAGE][WARNING] - Timeout '0' is invalid. Using default page load timeout: '20'

2022-04-26 08:15:00 - [MESSAGE][PASSED] - Tapped on element 'Object Repository/Login Onboarding/PIN0'

2022-04-26 08:15:00 - [TEST_STEP][PASSED] - if (propertypriceEnter[i] == "1"): null

2022-04-26 08:15:00 - [TEST_STEP][PASSED] - if (propertypriceEnter[i] == "2"): null

2022-04-26 08:15:00 - [TEST_STEP][PASSED] - if (propertypriceEnter[i] == "3"): null

2022-04-26 08:15:00 - [TEST_STEP][PASSED] - if (propertypriceEnter[i] == "4"): null

2022-04-26 08:15:00 - [TEST_STEP][PASSED] - if (propertypriceEnter[i] == "5"): null

2022-04-26 08:15:00 - [TEST_STEP][PASSED] - if (propertypriceEnter[i] == "6"): null

2022-04-26 08:15:00 - [TEST_STEP][PASSED] - if (propertypriceEnter[i] == "7"): null

2022-04-26 08:15:00 - [TEST_STEP][PASSED] - if (propertypriceEnter[i] == "8"): null

2022-04-26 08:15:00 - [TEST_STEP][PASSED] - if (propertypriceEnter[i] == "9"): null

2022-04-26 08:15:00 - [TEST_STEP][PASSED] - tap(findTestObject("MayaHome/mayahome - MobileSpy 1/pinPropertyPrice - check"), 0): Tapped on element 'Object Repository/MayaHome/mayahome - MobileSpy 1/pinPropertyPrice - check'

2022-04-26 08:15:00 - [MESSAGE][WARNING] - Timeout '0' is invalid. Using default page load timeout: '20'

2022-04-26 08:15:01 - [MESSAGE][PASSED] - Tapped on element 'Object Repository/MayaHome/mayahome - MobileSpy 1/pinPropertyPrice - check'

2022-04-26 08:15:01 - [TEST_STEP][PASSED] - tap(findTestObject("MayaHome/mayahome - MobileSpy 1/downpaymentAmount - Btn"), 0): Tapped on element 'Object Repository/MayaHome/mayahome - MobileSpy 1/downpaymentAmount - Btn'

2022-04-26 08:15:01 - [MESSAGE][WARNING] - Timeout '0' is invalid. Using default page load timeout: '20'

2022-04-26 08:15:02 - [MESSAGE][PASSED] - Tapped on element 'Object Repository/MayaHome/mayahome - MobileSpy 1/downpaymentAmount - Btn'

2022-04-26 08:15:02 - [TEST_STEP][PASSED] - tap(findTestObject("MayaHome/mayahome - MobileSpy 1/downpaymentEnter - Txtfield"), 0): Tapped on element 'Object Repository/MayaHome/mayahome - MobileSpy 1/downpaymentEnter - Txtfield'

2022-04-26 08:15:02 - [MESSAGE][WARNING] - Timeout '0' is invalid. Using default page load timeout: '20'

2022-04-26 08:15:04 - [MESSAGE][PASSED] - Tapped on element 'Object Repository/MayaHome/mayahome - MobileSpy 1/downpaymentEnter - Txtfield'

2022-04-26 08:15:04 - [TEST_STEP][PASSED] - downpaymentEnter = findTestData("mayahomeCredentials").getValue(5, 1): null

2022-04-26 08:15:04 - [TEST_STEP][PASSED] - for ([i = 0, i <= 6, (i++)]): null

2022-04-26 08:15:04 - [TEST_STEP][PASSED] - if (downpaymentEnter[i] == "0"): null

2022-04-26 08:15:04 - [TEST_STEP][PASSED] - if (downpaymentEnter[i] == "1"): null

2022-04-26 08:15:04 - [TEST_STEP][PASSED] - if (downpaymentEnter[i] == "2"): Tapped on element 'Object Repository/Login Onboarding/PIN2'

2022-04-26 08:15:04 - [TEST_STEP][PASSED] - tap(findTestObject("Login Onboarding/PIN2"), 0): Tapped on element 'Object Repository/Login Onboarding/PIN2'

2022-04-26 08:15:04 - [MESSAGE][WARNING] - Timeout '0' is invalid. Using default page load timeout: '20'

2022-04-26 08:15:05 - [MESSAGE][PASSED] - Tapped on element 'Object Repository/Login Onboarding/PIN2'

2022-04-26 08:15:05 - [TEST_STEP][PASSED] - if (downpaymentEnter[i] == "3"): null

2022-04-26 08:15:05 - [TEST_STEP][PASSED] - if (downpaymentEnter[i] == "4"): null

2022-04-26 08:15:05 - [TEST_STEP][PASSED] - if (downpaymentEnter[i] == "5"): null

2022-04-26 08:15:05 - [TEST_STEP][PASSED] - if (downpaymentEnter[i] == "6"): null

2022-04-26 08:15:05 - [TEST_STEP][PASSED] - if (downpaymentEnter[i] == "7"): null

2022-04-26 08:15:05 - [TEST_STEP][PASSED] - if (downpaymentEnter[i] == "8"): null

2022-04-26 08:15:05 - [TEST_STEP][PASSED] - if (downpaymentEnter[i] == "9"): null

2022-04-26 08:15:05 - [TEST_STEP][PASSED] - if (downpaymentEnter[i] == "0"): Tapped on element 'Object Repository/Login Onboarding/PIN0'

2022-04-26 08:15:05 - [TEST_STEP][PASSED] - tap(findTestObject("Login Onboarding/PIN0"), 0): Tapped on element 'Object Repository/Login Onboarding/PIN0'

2022-04-26 08:15:05 - [MESSAGE][WARNING] - Timeout '0' is invalid. Using default page load timeout: '20'

2022-04-26 08:15:07 - [MESSAGE][PASSED] - Tapped on element 'Object Repository/Login Onboarding/PIN0'

2022-04-26 08:15:07 - [TEST_STEP][PASSED] - if (downpaymentEnter[i] == "1"): null

2022-04-26 08:15:07 - [TEST_STEP][PASSED] - if (downpaymentEnter[i] == "2"): null

2022-04-26 08:15:07 - [TEST_STEP][PASSED] - if (downpaymentEnter[i] == "3"): null

2022-04-26 08:15:07 - [TEST_STEP][PASSED] - if (downpaymentEnter[i] == "4"): null

2022-04-26 08:15:07 - [TEST_STEP][PASSED] - if (downpaymentEnter[i] == "5"): null

2022-04-26 08:15:07 - [TEST_STEP][PASSED] - if (downpaymentEnter[i] == "6"): null

2022-04-26 08:15:07 - [TEST_STEP][PASSED] - if (downpaymentEnter[i] == "7"): null

2022-04-26 08:15:07 - [TEST_STEP][PASSED] - if (downpaymentEnter[i] == "8"): null

2022-04-26 08:15:07 - [TEST_STEP][PASSED] - if (downpaymentEnter[i] == "9"): null

2022-04-26 08:15:07 - [TEST_STEP][PASSED] - if (downpaymentEnter[i] == "0"): Tapped on element 'Object Repository/Login Onboarding/PIN0'

2022-04-26 08:15:07 - [TEST_STEP][PASSED] - tap(findTestObject("Login Onboarding/PIN0"), 0): Tapped on element 'Object Repository/Login Onboarding/PIN0'

2022-04-26 08:15:07 - [MESSAGE][WARNING] - Timeout '0' is invalid. Using default page load timeout: '20'

2022-04-26 08:15:07 - [MESSAGE][PASSED] - Tapped on element 'Object Repository/Login Onboarding/PIN0'

2022-04-26 08:15:07 - [TEST_STEP][PASSED] - if (downpaymentEnter[i] == "1"): null

2022-04-26 08:15:07 - [TEST_STEP][PASSED] - if (downpaymentEnter[i] == "2"): null

2022-04-26 08:15:07 - [TEST_STEP][PASSED] - if (downpaymentEnter[i] == "3"): null

2022-04-26 08:15:07 - [TEST_STEP][PASSED] - if (downpaymentEnter[i] == "4"): null

2022-04-26 08:15:07 - [TEST_STEP][PASSED] - if (downpaymentEnter[i] == "5"): null

2022-04-26 08:15:07 - [TEST_STEP][PASSED] - if (downpaymentEnter[i] == "6"): null

2022-04-26 08:15:07 - [TEST_STEP][PASSED] - if (downpaymentEnter[i] == "7"): null

2022-04-26 08:15:07 - [TEST_STEP][PASSED] - if (downpaymentEnter[i] == "8"): null

2022-04-26 08:15:07 - [TEST_STEP][PASSED] - if (downpaymentEnter[i] == "9"): null

2022-04-26 08:15:07 - [TEST_STEP][PASSED] - if (downpaymentEnter[i] == "0"): Tapped on element 'Object Repository/Login Onboarding/PIN0'

2022-04-26 08:15:07 - [TEST_STEP][PASSED] - tap(findTestObject("Login Onboarding/PIN0"), 0): Tapped on element 'Object Repository/Login Onboarding/PIN0'

2022-04-26 08:15:08 - [MESSAGE][WARNING] - Timeout '0' is invalid. Using default page load timeout: '20'

2022-04-26 08:15:08 - [MESSAGE][PASSED] - Tapped on element 'Object Repository/Login Onboarding/PIN0'

2022-04-26 08:15:08 - [TEST_STEP][PASSED] - if (downpaymentEnter[i] == "1"): null

2022-04-26 08:15:08 - [TEST_STEP][PASSED] - if (downpaymentEnter[i] == "2"): null

2022-04-26 08:15:08 - [TEST_STEP][PASSED] - if (downpaymentEnter[i] == "3"): null

2022-04-26 08:15:08 - [TEST_STEP][PASSED] - if (downpaymentEnter[i] == "4"): null

2022-04-26 08:15:08 - [TEST_STEP][PASSED] - if (downpaymentEnter[i] == "5"): null

2022-04-26 08:15:08 - [TEST_STEP][PASSED] - if (downpaymentEnter[i] == "6"): null

2022-04-26 08:15:08 - [TEST_STEP][PASSED] - if (downpaymentEnter[i] == "7"): null

2022-04-26 08:15:08 - [TEST_STEP][PASSED] - if (downpaymentEnter[i] == "8"): null

2022-04-26 08:15:08 - [TEST_STEP][PASSED] - if (downpaymentEnter[i] == "9"): null

2022-04-26 08:15:08 - [TEST_STEP][PASSED] - if (downpaymentEnter[i] == "0"): Tapped on element 'Object Repository/Login Onboarding/PIN0'

2022-04-26 08:15:08 - [TEST_STEP][PASSED] - tap(findTestObject("Login Onboarding/PIN0"), 0): Tapped on element 'Object Repository/Login Onboarding/PIN0'

2022-04-26 08:15:09 - [MESSAGE][WARNING] - Timeout '0' is invalid. Using default page load timeout: '20'

2022-04-26 08:15:09 - [MESSAGE][PASSED] - Tapped on element 'Object Repository/Login Onboarding/PIN0'

2022-04-26 08:15:09 - [TEST_STEP][PASSED] - if (downpaymentEnter[i] == "1"): null

2022-04-26 08:15:09 - [TEST_STEP][PASSED] - if (downpaymentEnter[i] == "2"): null

2022-04-26 08:15:09 - [TEST_STEP][PASSED] - if (downpaymentEnter[i] == "3"): null

2022-04-26 08:15:09 - [TEST_STEP][PASSED] - if (downpaymentEnter[i] == "4"): null

2022-04-26 08:15:09 - [TEST_STEP][PASSED] - if (downpaymentEnter[i] == "5"): null

2022-04-26 08:15:09 - [TEST_STEP][PASSED] - if (downpaymentEnter[i] == "6"): null

2022-04-26 08:15:09 - [TEST_STEP][PASSED] - if (downpaymentEnter[i] == "7"): null

2022-04-26 08:15:09 - [TEST_STEP][PASSED] - if (downpaymentEnter[i] == "8"): null

2022-04-26 08:15:09 - [TEST_STEP][PASSED] - if (downpaymentEnter[i] == "9"): null

2022-04-26 08:15:09 - [TEST_STEP][PASSED] - if (downpaymentEnter[i] == "0"): Tapped on element 'Object Repository/Login Onboarding/PIN0'

2022-04-26 08:15:09 - [TEST_STEP][PASSED] - tap(findTestObject("Login Onboarding/PIN0"), 0): Tapped on element 'Object Repository/Login Onboarding/PIN0'

2022-04-26 08:15:10 - [MESSAGE][WARNING] - Timeout '0' is invalid. Using default page load timeout: '20'

2022-04-26 08:15:10 - [MESSAGE][PASSED] - Tapped on element 'Object Repository/Login Onboarding/PIN0'

2022-04-26 08:15:10 - [TEST_STEP][PASSED] - if (downpaymentEnter[i] == "1"): null

2022-04-26 08:15:10 - [TEST_STEP][PASSED] - if (downpaymentEnter[i] == "2"): null

2022-04-26 08:15:10 - [TEST_STEP][PASSED] - if (downpaymentEnter[i] == "3"): null

2022-04-26 08:15:10 - [TEST_STEP][PASSED] - if (downpaymentEnter[i] == "4"): null

2022-04-26 08:15:10 - [TEST_STEP][PASSED] - if (downpaymentEnter[i] == "5"): null

2022-04-26 08:15:10 - [TEST_STEP][PASSED] - if (downpaymentEnter[i] == "6"): null

2022-04-26 08:15:10 - [TEST_STEP][PASSED] - if (downpaymentEnter[i] == "7"): null

2022-04-26 08:15:10 - [TEST_STEP][PASSED] - if (downpaymentEnter[i] == "8"): null

2022-04-26 08:15:10 - [TEST_STEP][PASSED] - if (downpaymentEnter[i] == "9"): null

2022-04-26 08:15:10 - [TEST_STEP][PASSED] - if (downpaymentEnter[i] == "0"): Tapped on element 'Object Repository/Login Onboarding/PIN0'

2022-04-26 08:15:10 - [TEST_STEP][PASSED] - tap(findTestObject("Login Onboarding/PIN0"), 0): Tapped on element 'Object Repository/Login Onboarding/PIN0'

2022-04-26 08:15:11 - [MESSAGE][WARNING] - Timeout '0' is invalid. Using default page load timeout: '20'

2022-04-26 08:15:11 - [MESSAGE][PASSED] - Tapped on element 'Object Repository/Login Onboarding/PIN0'

2022-04-26 08:15:11 - [TEST_STEP][PASSED] - if (downpaymentEnter[i] == "1"): null

2022-04-26 08:15:11 - [TEST_STEP][PASSED] - if (downpaymentEnter[i] == "2"): null

2022-04-26 08:15:11 - [TEST_STEP][PASSED] - if (downpaymentEnter[i] == "3"): null

2022-04-26 08:15:11 - [TEST_STEP][PASSED] - if (downpaymentEnter[i] == "4"): null

2022-04-26 08:15:11 - [TEST_STEP][PASSED] - if (downpaymentEnter[i] == "5"): null

2022-04-26 08:15:11 - [TEST_STEP][PASSED] - if (downpaymentEnter[i] == "6"): null

2022-04-26 08:15:11 - [TEST_STEP][PASSED] - if (downpaymentEnter[i] == "7"): null

2022-04-26 08:15:11 - [TEST_STEP][PASSED] - if (downpaymentEnter[i] == "8"): null

2022-04-26 08:15:11 - [TEST_STEP][PASSED] - if (downpaymentEnter[i] == "9"): null

2022-04-26 08:15:11 - [TEST_STEP][PASSED] - tap(findTestObject("MayaHome/mayahome - MobileSpy 1/pinPropertyPrice - check"), 0): Tapped on element 'Object Repository/MayaHome/mayahome - MobileSpy 1/pinPropertyPrice - check'

2022-04-26 08:15:12 - [MESSAGE][WARNING] - Timeout '0' is invalid. Using default page load timeout: '20'

2022-04-26 08:15:12 - [MESSAGE][PASSED] - Tapped on element 'Object Repository/MayaHome/mayahome - MobileSpy 1/pinPropertyPrice - check'

2022-04-26 08:15:12 - [TEST_STEP][PASSED] - propertyPrice = "RM " + getText(findTestObject("MayaHome/mayahome - MobileSpy 2/propertyPrice - Txt"), 0): Text of element 'Object Repository/MayaHome/mayahome - MobileSpy 2/propertyPrice - Txt' is: '100,000.00'

2022-04-26 08:15:12 - [MESSAGE][WARNING] - Timeout '0' is invalid. Using default page load timeout: '20'

2022-04-26 08:15:14 - [MESSAGE][PASSED] - Text of element 'Object Repository/MayaHome/mayahome - MobileSpy 2/propertyPrice - Txt' is: '100,000.00'

2022-04-26 08:15:14 - [TEST_STEP][PASSED] - downpaymentPrice = "RM " + getText(findTestObject("MayaHome/mayahome - MobileSpy 2/downpaymentAmount - Txt"), 0): Text of element 'Object Repository/MayaHome/mayahome - MobileSpy 2/downpaymentAmount - Txt' is: '20,000.00'

2022-04-26 08:15:14 - [MESSAGE][WARNING] - Timeout '0' is invalid. Using default page load timeout: '20'

2022-04-26 08:15:14 - [MESSAGE][PASSED] - Text of element 'Object Repository/MayaHome/mayahome - MobileSpy 2/downpaymentAmount - Txt' is: '20,000.00'

2022-04-26 08:15:14 - [TEST_STEP][PASSED] - tap(findTestObject("MayaHome/mayahome - MobileSpy 1/propertyPriceContinue - Btn"), 0): Tapped on element 'Object Repository/MayaHome/mayahome - MobileSpy 1/propertyPriceContinue - Btn'

2022-04-26 08:15:14 - [MESSAGE][WARNING] - Timeout '0' is invalid. Using default page load timeout: '20'

2022-04-26 08:15:15 - [MESSAGE][PASSED] - Tapped on element 'Object Repository/MayaHome/mayahome - MobileSpy 1/propertyPriceContinue - Btn'

2022-04-26 08:15:15 - [TEST_STEP][PASSED] - delay(5): Delayed 5 second(s)

2022-04-26 08:15:20 - [MESSAGE][PASSED] - Delayed 5 second(s)

2022-04-26 08:15:20 - [TEST_STEP][PASSED] - loanAmount = getText(findTestObject("MayaHome/mayahome - MobileSpy 2/agreedLoanAmount - Txt"), 0): Text of element 'Object Repository/MayaHome/mayahome - MobileSpy 2/agreedLoanAmount - Txt' is: 'RM 80,000.00'

2022-04-26 08:15:20 - [MESSAGE][WARNING] - Timeout '0' is invalid. Using default page load timeout: '20'

2022-04-26 08:15:20 - [MESSAGE][PASSED] - Text of element 'Object Repository/MayaHome/mayahome - MobileSpy 2/agreedLoanAmount - Txt' is: 'RM 80,000.00'

2022-04-26 08:15:20 - [TEST_STEP][PASSED] - loanPeriod = getText(findTestObject("MayaHome/mayahome - MobileSpy 2/agreedLoanPeriod - Txt"), 0): Text of element 'Object Repository/MayaHome/mayahome - MobileSpy 2/agreedLoanPeriod - Txt' is: '29 years'

2022-04-26 08:15:20 - [MESSAGE][WARNING] - Timeout '0' is invalid. Using default page load timeout: '20'

2022-04-26 08:15:20 - [MESSAGE][PASSED] - Text of element 'Object Repository/MayaHome/mayahome - MobileSpy 2/agreedLoanPeriod - Txt' is: '29 years'

2022-04-26 08:15:20 - [TEST_STEP][PASSED] - tap(findTestObject("MayaHome/mayahome - MobileSpy 1/propertyPriceContinue - Btn"), 0): Tapped on element 'Object Repository/MayaHome/mayahome - MobileSpy 1/propertyPriceContinue - Btn'

2022-04-26 08:15:20 - [MESSAGE][WARNING] - Timeout '0' is invalid. Using default page load timeout: '20'

2022-04-26 08:15:20 - [MESSAGE][PASSED] - Tapped on element 'Object Repository/MayaHome/mayahome - MobileSpy 1/propertyPriceContinue - Btn'

2022-04-26 08:15:20 - [TEST_STEP][PASSED] - delay(3, STOP_ON_FAILURE): Delayed 3 second(s)

2022-04-26 08:15:23 - [MESSAGE][PASSED] - Delayed 3 second(s)

2022-04-26 08:15:23 - [TEST_STEP][PASSED] - callTestCase(findTestCase("MayaHome/mayahome_CEPersonalDetail"), null): Call Test Case 'Test Cases/MayaHome/mayahome_CEPersonalDetail' successfully

2022-04-26 08:15:24 - [TEST_CASE][PASSED] - Test Cases/MayaHome/mayahome_CEPersonalDetail: Test Cases/MayaHome/mayahome_CEPersonalDetail

2022-04-26 08:15:24 - [TEST_STEP][PASSED] - tap(findTestObject("MayaHome/mayahome - MobileSpy 1/statusinfoOptionTitle - dropdownBtn"), 0): Tapped on element 'Object Repository/MayaHome/mayahome - MobileSpy 1/statusinfoOptionTitle - dropdownBtn'

2022-04-26 08:15:24 - [MESSAGE][WARNING] - Timeout '0' is invalid. Using default page load timeout: '20'

2022-04-26 08:15:24 - [MESSAGE][PASSED] - Tapped on element 'Object Repository/MayaHome/mayahome - MobileSpy 1/statusinfoOptionTitle - dropdownBtn'

2022-04-26 08:15:24 - [TEST_STEP][PASSED] - scrollToText("Tuan"): Scrolling to text 'Tuan' successfully

2022-04-26 08:15:36 - [MESSAGE][PASSED] - Scrolling to text 'Tuan' successfully

2022-04-26 08:15:36 - [TEST_STEP][PASSED] - tap(findTestObject("MayaHome/mayahome - MobileSpy 4/blankScreen - PersonalDetail"), 0): Tapped on element 'Object Repository/MayaHome/mayahome - MobileSpy 4/blankScreen - PersonalDetail'

2022-04-26 08:15:37 - [MESSAGE][WARNING] - Timeout '0' is invalid. Using default page load timeout: '20'

2022-04-26 08:15:37 - [MESSAGE][PASSED] - Tapped on element 'Object Repository/MayaHome/mayahome - MobileSpy 4/blankScreen - PersonalDetail'

2022-04-26 08:15:37 - [TEST_STEP][PASSED] - tap(findTestObject("MayaHome/mayahome - MobileSpy 1/statusinfoOptionResident - dropdownBtn"), 0): Tapped on element 'Object Repository/MayaHome/mayahome - MobileSpy 1/statusinfoOptionResident - dropdownBtn'

2022-04-26 08:15:37 - [MESSAGE][WARNING] - Timeout '0' is invalid. Using default page load timeout: '20'

2022-04-26 08:15:38 - [MESSAGE][PASSED] - Tapped on element 'Object Repository/MayaHome/mayahome - MobileSpy 1/statusinfoOptionResident - dropdownBtn'

2022-04-26 08:15:38 - [TEST_STEP][PASSED] - tap(findTestObject("MayaHome/mayahome - MobileSpy 1/statusInfoResidentOption - Bumiputera"), 0): Tapped on element 'Object Repository/MayaHome/mayahome - MobileSpy 1/statusInfoResidentOption - Bumiputera'

2022-04-26 08:15:38 - [MESSAGE][WARNING] - Timeout '0' is invalid. Using default page load timeout: '20'

2022-04-26 08:15:40 - [MESSAGE][PASSED] - Tapped on element 'Object Repository/MayaHome/mayahome - MobileSpy 1/statusInfoResidentOption - Bumiputera'

2022-04-26 08:15:40 - [TEST_STEP][PASSED] - tap(findTestObject("MayaHome/mayahome - MobileSpy 1/statusInfoDropDown - doneBtn"), 0): Tapped on element 'Object Repository/MayaHome/mayahome - MobileSpy 1/statusInfoDropDown - doneBtn'

2022-04-26 08:15:40 - [MESSAGE][WARNING] - Timeout '0' is invalid. Using default page load timeout: '20'

2022-04-26 08:15:41 - [MESSAGE][PASSED] - Tapped on element 'Object Repository/MayaHome/mayahome - MobileSpy 1/statusInfoDropDown - doneBtn'

2022-04-26 08:15:41 - [TEST_STEP][PASSED] - tap(findTestObject("MayaHome/mayahome - MobileSpy 1/statusinfoOptionEducation - dropdownBtn"), 0): Tapped on element 'Object Repository/MayaHome/mayahome - MobileSpy 1/statusinfoOptionEducation - dropdownBtn'

2022-04-26 08:15:41 - [MESSAGE][WARNING] - Timeout '0' is invalid. Using default page load timeout: '20'

2022-04-26 08:15:42 - [MESSAGE][PASSED] - Tapped on element 'Object Repository/MayaHome/mayahome - MobileSpy 1/statusinfoOptionEducation - dropdownBtn'

2022-04-26 08:15:42 - [TEST_STEP][PASSED] - scrollToText("Professional Qualification", STOP_ON_FAILURE): Scrolling to text 'Professional Qualification' successfully

2022-04-26 08:15:43 - [MESSAGE][PASSED] - Scrolling to text 'Professional Qualification' successfully

2022-04-26 08:15:43 - [TEST_STEP][PASSED] - tap(findTestObject("MayaHome/mayahome - MobileSpy 1/statusInfoEducationOption - Pro Qualify"), 0): Tapped on element 'Object Repository/MayaHome/mayahome - MobileSpy 1/statusInfoEducationOption - Pro Qualify'

2022-04-26 08:15:43 - [MESSAGE][WARNING] - Timeout '0' is invalid. Using default page load timeout: '20'

2022-04-26 08:15:43 - [MESSAGE][PASSED] - Tapped on element 'Object Repository/MayaHome/mayahome - MobileSpy 1/statusInfoEducationOption - Pro Qualify'

2022-04-26 08:15:43 - [TEST_STEP][PASSED] - tap(findTestObject("MayaHome/mayahome - MobileSpy 1/statusInfoDropDown - doneBtn"), 0): Tapped on element 'Object Repository/MayaHome/mayahome - MobileSpy 1/statusInfoDropDown - doneBtn'

2022-04-26 08:15:43 - [MESSAGE][WARNING] - Timeout '0' is invalid. Using default page load timeout: '20'

2022-04-26 08:15:44 - [MESSAGE][PASSED] - Tapped on element 'Object Repository/MayaHome/mayahome - MobileSpy 1/statusInfoDropDown - doneBtn'

2022-04-26 08:15:44 - [TEST_STEP][PASSED] - scrollToText("Employment status"): Scrolling to text 'Employment status' successfully

2022-04-26 08:15:47 - [MESSAGE][PASSED] - Scrolling to text 'Employment status' successfully

2022-04-26 08:15:47 - [TEST_STEP][PASSED] - tap(findTestObject("MayaHome/mayahome - MobileSpy 1/statusinfoOptionMarital - dropdownBtn"), 0): Tapped on element 'Object Repository/MayaHome/mayahome - MobileSpy 1/statusinfoOptionMarital - dropdownBtn'

2022-04-26 08:15:47 - [MESSAGE][WARNING] - Timeout '0' is invalid. Using default page load timeout: '20'

2022-04-26 08:15:48 - [MESSAGE][PASSED] - Tapped on element 'Object Repository/MayaHome/mayahome - MobileSpy 1/statusinfoOptionMarital - dropdownBtn'

2022-04-26 08:15:48 - [TEST_STEP][PASSED] - scrollToText("Single", STOP_ON_FAILURE): Scrolling to text 'Single' successfully

2022-04-26 08:15:49 - [MESSAGE][PASSED] - Scrolling to text 'Single' successfully

2022-04-26 08:15:49 - [TEST_STEP][PASSED] - tap(findTestObject("MayaHome/mayahome - MobileSpy 1/statusInfoMaritalStatus - Married"), 0): Tapped on element 'Object Repository/MayaHome/mayahome - MobileSpy 1/statusInfoMaritalStatus - Married'

2022-04-26 08:15:49 - [MESSAGE][WARNING] - Timeout '0' is invalid. Using default page load timeout: '20'

2022-04-26 08:15:49 - [MESSAGE][PASSED] - Tapped on element 'Object Repository/MayaHome/mayahome - MobileSpy 1/statusInfoMaritalStatus - Married'

2022-04-26 08:15:49 - [TEST_STEP][PASSED] - tap(findTestObject("MayaHome/mayahome - MobileSpy 1/statusInfoDropDown - doneBtn"), 0): Tapped on element 'Object Repository/MayaHome/mayahome - MobileSpy 1/statusInfoDropDown - doneBtn'

2022-04-26 08:15:49 - [MESSAGE][WARNING] - Timeout '0' is invalid. Using default page load timeout: '20'

2022-04-26 08:15:50 - [MESSAGE][PASSED] - Tapped on element 'Object Repository/MayaHome/mayahome - MobileSpy 1/statusInfoDropDown - doneBtn'

2022-04-26 08:15:50 - [TEST_STEP][PASSED] - tap(findTestObject("MayaHome/mayahome - MobileSpy 1/statusinfoOptionReligion - dropdownBtn"), 0): Tapped on element 'Object Repository/MayaHome/mayahome - MobileSpy 1/statusinfoOptionReligion - dropdownBtn'

2022-04-26 08:15:50 - [MESSAGE][WARNING] - Timeout '0' is invalid. Using default page load timeout: '20'

2022-04-26 08:15:50 - [MESSAGE][PASSED] - Tapped on element 'Object Repository/MayaHome/mayahome - MobileSpy 1/statusinfoOptionReligion - dropdownBtn'

2022-04-26 08:15:50 - [TEST_STEP][PASSED] - scrollToText("Others", STOP_ON_FAILURE): Scrolling to text 'Others' successfully

2022-04-26 08:15:55 - [MESSAGE][PASSED] - Scrolling to text 'Others' successfully

2022-04-26 08:15:55 - [TEST_STEP][PASSED] - tap(findTestObject("MayaHome/mayahome - MobileSpy 1/statusInfoReligion - Hinduism"), 0): Tapped on element 'Object Repository/MayaHome/mayahome - MobileSpy 1/statusInfoReligion - Hinduism'

2022-04-26 08:15:55 - [MESSAGE][WARNING] - Timeout '0' is invalid. Using default page load timeout: '20'

2022-04-26 08:15:56 - [MESSAGE][PASSED] - Tapped on element 'Object Repository/MayaHome/mayahome - MobileSpy 1/statusInfoReligion - Hinduism'

2022-04-26 08:15:56 - [TEST_STEP][PASSED] - tap(findTestObject("MayaHome/mayahome - MobileSpy 1/statusInfoDropDown - doneBtn"), 0): Tapped on element 'Object Repository/MayaHome/mayahome - MobileSpy 1/statusInfoDropDown - doneBtn'

2022-04-26 08:15:56 - [MESSAGE][WARNING] - Timeout '0' is invalid. Using default page load timeout: '20'

2022-04-26 08:15:56 - [MESSAGE][PASSED] - Tapped on element 'Object Repository/MayaHome/mayahome - MobileSpy 1/statusInfoDropDown - doneBtn'

2022-04-26 08:15:56 - [TEST_STEP][PASSED] - tap(findTestObject("MayaHome/mayahome - MobileSpy 1/statusinfoOptionEmpStatus - dropdownBtn"), 0): Tapped on element 'Object Repository/MayaHome/mayahome - MobileSpy 1/statusinfoOptionEmpStatus - dropdownBtn'

2022-04-26 08:15:56 - [MESSAGE][WARNING] - Timeout '0' is invalid. Using default page load timeout: '20'

2022-04-26 08:15:57 - [MESSAGE][PASSED] - Tapped on element 'Object Repository/MayaHome/mayahome - MobileSpy 1/statusinfoOptionEmpStatus - dropdownBtn'

2022-04-26 08:15:57 - [TEST_STEP][PASSED] - scrollToText("Unemployed", STOP_ON_FAILURE): Scrolling to text 'Unemployed' successfully

2022-04-26 08:16:02 - [MESSAGE][PASSED] - Scrolling to text 'Unemployed' successfully

2022-04-26 08:16:02 - [TEST_STEP][PASSED] - tap(findTestObject("MayaHome/mayahome - MobileSpy 1/statusInfoDropDown - doneBtn"), 0): Tapped on element 'Object Repository/MayaHome/mayahome - MobileSpy 1/statusInfoDropDown - doneBtn'

2022-04-26 08:16:02 - [MESSAGE][WARNING] - Timeout '0' is invalid. Using default page load timeout: '20'

2022-04-26 08:16:02 - [MESSAGE][PASSED] - Tapped on element 'Object Repository/MayaHome/mayahome - MobileSpy 1/statusInfoDropDown - doneBtn'

2022-04-26 08:16:02 - [TEST_STEP][PASSED] - tap(findTestObject("MayaHome/mayahome - MobileSpy 1/statusInfoBusinessClass - dropdownBtn"), 0): Tapped on element 'Object Repository/MayaHome/mayahome - MobileSpy 1/statusInfoBusinessClass - dropdownBtn'

2022-04-26 08:16:02 - [MESSAGE][WARNING] - Timeout '0' is invalid. Using default page load timeout: '20'

2022-04-26 08:16:03 - [MESSAGE][PASSED] - Tapped on element 'Object Repository/MayaHome/mayahome - MobileSpy 1/statusInfoBusinessClass - dropdownBtn'

2022-04-26 08:16:03 - [TEST_STEP][PASSED] - scrollToText("Sdn Bhd"): Scrolling to text 'Sdn Bhd' successfully

2022-04-26 08:16:08 - [MESSAGE][PASSED] - Scrolling to text 'Sdn Bhd' successfully

2022-04-26 08:16:08 - [TEST_STEP][PASSED] - tap(findTestObject("MayaHome/mayahome - MobileSpy 1/statusInfoOption - SdnBhd"), 0): Tapped on element 'Object Repository/MayaHome/mayahome - MobileSpy 1/statusInfoOption - SdnBhd'

2022-04-26 08:16:08 - [MESSAGE][WARNING] - Timeout '0' is invalid. Using default page load timeout: '20'

2022-04-26 08:16:08 - [MESSAGE][PASSED] - Tapped on element 'Object Repository/MayaHome/mayahome - MobileSpy 1/statusInfoOption - SdnBhd'

2022-04-26 08:16:08 - [TEST_STEP][PASSED] - tap(findTestObject("MayaHome/mayahome - MobileSpy 1/statusInfoDropDown - doneBtn"), 0): Tapped on element 'Object Repository/MayaHome/mayahome - MobileSpy 1/statusInfoDropDown - doneBtn'

2022-04-26 08:16:08 - [MESSAGE][WARNING] - Timeout '0' is invalid. Using default page load timeout: '20'

2022-04-26 08:16:09 - [MESSAGE][PASSED] - Tapped on element 'Object Repository/MayaHome/mayahome - MobileSpy 1/statusInfoDropDown - doneBtn'

2022-04-26 08:16:09 - [TEST_STEP][PASSED] - tap(findTestObject("MayaHome/mayahome - MobileSpy 1/save next - Btn"), 0): Tapped on element 'Object Repository/MayaHome/mayahome - MobileSpy 1/save next - Btn'

2022-04-26 08:16:09 - [MESSAGE][WARNING] - Timeout '0' is invalid. Using default page load timeout: '20'

2022-04-26 08:16:10 - [MESSAGE][PASSED] - Tapped on element 'Object Repository/MayaHome/mayahome - MobileSpy 1/save next - Btn'

2022-04-26 08:16:10 - [MESSAGE][PASSED] - Call Test Case 'Test Cases/MayaHome/mayahome_CEPersonalDetail' successfully

2022-04-26 08:16:10 - [TEST_STEP][PASSED] - callTestCase(findTestCase("MayaHome/mayahome_CEMonthlyIncome"), null): Call Test Case 'Test Cases/MayaHome/mayahome_CEMonthlyIncome' successfully

2022-04-26 08:16:10 - [TEST_CASE][PASSED] - Test Cases/MayaHome/mayahome_CEMonthlyIncome: Test Cases/MayaHome/mayahome_CEMonthlyIncome

2022-04-26 08:16:11 - [TEST_STEP][PASSED] - tap(findTestObject("MayaHome/mayahome - MobileSpy 1/monthlyIncome - Txtfield"), 0): Tapped on element 'Object Repository/MayaHome/mayahome - MobileSpy 1/monthlyIncome - Txtfield'

2022-04-26 08:16:11 - [MESSAGE][WARNING] - Timeout '0' is invalid. Using default page load timeout: '20'

2022-04-26 08:16:15 - [MESSAGE][PASSED] - Tapped on element 'Object Repository/MayaHome/mayahome - MobileSpy 1/monthlyIncome - Txtfield'

2022-04-26 08:16:15 - [TEST_STEP][PASSED] - verifyElementVisible(findTestObject("MayaHome/mayahome - MobileSpy 6/propertyNameforMonthlyIncome - Header"), 0): Element 'Object Repository/MayaHome/mayahome - MobileSpy 6/propertyNameforMonthlyIncome - Header' is visible

2022-04-26 08:16:15 - [MESSAGE][WARNING] - Timeout '0' is invalid. Using default page load timeout: '20'

2022-04-26 08:16:16 - [MESSAGE][PASSED] - Element 'Object Repository/MayaHome/mayahome - MobileSpy 6/propertyNameforMonthlyIncome - Header' is visible

2022-04-26 08:16:16 - [TEST_STEP][PASSED] - verifyElementVisible(findTestObject("MayaHome/mayahome - MobileSpy 6/enterDetailMonthlyIncome - Header"), 0): Element 'Object Repository/MayaHome/mayahome - MobileSpy 6/enterDetailMonthlyIncome - Header' is visible

2022-04-26 08:16:16 - [MESSAGE][WARNING] - Timeout '0' is invalid. Using default page load timeout: '20'

2022-04-26 08:16:16 - [MESSAGE][PASSED] - Element 'Object Repository/MayaHome/mayahome - MobileSpy 6/enterDetailMonthlyIncome - Header' is visible

2022-04-26 08:16:16 - [TEST_STEP][PASSED] - tap(findTestObject("MayaHome/mayahome - MobileSpy 1/pinMonthlyIncome - 5"), 1): Tapped on element 'Object Repository/MayaHome/mayahome - MobileSpy 1/pinMonthlyIncome - 5'

2022-04-26 08:16:17 - [MESSAGE][PASSED] - Tapped on element 'Object Repository/MayaHome/mayahome - MobileSpy 1/pinMonthlyIncome - 5'

2022-04-26 08:16:17 - [TEST_STEP][PASSED] - tap(findTestObject("MayaHome/mayahome - MobileSpy 1/pinMonthlyIncome - 5"), 1): Tapped on element 'Object Repository/MayaHome/mayahome - MobileSpy 1/pinMonthlyIncome - 5'

2022-04-26 08:16:18 - [MESSAGE][PASSED] - Tapped on element 'Object Repository/MayaHome/mayahome - MobileSpy 1/pinMonthlyIncome - 5'

2022-04-26 08:16:18 - [TEST_STEP][PASSED] - tap(findTestObject("MayaHome/mayahome - MobileSpy 1/pinMonthlyIncome - 0"), 1): Tapped on element 'Object Repository/MayaHome/mayahome - MobileSpy 1/pinMonthlyIncome - 0'

2022-04-26 08:16:19 - [MESSAGE][PASSED] - Tapped on element 'Object Repository/MayaHome/mayahome - MobileSpy 1/pinMonthlyIncome - 0'

2022-04-26 08:16:19 - [TEST_STEP][PASSED] - tap(findTestObject("MayaHome/mayahome - MobileSpy 1/pinMonthlyIncome - 0"), 1): Tapped on element 'Object Repository/MayaHome/mayahome - MobileSpy 1/pinMonthlyIncome - 0'

2022-04-26 08:16:20 - [MESSAGE][PASSED] - Tapped on element 'Object Repository/MayaHome/mayahome - MobileSpy 1/pinMonthlyIncome - 0'

2022-04-26 08:16:20 - [TEST_STEP][PASSED] - tap(findTestObject("MayaHome/mayahome - MobileSpy 1/pinMonthlyIncome - 0"), 1): Tapped on element 'Object Repository/MayaHome/mayahome - MobileSpy 1/pinMonthlyIncome - 0'

2022-04-26 08:16:21 - [MESSAGE][PASSED] - Tapped on element 'Object Repository/MayaHome/mayahome - MobileSpy 1/pinMonthlyIncome - 0'

2022-04-26 08:16:21 - [TEST_STEP][PASSED] - tap(findTestObject("MayaHome/mayahome - MobileSpy 1/pinMonthlyIncome - 0"), 1): Tapped on element 'Object Repository/MayaHome/mayahome - MobileSpy 1/pinMonthlyIncome - 0'

2022-04-26 08:16:22 - [MESSAGE][PASSED] - Tapped on element 'Object Repository/MayaHome/mayahome - MobileSpy 1/pinMonthlyIncome - 0'

2022-04-26 08:16:22 - [TEST_STEP][PASSED] - tap(findTestObject("MayaHome/mayahome - MobileSpy 1/pinMonthlyIncome - check"), 1): Tapped on element 'Object Repository/MayaHome/mayahome - MobileSpy 1/pinMonthlyIncome - check'

2022-04-26 08:16:23 - [MESSAGE][PASSED] - Tapped on element 'Object Repository/MayaHome/mayahome - MobileSpy 1/pinMonthlyIncome - check'

2022-04-26 08:16:23 - [TEST_STEP][PASSED] - verifyElementVisible(findTestObject("MayaHome/mayahome - MobileSpy 6/existHomeFinancingDropDown - Header"), 0): Element 'Object Repository/MayaHome/mayahome - MobileSpy 6/existHomeFinancingDropDown - Header' is visible

2022-04-26 08:16:23 - [MESSAGE][WARNING] - Timeout '0' is invalid. Using default page load timeout: '20'

2022-04-26 08:16:24 - [MESSAGE][PASSED] - Element 'Object Repository/MayaHome/mayahome - MobileSpy 6/existHomeFinancingDropDown - Header' is visible

2022-04-26 08:16:24 - [TEST_STEP][PASSED] - tap(findTestObject("MayaHome/mayahome - MobileSpy 1/existingHousingLoan - dropdownBtn"), 0): Tapped on element 'Object Repository/MayaHome/mayahome - MobileSpy 1/existingHousingLoan - dropdownBtn'

2022-04-26 08:16:24 - [MESSAGE][WARNING] - Timeout '0' is invalid. Using default page load timeout: '20'

2022-04-26 08:16:24 - [MESSAGE][PASSED] - Tapped on element 'Object Repository/MayaHome/mayahome - MobileSpy 1/existingHousingLoan - dropdownBtn'

2022-04-26 08:16:24 - [TEST_STEP][PASSED] - tap(findTestObject("MayaHome/mayahome - MobileSpy 3/existingHousingLoan(0) - Btn"), 0): Tapped on element 'Object Repository/MayaHome/mayahome - MobileSpy 3/existingHousingLoan(0) - Btn'

2022-04-26 08:16:24 - [MESSAGE][WARNING] - Timeout '0' is invalid. Using default page load timeout: '20'

2022-04-26 08:16:26 - [MESSAGE][PASSED] - Tapped on element 'Object Repository/MayaHome/mayahome - MobileSpy 3/existingHousingLoan(0) - Btn'

[...]

2022-04-26 08:20:49 - [MESSAGE][PASSED] - Text of element 'Object Repository/MayaHome/mayahome - MobileSpy 4/reviewApp - downpayment(RM)' is: 'RM 20,000.00'

2022-04-26 08:20:49 - [TEST_STEP][PASSED] - verifyElementVisible(findTestObject("MayaHome/mayahome - MobileSpy 4/reviewApp - bankSellingPriceTxt"), 0, STOP_ON_FAILURE): Element 'Object Repository/MayaHome/mayahome - MobileSpy 4/reviewApp - bankSellingPriceTxt' is visible

2022-04-26 08:20:49 - [MESSAGE][WARNING] - Timeout '0' is invalid. Using default page load timeout: '20'

2022-04-26 08:20:50 - [MESSAGE][PASSED] - Element 'Object Repository/MayaHome/mayahome - MobileSpy 4/reviewApp - bankSellingPriceTxt' is visible

2022-04-26 08:20:50 - [TEST_STEP][PASSED] - getText(findTestObject("MayaHome/mayahome - MobileSpy 4/reviewApp - bankSellingPriceTxt"), 0): Text of element 'Object Repository/MayaHome/mayahome - MobileSpy 4/reviewApp - bankSellingPriceTxt' is: 'Bank’s selling price'

2022-04-26 08:20:50 - [MESSAGE][WARNING] - Timeout '0' is invalid. Using default page load timeout: '20'

2022-04-26 08:20:50 - [MESSAGE][PASSED] - Text of element 'Object Repository/MayaHome/mayahome - MobileSpy 4/reviewApp - bankSellingPriceTxt' is: 'Bank’s selling price'

2022-04-26 08:20:50 - [TEST_STEP][PASSED] - verifyElementVisible(findTestObject("MayaHome/mayahome - MobileSpy 4/reviewApp - bankSellingPrice(RM)"), 0, STOP_ON_FAILURE): Element 'Object Repository/MayaHome/mayahome - MobileSpy 4/reviewApp - bankSellingPrice(RM)' is visible

2022-04-26 08:20:50 - [MESSAGE][WARNING] - Timeout '0' is invalid. Using default page load timeout: '20'

2022-04-26 08:20:50 - [MESSAGE][PASSED] - Element 'Object Repository/MayaHome/mayahome - MobileSpy 4/reviewApp - bankSellingPrice(RM)' is visible

2022-04-26 08:20:50 - [TEST_STEP][PASSED] - getText(findTestObject("MayaHome/mayahome - MobileSpy 4/reviewApp - bankSellingPrice(RM)"), 0): Text of element 'Object Repository/MayaHome/mayahome - MobileSpy 4/reviewApp - bankSellingPrice(RM)' is: 'RM 333,249.49'

2022-04-26 08:20:50 - [MESSAGE][WARNING] - Timeout '0' is invalid. Using default page load timeout: '20'

2022-04-26 08:20:50 - [MESSAGE][PASSED] - Text of element 'Object Repository/MayaHome/mayahome - MobileSpy 4/reviewApp - bankSellingPrice(RM)' is: 'RM 333,249.49'

2022-04-26 08:20:50 - [TEST_STEP][PASSED] - tap(findTestObject("MayaHome/mayahome - MobileSpy 7/viewApplicationAIP - Btn"), 0): Tapped on element 'Object Repository/MayaHome/mayahome - MobileSpy 7/viewApplicationAIP - Btn'

2022-04-26 08:20:50 - [MESSAGE][WARNING] - Timeout '0' is invalid. Using default page load timeout: '20'

2022-04-26 08:20:51 - [MESSAGE][PASSED] - Tapped on element 'Object Repository/MayaHome/mayahome - MobileSpy 7/viewApplicationAIP - Btn'

2022-04-26 08:20:51 - [TEST_STEP][PASSED] - waitForElementPresent(findTestObject("MayaHome/mayahome - MobileSpy 8/appTabPropertyName - Header"), 0): Element 'Object Repository/MayaHome/mayahome - MobileSpy 8/appTabPropertyName - Header' is present

2022-04-26 08:20:51 - [MESSAGE][WARNING] - Timeout '0' is invalid. Using default page load timeout: '20'

2022-04-26 08:20:51 - [MESSAGE][PASSED] - Element 'Object Repository/MayaHome/mayahome - MobileSpy 8/appTabPropertyName - Header' is present

2022-04-26 08:20:51 - [TEST_STEP][PASSED] - verifyElementVisible(findTestObject("MayaHome/mayahome - MobileSpy 8/appTabPropertyName - Header"), 0): Element 'Object Repository/MayaHome/mayahome - MobileSpy 8/appTabPropertyName - Header' is visible

2022-04-26 08:20:51 - [MESSAGE][WARNING] - Timeout '0' is invalid. Using default page load timeout: '20'

2022-04-26 08:20:51 - [MESSAGE][PASSED] - Element 'Object Repository/MayaHome/mayahome - MobileSpy 8/appTabPropertyName - Header' is visible

2022-04-26 08:20:51 - [TEST_STEP][PASSED] - getText(findTestObject("MayaHome/mayahome - MobileSpy 8/appTabPropertyName - Header"), 0): Text of element 'Object Repository/MayaHome/mayahome - MobileSpy 8/appTabPropertyName - Header' is: 'Property financing amount'

2022-04-26 08:20:51 - [MESSAGE][WARNING] - Timeout '0' is invalid. Using default page load timeout: '20'

2022-04-26 08:20:51 - [MESSAGE][PASSED] - Text of element 'Object Repository/MayaHome/mayahome - MobileSpy 8/appTabPropertyName - Header' is: 'Property financing amount'

2022-04-26 08:20:51 - [TEST_STEP][PASSED] - verifyElementVisible(findTestObject("MayaHome/mayahome - MobileSpy 7/verifyUnitNoAIP - Header"), 0): Element 'Object Repository/MayaHome/mayahome - MobileSpy 7/verifyUnitNoAIP - Header' is visible

2022-04-26 08:20:51 - [MESSAGE][WARNING] - Timeout '0' is invalid. Using default page load timeout: '20'

2022-04-26 08:20:55 - [MESSAGE][PASSED] - Element 'Object Repository/MayaHome/mayahome - MobileSpy 7/verifyUnitNoAIP - Header' is visible

2022-04-26 08:20:55 - [TEST_STEP][PASSED] - verifyElementVisible(findTestObject("MayaHome/mayahome - MobileSpy 7/verifyStatusApplicationSuccessfullAIP - Header"), 0): Element 'Object Repository/MayaHome/mayahome - MobileSpy 7/verifyStatusApplicationSuccessfullAIP - Header' is visible

2022-04-26 08:20:55 - [MESSAGE][WARNING] - Timeout '0' is invalid. Using default page load timeout: '20'

2022-04-26 08:20:55 - [MESSAGE][PASSED] - Element 'Object Repository/MayaHome/mayahome - MobileSpy 7/verifyStatusApplicationSuccessfullAIP - Header' is visible

2022-04-26 08:20:55 - [TEST_STEP][PASSED] - getText(findTestObject("MayaHome/mayahome - MobileSpy 7/verifyStatusApplicationSuccessfullAIP - Header"), 0): Text of element 'Object Repository/MayaHome/mayahome - MobileSpy 7/verifyStatusApplicationSuccessfullAIP - Header' is: 'Your application is successful.'

2022-04-26 08:20:55 - [MESSAGE][WARNING] - Timeout '0' is invalid. Using default page load timeout: '20'

2022-04-26 08:20:55 - [MESSAGE][PASSED] - Text of element 'Object Repository/MayaHome/mayahome - MobileSpy 7/verifyStatusApplicationSuccessfullAIP - Header' is: 'Your application is successful.'

2022-04-26 08:20:55 - [MESSAGE][PASSED] - Call Test Case 'Test Cases/MayaHome/mayahome_AIPsubmission' successfully

2022-04-26 08:20:55 - [TEST_STEP][FAILED] - if (verifyElementVisible(findTestObject("MayaHome/mayahome - MobileSpy 2/successAppliedOkay - Btn"), 0)): Failed to check for element 'Object Repository/MayaHome/mayahome - MobileSpy 2/successAppliedOkay - Btn' visible (Root cause: com.kms.katalon.core.exception.StepFailedException: Element 'Object Repository/MayaHome/mayahome - MobileSpy 2/successAppliedOkay - Btn' not found
	at com.kms.katalon.core.keyword.internal.KeywordMain.stepFailed(KeywordMain.groovy:50)
	at com.kms.katalon.core.mobile.keyword.internal.MobileKeywordMain.stepFailed(MobileKeywordMain.groovy:40)
	at com.kms.katalon.core.mobile.keyword.builtin.VerifyElementVisibleKeyword$_verifyElementVisible_closure1.doCall(VerifyElementVisibleKeyword.groovy:82)
	at com.kms.katalon.core.mobile.keyword.builtin.VerifyElementVisibleKeyword$_verifyElementVisible_closure1.call(VerifyElementVisibleKeyword.groovy)
	at com.kms.katalon.core.mobile.keyword.internal.MobileKeywordMain.runKeyword(MobileKeywordMain.groovy:21)
	at com.kms.katalon.core.mobile.keyword.builtin.VerifyElementVisibleKeyword.verifyElementVisible(VerifyElementVisibleKeyword.groovy:85)
	at com.kms.katalon.core.mobile.keyword.builtin.VerifyElementVisibleKeyword.execute(VerifyElementVisibleKeyword.groovy:64)
	at com.kms.katalon.core.keyword.internal.KeywordExecutor.executeKeywordForPlatform(KeywordExecutor.groovy:74)
	at com.kms.katalon.core.mobile.keyword.MobileBuiltInKeywords.verifyElementVisible(MobileBuiltInKeywords.groovy:1896)
	at com.kms.katalon.core.mobile.keyword.MobileBuiltInKeywords$verifyElementVisible$10.call(Unknown Source)
	at mayahome_CEReviewApplication.run(mayahome_CEReviewApplication:251)
	at com.kms.katalon.core.main.ScriptEngine.run(ScriptEngine.java:194)
	at com.kms.katalon.core.main.ScriptEngine.runScriptAsRawText(ScriptEngine.java:119)
	at com.kms.katalon.core.main.TestCaseExecutor.runScript(TestCaseExecutor.java:442)
	at com.kms.katalon.core.main.TestCaseExecutor.doExecute(TestCaseExecutor.java:433)
	at com.kms.katalon.core.main.TestCaseExecutor.processExecutionPhase(TestCaseExecutor.java:412)
	at com.kms.katalon.core.main.TestCaseExecutor.accessMainPhase(TestCaseExecutor.java:404)
	at com.kms.katalon.core.main.TestCaseExecutor.execute(TestCaseExecutor.java:281)
	at com.kms.katalon.core.main.TestSuiteExecutor.accessTestCaseMainPhase(TestSuiteExecutor.java:202)
	at com.kms.katalon.core.main.TestSuiteExecutor.accessTestSuiteMainPhase(TestSuiteExecutor.java:164)
	at com.kms.katalon.core.main.TestSuiteExecutor.execute(TestSuiteExecutor.java:105)
	at com.kms.katalon.core.main.TestCaseMain.startTestSuite(TestCaseMain.java:181)
	at com.kms.katalon.core.main.TestCaseMain$startTestSuite$0.call(Unknown Source)
	at TempTestSuite1650931966467.run(TempTestSuite1650931966467.groovy:36)
)

2022-04-26 08:20:55 - [MESSAGE][WARNING] - Timeout '0' is invalid. Using default page load timeout: '20'

2022-04-26 08:21:16 - [MESSAGE][FAILED] - Element 'Object Repository/MayaHome/mayahome - MobileSpy 2/successAppliedOkay - Btn' not found

2022-04-26 08:21:16 - [MESSAGE][FAILED] - Failed to check for element 'Object Repository/MayaHome/mayahome - MobileSpy 2/successAppliedOkay - Btn' visible (Root cause: com.kms.katalon.core.exception.StepFailedException: Element 'Object Repository/MayaHome/mayahome - MobileSpy 2/successAppliedOkay - Btn' not found
	at com.kms.katalon.core.keyword.internal.KeywordMain.stepFailed(KeywordMain.groovy:50)
	at com.kms.katalon.core.mobile.keyword.internal.MobileKeywordMain.stepFailed(MobileKeywordMain.groovy:40)
	at com.kms.katalon.core.mobile.keyword.builtin.VerifyElementVisibleKeyword$_verifyElementVisible_closure1.doCall(VerifyElementVisibleKeyword.groovy:82)
	at com.kms.katalon.core.mobile.keyword.builtin.VerifyElementVisibleKeyword$_verifyElementVisible_closure1.call(VerifyElementVisibleKeyword.groovy)
	at com.kms.katalon.core.mobile.keyword.internal.MobileKeywordMain.runKeyword(MobileKeywordMain.groovy:21)
	at com.kms.katalon.core.mobile.keyword.builtin.VerifyElementVisibleKeyword.verifyElementVisible(VerifyElementVisibleKeyword.groovy:85)
	at com.kms.katalon.core.mobile.keyword.builtin.VerifyElementVisibleKeyword.execute(VerifyElementVisibleKeyword.groovy:64)
	at com.kms.katalon.core.keyword.internal.KeywordExecutor.executeKeywordForPlatform(KeywordExecutor.groovy:74)
	at com.kms.katalon.core.mobile.keyword.MobileBuiltInKeywords.verifyElementVisible(MobileBuiltInKeywords.groovy:1896)
	at com.kms.katalon.core.mobile.keyword.MobileBuiltInKeywords$verifyElementVisible$10.call(Unknown Source)
	at mayahome_CEReviewApplication.run(mayahome_CEReviewApplication:251)
	at com.kms.katalon.core.main.ScriptEngine.run(ScriptEngine.java:194)
	at com.kms.katalon.core.main.ScriptEngine.runScriptAsRawText(ScriptEngine.java:119)
	at com.kms.katalon.core.main.TestCaseExecutor.runScript(TestCaseExecutor.java:442)
	at com.kms.katalon.core.main.TestCaseExecutor.doExecute(TestCaseExecutor.java:433)
	at com.kms.katalon.core.main.TestCaseExecutor.processExecutionPhase(TestCaseExecutor.java:412)
	at com.kms.katalon.core.main.TestCaseExecutor.accessMainPhase(TestCaseExecutor.java:404)
	at com.kms.katalon.core.main.TestCaseExecutor.execute(TestCaseExecutor.java:281)
	at com.kms.katalon.core.main.TestSuiteExecutor.accessTestCaseMainPhase(TestSuiteExecutor.java:202)
	at com.kms.katalon.core.main.TestSuiteExecutor.accessTestSuiteMainPhase(TestSuiteExecutor.java:164)
	at com.kms.katalon.core.main.TestSuiteExecutor.execute(TestSuiteExecutor.java:105)
	at com.kms.katalon.core.main.TestCaseMain.startTestSuite(TestCaseMain.java:181)
	at com.kms.katalon.core.main.TestCaseMain$startTestSuite$0.call(Unknown Source)
	at TempTestSuite1650931966467.run(TempTestSuite1650931966467.groovy:36)
)]]></system-out>
         <system-err><![CDATA[2022-04-26 08:14:50 - [TEST_CASE][FAILED] - Test Cases/MayaHome/mayahome_CEReviewApplication: Test Cases/MayaHome/mayahome_CEReviewApplication FAILED.
Reason:
com.kms.katalon.core.exception.StepFailedException: Element 'Object Repository/MayaHome/mayahome - MobileSpy 2/successAppliedOkay - Btn' not found
	at com.kms.katalon.core.keyword.internal.KeywordMain.stepFailed(KeywordMain.groovy:50)
	at com.kms.katalon.core.mobile.keyword.internal.MobileKeywordMain.stepFailed(MobileKeywordMain.groovy:40)
	at com.kms.katalon.core.mobile.keyword.builtin.VerifyElementVisibleKeyword$_verifyElementVisible_closure1.doCall(VerifyElementVisibleKeyword.groovy:82)
	at com.kms.katalon.core.mobile.keyword.builtin.VerifyElementVisibleKeyword$_verifyElementVisible_closure1.call(VerifyElementVisibleKeyword.groovy)
	at com.kms.katalon.core.mobile.keyword.internal.MobileKeywordMain.runKeyword(MobileKeywordMain.groovy:21)
	at com.kms.katalon.core.mobile.keyword.builtin.VerifyElementVisibleKeyword.verifyElementVisible(VerifyElementVisibleKeyword.groovy:85)
	at com.kms.katalon.core.mobile.keyword.builtin.VerifyElementVisibleKeyword.execute(VerifyElementVisibleKeyword.groovy:64)
	at com.kms.katalon.core.keyword.internal.KeywordExecutor.executeKeywordForPlatform(KeywordExecutor.groovy:74)
	at com.kms.katalon.core.mobile.keyword.MobileBuiltInKeywords.verifyElementVisible(MobileBuiltInKeywords.groovy:1896)
	at com.kms.katalon.core.mobile.keyword.MobileBuiltInKeywords$verifyElementVisible$10.call(Unknown Source)
	at mayahome_CEReviewApplication.run(mayahome_CEReviewApplication:251)
	at com.kms.katalon.core.main.ScriptEngine.run(ScriptEngine.java:194)
	at com.kms.katalon.core.main.ScriptEngine.runScriptAsRawText(ScriptEngine.java:119)
	at com.kms.katalon.core.main.TestCaseExecutor.runScript(TestCaseExecutor.java:442)
	at com.kms.katalon.core.main.TestCaseExecutor.doExecute(TestCaseExecutor.java:433)
	at com.kms.katalon.core.main.TestCaseExecutor.processExecutionPhase(TestCaseExecutor.java:412)
	at com.kms.katalon.core.main.TestCaseExecutor.accessMainPhase(TestCaseExecutor.java:404)
	at com.kms.katalon.core.main.TestCaseExecutor.execute(TestCaseExecutor.java:281)
	at com.kms.katalon.core.main.TestSuiteExecutor.accessTestCaseMainPhase(TestSuiteExecutor.java:202)
	at com.kms.katalon.core.main.TestSuiteExecutor.accessTestSuiteMainPhase(TestSuiteExecutor.java:164)
	at com.kms.katalon.core.main.TestSuiteExecutor.execute(TestSuiteExecutor.java:105)
	at com.kms.katalon.core.main.TestCaseMain.startTestSuite(TestCaseMain.java:181)
	at com.kms.katalon.core.main.TestCaseMain$startTestSuite$0.call(Unknown Source)
	at TempTestSuite1650931966467.run(TempTestSuite1650931966467.groovy:36)]]></system-err>
      </testcase>
      <system-out><![CDATA[2022-04-26 08:12:56 - [TEST_SUITE][FAILED] - Maya Home: Test Cases/MayaHome/mayahome_CEReviewApplication FAILED.
Reason:
com.kms.katalon.core.exception.StepFailedException: Element 'Object Repository/MayaHome/mayahome - MobileSpy 2/successAppliedOkay - Btn' not found
	at com.kms.katalon.core.keyword.internal.KeywordMain.stepFailed(KeywordMain.groovy:50)
	at com.kms.katalon.core.mobile.keyword.internal.MobileKeywordMain.stepFailed(MobileKeywordMain.groovy:40)
	at com.kms.katalon.core.mobile.keyword.builtin.VerifyElementVisibleKeyword$_verifyElementVisible_closure1.doCall(VerifyElementVisibleKeyword.groovy:82)
	at com.kms.katalon.core.mobile.keyword.builtin.VerifyElementVisibleKeyword$_verifyElementVisible_closure1.call(VerifyElementVisibleKeyword.groovy)
	at com.kms.katalon.core.mobile.keyword.internal.MobileKeywordMain.runKeyword(MobileKeywordMain.groovy:21)
	at com.kms.katalon.core.mobile.keyword.builtin.VerifyElementVisibleKeyword.verifyElementVisible(VerifyElementVisibleKeyword.groovy:85)
	at com.kms.katalon.core.mobile.keyword.builtin.VerifyElementVisibleKeyword.execute(VerifyElementVisibleKeyword.groovy:64)
	at com.kms.katalon.core.keyword.internal.KeywordExecutor.executeKeywordForPlatform(KeywordExecutor.groovy:74)
	at com.kms.katalon.core.mobile.keyword.MobileBuiltInKeywords.verifyElementVisible(MobileBuiltInKeywords.groovy:1896)
	at com.kms.katalon.core.mobile.keyword.MobileBuiltInKeywords$verifyElementVisible$10.call(Unknown Source)
	at mayahome_CEReviewApplication.run(mayahome_CEReviewApplication:251)
	at com.kms.katalon.core.main.ScriptEngine.run(ScriptEngine.java:194)
	at com.kms.katalon.core.main.ScriptEngine.runScriptAsRawText(ScriptEngine.java:119)
	at com.kms.katalon.core.main.TestCaseExecutor.runScript(TestCaseExecutor.java:442)
	at com.kms.katalon.core.main.TestCaseExecutor.doExecute(TestCaseExecutor.java:433)
	at com.kms.katalon.core.main.TestCaseExecutor.processExecutionPhase(TestCaseExecutor.java:412)
	at com.kms.katalon.core.main.TestCaseExecutor.accessMainPhase(TestCaseExecutor.java:404)
	at com.kms.katalon.core.main.TestCaseExecutor.execute(TestCaseExecutor.java:281)
	at com.kms.katalon.core.main.TestSuiteExecutor.accessTestCaseMainPhase(TestSuiteExecutor.java:202)
	at com.kms.katalon.core.main.TestSuiteExecutor.accessTestSuiteMainPhase(TestSuiteExecutor.java:164)
	at com.kms.katalon.core.main.TestSuiteExecutor.execute(TestSuiteExecutor.java:105)
	at com.kms.katalon.core.main.TestCaseMain.startTestSuite(TestCaseMain.java:181)
	at com.kms.katalon.core.main.TestCaseMain$startTestSuite$0.call(Unknown Source)
	at TempTestSuite1650931966467.run(TempTestSuite1650931966467.groovy:36)]]></system-out>
      <system-err><![CDATA[2022-04-26 08:12:56 - [TEST_SUITE][FAILED] - Maya Home: Test Cases/MayaHome/mayahome_CEReviewApplication FAILED.
Reason:
com.kms.katalon.core.exception.StepFailedException: Element 'Object Repository/MayaHome/mayahome - MobileSpy 2/successAppliedOkay - Btn' not found
	at com.kms.katalon.core.keyword.internal.KeywordMain.stepFailed(KeywordMain.groovy:50)
	at com.kms.katalon.core.mobile.keyword.internal.MobileKeywordMain.stepFailed(MobileKeywordMain.groovy:40)
	at com.kms.katalon.core.mobile.keyword.builtin.VerifyElementVisibleKeyword$_verifyElementVisible_closure1.doCall(VerifyElementVisibleKeyword.groovy:82)
	at com.kms.katalon.core.mobile.keyword.builtin.VerifyElementVisibleKeyword$_verifyElementVisible_closure1.call(VerifyElementVisibleKeyword.groovy)
	at com.kms.katalon.core.mobile.keyword.internal.MobileKeywordMain.runKeyword(MobileKeywordMain.groovy:21)
	at com.kms.katalon.core.mobile.keyword.builtin.VerifyElementVisibleKeyword.verifyElementVisible(VerifyElementVisibleKeyword.groovy:85)
	at com.kms.katalon.core.mobile.keyword.builtin.VerifyElementVisibleKeyword.execute(VerifyElementVisibleKeyword.groovy:64)
	at com.kms.katalon.core.keyword.internal.KeywordExecutor.executeKeywordForPlatform(KeywordExecutor.groovy:74)
	at com.kms.katalon.core.mobile.keyword.MobileBuiltInKeywords.verifyElementVisible(MobileBuiltInKeywords.groovy:1896)
	at com.kms.katalon.core.mobile.keyword.MobileBuiltInKeywords$verifyElementVisible$10.call(Unknown Source)
	at mayahome_CEReviewApplication.run(mayahome_CEReviewApplication:251)
	at com.kms.katalon.core.main.ScriptEngine.run(ScriptEngine.java:194)
	at com.kms.katalon.core.main.ScriptEngine.runScriptAsRawText(ScriptEngine.java:119)
	at com.kms.katalon.core.main.TestCaseExecutor.runScript(TestCaseExecutor.java:442)
	at com.kms.katalon.core.main.TestCaseExecutor.doExecute(TestCaseExecutor.java:433)
	at com.kms.katalon.core.main.TestCaseExecutor.processExecutionPhase(TestCaseExecutor.java:412)
	at com.kms.katalon.core.main.TestCaseExecutor.accessMainPhase(TestCaseExecutor.java:404)
	at com.kms.katalon.core.main.TestCaseExecutor.execute(TestCaseExecutor.java:281)
	at com.kms.katalon.core.main.TestSuiteExecutor.accessTestCaseMainPhase(TestSuiteExecutor.java:202)
	at com.kms.katalon.core.main.TestSuiteExecutor.accessTestSuiteMainPhase(TestSuiteExecutor.java:164)
	at com.kms.katalon.core.main.TestSuiteExecutor.execute(TestSuiteExecutor.java:105)
	at com.kms.katalon.core.main.TestCaseMain.startTestSuite(TestCaseMain.java:181)
	at com.kms.katalon.core.main.TestCaseMain$startTestSuite$0.call(Unknown Source)
	at TempTestSuite1650931966467.run(TempTestSuite1650931966467.groovy:36)]]></system-err>
   </testsuite>
</testsuites>
